[0.229s] DEBUG:colcon:Command line arguments: ['/usr/bin/colcon', 'build']
[0.229s] DEBUG:colcon:Parsed command line arguments: Namespace(log_base=None, log_level=None, verb_name='build', build_base='build', install_base='install', merge_install=False, symlink_install=False, test_result_base=None, continue_on_error=False, executor='parallel', parallel_workers=16, event_handlers=None, ignore_user_meta=False, metas=['./colcon.meta'], base_paths=['.'], packages_ignore=None, packages_ignore_regex=None, paths=None, packages_up_to=None, packages_up_to_regex=None, packages_above=None, packages_above_and_dependencies=None, packages_above_depth=None, packages_select_by_dep=None, packages_skip_by_dep=None, packages_skip_up_to=None, packages_select_build_failed=False, packages_skip_build_finished=False, packages_select_test_failures=False, packages_skip_test_passed=False, packages_select=None, packages_skip=None, packages_select_regex=None, packages_skip_regex=None, packages_start=None, packages_end=None, allow_overriding=[], cmake_args=None, cmake_target=None, cmake_target_skip_unavailable=False, cmake_clean_cache=False, cmake_clean_first=False, cmake_force_configure=False, ament_cmake_args=None, catkin_cmake_args=None, catkin_skip_building_tests=False, mixin_files=None, mixin=None, verb_parser=<colcon_mixin.mixin.mixin_argument.MixinArgumentDecorator object at 0x7b003ae98250>, verb_extension=<colcon_core.verb.build.BuildVerb object at 0x7b003ae63be0>, main=<bound method BuildVerb.main of <colcon_core.verb.build.BuildVerb object at 0x7b003ae63be0>>, mixin_verb=('build',))
[0.499s] Level 1:colcon.colcon_core.package_discovery:discover_packages(colcon_meta) check parameters
[0.499s] Level 1:colcon.colcon_core.package_discovery:discover_packages(recursive) check parameters
[0.499s] Level 1:colcon.colcon_core.package_discovery:discover_packages(ignore) check parameters
[0.499s] Level 1:colcon.colcon_core.package_discovery:discover_packages(path) check parameters
[0.499s] Level 1:colcon.colcon_core.package_discovery:discover_packages(colcon_meta) discover
[0.499s] Level 1:colcon.colcon_core.package_discovery:discover_packages(recursive) discover
[0.499s] INFO:colcon.colcon_core.package_discovery:Crawling recursively for packages in '/home/humberto/ros2_ws'
[0.499s] Level 1:colcon.colcon_core.package_identification:_identify(.) by extensions ['ignore', 'ignore_ament_install']
[0.499s] Level 1:colcon.colcon_core.package_identification:_identify(.) by extension 'ignore'
[0.499s] Level 1:colcon.colcon_core.package_identification:_identify(.) by extension 'ignore_ament_install'
[0.499s] Level 1:colcon.colcon_core.package_identification:_identify(.) by extensions ['colcon_pkg']
[0.499s] Level 1:colcon.colcon_core.package_identification:_identify(.) by extension 'colcon_pkg'
[0.499s] Level 1:colcon.colcon_core.package_identification:_identify(.) by extensions ['colcon_meta']
[0.499s] Level 1:colcon.colcon_core.package_identification:_identify(.) by extension 'colcon_meta'
[0.499s] Level 1:colcon.colcon_core.package_identification:_identify(.) by extensions ['ros']
[0.499s] Level 1:colcon.colcon_core.package_identification:_identify(.) by extension 'ros'
[0.512s] Level 1:colcon.colcon_core.package_identification:_identify(.) by extensions ['cmake', 'python']
[0.512s] Level 1:colcon.colcon_core.package_identification:_identify(.) by extension 'cmake'
[0.512s] Level 1:colcon.colcon_core.package_identification:_identify(.) by extension 'python'
[0.512s] Level 1:colcon.colcon_core.package_identification:_identify(.) by extensions ['python_setup_py']
[0.512s] Level 1:colcon.colcon_core.package_identification:_identify(.) by extension 'python_setup_py'
[0.512s] Level 1:colcon.colcon_core.package_identification:_identify(build) by extensions ['ignore', 'ignore_ament_install']
[0.512s] Level 1:colcon.colcon_core.package_identification:_identify(build) by extension 'ignore'
[0.512s] Level 1:colcon.colcon_core.package_identification:_identify(build) ignored
[0.512s] Level 1:colcon.colcon_core.package_identification:_identify(install) by extensions ['ignore', 'ignore_ament_install']
[0.512s] Level 1:colcon.colcon_core.package_identification:_identify(install) by extension 'ignore'
[0.512s] Level 1:colcon.colcon_core.package_identification:_identify(install) ignored
[0.512s] Level 1:colcon.colcon_core.package_identification:_identify(log) by extensions ['ignore', 'ignore_ament_install']
[0.512s] Level 1:colcon.colcon_core.package_identification:_identify(log) by extension 'ignore'
[0.512s] Level 1:colcon.colcon_core.package_identification:_identify(log) ignored
[0.512s] Level 1:colcon.colcon_core.package_identification:_identify(my_package) by extensions ['ignore', 'ignore_ament_install']
[0.513s] Level 1:colcon.colcon_core.package_identification:_identify(my_package) by extension 'ignore'
[0.513s] Level 1:colcon.colcon_core.package_identification:_identify(my_package) by extension 'ignore_ament_install'
[0.513s] Level 1:colcon.colcon_core.package_identification:_identify(my_package) by extensions ['colcon_pkg']
[0.513s] Level 1:colcon.colcon_core.package_identification:_identify(my_package) by extension 'colcon_pkg'
[0.513s] Level 1:colcon.colcon_core.package_identification:_identify(my_package) by extensions ['colcon_meta']
[0.513s] Level 1:colcon.colcon_core.package_identification:_identify(my_package) by extension 'colcon_meta'
[0.513s] Level 1:colcon.colcon_core.package_identification:_identify(my_package) by extensions ['ros']
[0.513s] Level 1:colcon.colcon_core.package_identification:_identify(my_package) by extension 'ros'
[0.515s] DEBUG:colcon.colcon_core.package_identification:Package 'my_package' with type 'ros.ament_cmake' and name 'my_package'
[0.515s] Level 1:colcon.colcon_core.package_identification:_identify(src) by extensions ['ignore', 'ignore_ament_install']
[0.515s] Level 1:colcon.colcon_core.package_identification:_identify(src) by extension 'ignore'
[0.515s] Level 1:colcon.colcon_core.package_identification:_identify(src) by extension 'ignore_ament_install'
[0.515s] Level 1:colcon.colcon_core.package_identification:_identify(src) by extensions ['colcon_pkg']
[0.515s] Level 1:colcon.colcon_core.package_identification:_identify(src) by extension 'colcon_pkg'
[0.515s] Level 1:colcon.colcon_core.package_identification:_identify(src) by extensions ['colcon_meta']
[0.515s] Level 1:colcon.colcon_core.package_identification:_identify(src) by extension 'colcon_meta'
[0.515s] Level 1:colcon.colcon_core.package_identification:_identify(src) by extensions ['ros']
[0.515s] Level 1:colcon.colcon_core.package_identification:_identify(src) by extension 'ros'
[0.515s] Level 1:colcon.colcon_core.package_identification:_identify(src) by extensions ['cmake', 'python']
[0.515s] Level 1:colcon.colcon_core.package_identification:_identify(src) by extension 'cmake'
[0.516s] Level 1:colcon.colcon_core.package_identification:_identify(src) by extension 'python'
[0.516s] Level 1:colcon.colcon_core.package_identification:_identify(src) by extensions ['python_setup_py']
[0.516s] Level 1:colcon.colcon_core.package_identification:_identify(src) by extension 'python_setup_py'
[0.516s] Level 1:colcon.colcon_core.package_identification:_identify(src/basic_comms) by extensions ['ignore', 'ignore_ament_install']
[0.516s] Level 1:colcon.colcon_core.package_identification:_identify(src/basic_comms) by extension 'ignore'
[0.516s] Level 1:colcon.colcon_core.package_identification:_identify(src/basic_comms) by extension 'ignore_ament_install'
[0.516s] Level 1:colcon.colcon_core.package_identification:_identify(src/basic_comms) by extensions ['colcon_pkg']
[0.516s] Level 1:colcon.colcon_core.package_identification:_identify(src/basic_comms) by extension 'colcon_pkg'
[0.516s] Level 1:colcon.colcon_core.package_identification:_identify(src/basic_comms) by extensions ['colcon_meta']
[0.516s] Level 1:colcon.colcon_core.package_identification:_identify(src/basic_comms) by extension 'colcon_meta'
[0.516s] Level 1:colcon.colcon_core.package_identification:_identify(src/basic_comms) by extensions ['ros']
[0.516s] Level 1:colcon.colcon_core.package_identification:_identify(src/basic_comms) by extension 'ros'
[0.516s] DEBUG:colcon.colcon_core.package_identification:Package 'src/basic_comms' with type 'ros.ament_python' and name 'basic_comms'
[0.517s] Level 1:colcon.colcon_core.package_identification:_identify(src/ros_tutorials) by extensions ['ignore', 'ignore_ament_install']
[0.517s] Level 1:colcon.colcon_core.package_identification:_identify(src/ros_tutorials) by extension 'ignore'
[0.517s] Level 1:colcon.colcon_core.package_identification:_identify(src/ros_tutorials) by extension 'ignore_ament_install'
[0.517s] Level 1:colcon.colcon_core.package_identification:_identify(src/ros_tutorials) by extensions ['colcon_pkg']
[0.517s] Level 1:colcon.colcon_core.package_identification:_identify(src/ros_tutorials) by extension 'colcon_pkg'
[0.517s] Level 1:colcon.colcon_core.package_identification:_identify(src/ros_tutorials) by extensions ['colcon_meta']
[0.517s] Level 1:colcon.colcon_core.package_identification:_identify(src/ros_tutorials) by extension 'colcon_meta'
[0.517s] Level 1:colcon.colcon_core.package_identification:_identify(src/ros_tutorials) by extensions ['ros']
[0.517s] Level 1:colcon.colcon_core.package_identification:_identify(src/ros_tutorials) by extension 'ros'
[0.517s] Level 1:colcon.colcon_core.package_identification:_identify(src/ros_tutorials) by extensions ['cmake', 'python']
[0.517s] Level 1:colcon.colcon_core.package_identification:_identify(src/ros_tutorials) by extension 'cmake'
[0.517s] Level 1:colcon.colcon_core.package_identification:_identify(src/ros_tutorials) by extension 'python'
[0.517s] Level 1:colcon.colcon_core.package_identification:_identify(src/ros_tutorials) by extensions ['python_setup_py']
[0.517s] Level 1:colcon.colcon_core.package_identification:_identify(src/ros_tutorials) by extension 'python_setup_py'
[0.517s] Level 1:colcon.colcon_core.package_identification:_identify(src/ros_tutorials/ros_tutorials) by extensions ['ignore', 'ignore_ament_install']
[0.517s] Level 1:colcon.colcon_core.package_identification:_identify(src/ros_tutorials/ros_tutorials) by extension 'ignore'
[0.517s] Level 1:colcon.colcon_core.package_identification:_identify(src/ros_tutorials/ros_tutorials) ignored
[0.518s] Level 1:colcon.colcon_core.package_identification:_identify(src/ros_tutorials/roscpp_tutorials) by extensions ['ignore', 'ignore_ament_install']
[0.518s] Level 1:colcon.colcon_core.package_identification:_identify(src/ros_tutorials/roscpp_tutorials) by extension 'ignore'
[0.518s] Level 1:colcon.colcon_core.package_identification:_identify(src/ros_tutorials/roscpp_tutorials) ignored
[0.518s] Level 1:colcon.colcon_core.package_identification:_identify(src/ros_tutorials/rospy_tutorials) by extensions ['ignore', 'ignore_ament_install']
[0.518s] Level 1:colcon.colcon_core.package_identification:_identify(src/ros_tutorials/rospy_tutorials) by extension 'ignore'
[0.518s] Level 1:colcon.colcon_core.package_identification:_identify(src/ros_tutorials/rospy_tutorials) ignored
[0.518s] Level 1:colcon.colcon_core.package_identification:_identify(src/ros_tutorials/turtlesim) by extensions ['ignore', 'ignore_ament_install']
[0.518s] Level 1:colcon.colcon_core.package_identification:_identify(src/ros_tutorials/turtlesim) by extension 'ignore'
[0.518s] Level 1:colcon.colcon_core.package_identification:_identify(src/ros_tutorials/turtlesim) by extension 'ignore_ament_install'
[0.518s] Level 1:colcon.colcon_core.package_identification:_identify(src/ros_tutorials/turtlesim) by extensions ['colcon_pkg']
[0.518s] Level 1:colcon.colcon_core.package_identification:_identify(src/ros_tutorials/turtlesim) by extension 'colcon_pkg'
[0.518s] Level 1:colcon.colcon_core.package_identification:_identify(src/ros_tutorials/turtlesim) by extensions ['colcon_meta']
[0.518s] Level 1:colcon.colcon_core.package_identification:_identify(src/ros_tutorials/turtlesim) by extension 'colcon_meta'
[0.518s] Level 1:colcon.colcon_core.package_identification:_identify(src/ros_tutorials/turtlesim) by extensions ['ros']
[0.518s] Level 1:colcon.colcon_core.package_identification:_identify(src/ros_tutorials/turtlesim) by extension 'ros'
[0.519s] DEBUG:colcon.colcon_core.package_identification:Package 'src/ros_tutorials/turtlesim' with type 'ros.ament_cmake' and name 'turtlesim'
[0.520s] Level 1:colcon.colcon_core.package_discovery:discover_packages(recursive) using defaults
[0.520s] Level 1:colcon.colcon_core.package_discovery:discover_packages(ignore) discover
[0.520s] Level 1:colcon.colcon_core.package_discovery:discover_packages(ignore) using defaults
[0.520s] Level 1:colcon.colcon_core.package_discovery:discover_packages(path) discover
[0.520s] Level 1:colcon.colcon_core.package_discovery:discover_packages(path) using defaults
[0.557s] Level 1:colcon.colcon_core.package_discovery:discover_packages(prefix_path) check parameters
[0.557s] Level 1:colcon.colcon_core.package_discovery:discover_packages(prefix_path) discover
[0.575s] DEBUG:colcon.colcon_installed_package_information.package_discovery:Found 346 installed packages in /home/humberto/ros2_humble/install
[0.577s] Level 1:colcon.colcon_core.package_discovery:discover_packages(prefix_path) using defaults
[0.775s] Level 5:colcon.colcon_core.verb:set package 'basic_comms' build argument 'cmake_args' from command line to 'None'
[0.775s] Level 5:colcon.colcon_core.verb:set package 'basic_comms' build argument 'cmake_target' from command line to 'None'
[0.775s] Level 5:colcon.colcon_core.verb:set package 'basic_comms' build argument 'cmake_target_skip_unavailable' from command line to 'False'
[0.775s] Level 5:colcon.colcon_core.verb:set package 'basic_comms' build argument 'cmake_clean_cache' from command line to 'False'
[0.775s] Level 5:colcon.colcon_core.verb:set package 'basic_comms' build argument 'cmake_clean_first' from command line to 'False'
[0.775s] Level 5:colcon.colcon_core.verb:set package 'basic_comms' build argument 'cmake_force_configure' from command line to 'False'
[0.775s] Level 5:colcon.colcon_core.verb:set package 'basic_comms' build argument 'ament_cmake_args' from command line to 'None'
[0.775s] Level 5:colcon.colcon_core.verb:set package 'basic_comms' build argument 'catkin_cmake_args' from command line to 'None'
[0.775s] Level 5:colcon.colcon_core.verb:set package 'basic_comms' build argument 'catkin_skip_building_tests' from command line to 'False'
[0.775s] DEBUG:colcon.colcon_core.verb:Building package 'basic_comms' with the following arguments: {'ament_cmake_args': None, 'build_base': '/home/humberto/ros2_ws/build/basic_comms', 'catkin_cmake_args': None, 'catkin_skip_building_tests': False, 'cmake_args': None, 'cmake_clean_cache': False, 'cmake_clean_first': False, 'cmake_force_configure': False, 'cmake_target': None, 'cmake_target_skip_unavailable': False, 'install_base': '/home/humberto/ros2_ws/install/basic_comms', 'merge_install': False, 'path': '/home/humberto/ros2_ws/src/basic_comms', 'symlink_install': False, 'test_result_base': None}
[0.776s] Level 5:colcon.colcon_core.verb:set package 'my_package' build argument 'cmake_args' from command line to 'None'
[0.776s] Level 5:colcon.colcon_core.verb:set package 'my_package' build argument 'cmake_target' from command line to 'None'
[0.776s] Level 5:colcon.colcon_core.verb:set package 'my_package' build argument 'cmake_target_skip_unavailable' from command line to 'False'
[0.776s] Level 5:colcon.colcon_core.verb:set package 'my_package' build argument 'cmake_clean_cache' from command line to 'False'
[0.776s] Level 5:colcon.colcon_core.verb:set package 'my_package' build argument 'cmake_clean_first' from command line to 'False'
[0.776s] Level 5:colcon.colcon_core.verb:set package 'my_package' build argument 'cmake_force_configure' from command line to 'False'
[0.776s] Level 5:colcon.colcon_core.verb:set package 'my_package' build argument 'ament_cmake_args' from command line to 'None'
[0.776s] Level 5:colcon.colcon_core.verb:set package 'my_package' build argument 'catkin_cmake_args' from command line to 'None'
[0.776s] Level 5:colcon.colcon_core.verb:set package 'my_package' build argument 'catkin_skip_building_tests' from command line to 'False'
[0.776s] DEBUG:colcon.colcon_core.verb:Building package 'my_package' with the following arguments: {'ament_cmake_args': None, 'build_base': '/home/humberto/ros2_ws/build/my_package', 'catkin_cmake_args': None, 'catkin_skip_building_tests': False, 'cmake_args': None, 'cmake_clean_cache': False, 'cmake_clean_first': False, 'cmake_force_configure': False, 'cmake_target': None, 'cmake_target_skip_unavailable': False, 'install_base': '/home/humberto/ros2_ws/install/my_package', 'merge_install': False, 'path': '/home/humberto/ros2_ws/my_package', 'symlink_install': False, 'test_result_base': None}
[0.776s] Level 5:colcon.colcon_core.verb:set package 'turtlesim' build argument 'cmake_args' from command line to 'None'
[0.776s] Level 5:colcon.colcon_core.verb:set package 'turtlesim' build argument 'cmake_target' from command line to 'None'
[0.776s] Level 5:colcon.colcon_core.verb:set package 'turtlesim' build argument 'cmake_target_skip_unavailable' from command line to 'False'
[0.776s] Level 5:colcon.colcon_core.verb:set package 'turtlesim' build argument 'cmake_clean_cache' from command line to 'False'
[0.776s] Level 5:colcon.colcon_core.verb:set package 'turtlesim' build argument 'cmake_clean_first' from command line to 'False'
[0.776s] Level 5:colcon.colcon_core.verb:set package 'turtlesim' build argument 'cmake_force_configure' from command line to 'False'
[0.776s] Level 5:colcon.colcon_core.verb:set package 'turtlesim' build argument 'ament_cmake_args' from command line to 'None'
[0.776s] Level 5:colcon.colcon_core.verb:set package 'turtlesim' build argument 'catkin_cmake_args' from command line to 'None'
[0.776s] Level 5:colcon.colcon_core.verb:set package 'turtlesim' build argument 'catkin_skip_building_tests' from command line to 'False'
[0.776s] DEBUG:colcon.colcon_core.verb:Building package 'turtlesim' with the following arguments: {'ament_cmake_args': None, 'build_base': '/home/humberto/ros2_ws/build/turtlesim', 'catkin_cmake_args': None, 'catkin_skip_building_tests': False, 'cmake_args': None, 'cmake_clean_cache': False, 'cmake_clean_first': False, 'cmake_force_configure': False, 'cmake_target': None, 'cmake_target_skip_unavailable': False, 'install_base': '/home/humberto/ros2_ws/install/turtlesim', 'merge_install': False, 'path': '/home/humberto/ros2_ws/src/ros_tutorials/turtlesim', 'symlink_install': False, 'test_result_base': None}
[0.776s] INFO:colcon.colcon_core.executor:Executing jobs using 'parallel' executor
[0.777s] DEBUG:colcon.colcon_parallel_executor.executor.parallel:run_until_complete
[0.777s] INFO:colcon.colcon_ros.task.ament_python.build:Building ROS package in '/home/humberto/ros2_ws/src/basic_comms' with build type 'ament_python'
[0.777s] Level 1:colcon.colcon_core.shell:create_environment_hook('basic_comms', 'ament_prefix_path')
[0.783s] INFO:colcon.colcon_core.plugin_system:Skipping extension 'colcon_core.shell.bat': Not used on non-Windows systems
[0.783s] INFO:colcon.colcon_core.shell:Creating environment hook '/home/humberto/ros2_ws/install/basic_comms/share/basic_comms/hook/ament_prefix_path.ps1'
[0.784s] INFO:colcon.colcon_core.shell:Creating environment descriptor '/home/humberto/ros2_ws/install/basic_comms/share/basic_comms/hook/ament_prefix_path.dsv'
[0.785s] INFO:colcon.colcon_core.shell:Creating environment hook '/home/humberto/ros2_ws/install/basic_comms/share/basic_comms/hook/ament_prefix_path.sh'
[0.785s] INFO:colcon.colcon_core.shell:Skip shell extension 'powershell' for command environment: Not usable outside of PowerShell
[0.785s] DEBUG:colcon.colcon_core.shell:Skip shell extension 'dsv' for command environment
[0.804s] INFO:colcon.colcon_ros.task.ament_cmake.build:Building ROS package in '/home/humberto/ros2_ws/my_package' with build type 'ament_cmake'
[0.804s] INFO:colcon.colcon_cmake.task.cmake.build:Building CMake package in '/home/humberto/ros2_ws/my_package'
[0.804s] INFO:colcon.colcon_core.shell:Skip shell extension 'powershell' for command environment: Not usable outside of PowerShell
[0.804s] DEBUG:colcon.colcon_core.shell:Skip shell extension 'dsv' for command environment
[0.823s] INFO:colcon.colcon_ros.task.ament_cmake.build:Building ROS package in '/home/humberto/ros2_ws/src/ros_tutorials/turtlesim' with build type 'ament_cmake'
[0.823s] INFO:colcon.colcon_cmake.task.cmake.build:Building CMake package in '/home/humberto/ros2_ws/src/ros_tutorials/turtlesim'
[0.823s] INFO:colcon.colcon_core.shell:Skip shell extension 'powershell' for command environment: Not usable outside of PowerShell
[0.824s] DEBUG:colcon.colcon_core.shell:Skip shell extension 'dsv' for command environment
[1.288s] INFO:colcon.colcon_core.task.python.build:Building Python package in '/home/humberto/ros2_ws/src/basic_comms'
[1.288s] INFO:colcon.colcon_core.shell:Skip shell extension 'powershell' for command environment: Not usable outside of PowerShell
[1.288s] DEBUG:colcon.colcon_core.shell:Skip shell extension 'dsv' for command environment
[1.309s] DEBUG:colcon.colcon_core.event_handler.log_command:Invoking command in '/home/humberto/ros2_ws/build/my_package': CMAKE_PREFIX_PATH=${CMAKE_PREFIX_PATH}:/home/humberto/ros2_humble/install/rqt_bag_plugins:/home/humberto/ros2_humble/install/rqt_bag:/home/humberto/ros2_humble/install/launch_testing_examples:/home/humberto/ros2_humble/install/ros2bag:/home/humberto/ros2_humble/install/tracetools_test:/home/humberto/ros2_humble/install/tracetools_launch:/home/humberto/ros2_humble/install/topic_monitor:/home/humberto/ros2_humble/install/tf2_tools:/home/humberto/ros2_humble/install/examples_tf2_py:/home/humberto/ros2_humble/install/tf2_ros_py:/home/humberto/ros2_humble/install/sros2:/home/humberto/ros2_humble/install/rqt_topic:/home/humberto/ros2_humble/install/rqt_srv:/home/humberto/ros2_humble/install/rqt_shell:/home/humberto/ros2_humble/install/rqt_service_caller:/home/humberto/ros2_humble/install/rqt_reconfigure:/home/humberto/ros2_humble/install/rqt_py_console:/home/humberto/ros2_humble/install/rqt_publisher:/home/humberto/ros2_humble/install/rqt_plot:/home/humberto/ros2_humble/install/rqt_action:/home/humberto/ros2_humble/install/rqt_msg:/home/humberto/ros2_humble/install/rqt_console:/home/humberto/ros2_humble/install/rqt:/home/humberto/ros2_humble/install/rqt_graph:/home/humberto/ros2_humble/install/rqt_gui_py:/home/humberto/ros2_humble/install/rqt_gui:/home/humberto/ros2_humble/install/ros2trace:/home/humberto/ros2_humble/install/ros2topic:/home/humberto/ros2_humble/install/ros2test:/home/humberto/ros2_humble/install/ros2component:/home/humberto/ros2_humble/install/ros2param:/home/humberto/ros2_humble/install/ros2lifecycle:/home/humberto/ros2_humble/install/ros2service:/home/humberto/ros2_humble/install/ros2run:/home/humberto/ros2_humble/install/ros2launch:/home/humberto/ros2_humble/install/ros2pkg:/home/humberto/ros2_humble/install/ros2node:/home/humberto/ros2_humble/install/ros2multicast:/home/humberto/ros2_humble/install/ros2interface:/home/humberto/ros2_humble/install/ros2doctor:/home/humberto/ros2_humble/install/ros2action:/home/humberto/ros2_humble/install/ros2cli:/home/humberto/ros2_humble/install/quality_of_service_demo_py:/home/humberto/ros2_humble/install/lifecycle_py:/home/humberto/ros2_humble/install/launch_testing_ros:/home/humberto/ros2_humble/install/launch_ros:/home/humberto/ros2_humble/install/examples_rclpy_pointcloud_publisher:/home/humberto/ros2_humble/install/examples_rclpy_minimal_subscriber:/home/humberto/ros2_humble/install/examples_rclpy_minimal_service:/home/humberto/ros2_humble/install/examples_rclpy_minimal_publisher:/home/humberto/ros2_humble/install/examples_rclpy_minimal_client:/home/humberto/ros2_humble/install/examples_rclpy_minimal_action_server:/home/humberto/ros2_humble/install/examples_rclpy_minimal_action_client:/home/humberto/ros2_humble/install/examples_rclpy_guard_conditions:/home/humberto/ros2_humble/install/examples_rclpy_executors:/home/humberto/ros2_humble/install/demo_nodes_py:/home/humberto/ros2_humble/install/camera_info_manager_py:/home/humberto/ros2_humble/install/action_tutorials_py:/home/humberto/ros2_humble/install/ament_uncrustify:/home/humberto/ros2_humble/install/tracetools_trace:/home/humberto/ros2_humble/install/tracetools_read:/home/humberto/ros2_humble/install/test_tracetools_launch:/home/humberto/ros2_humble/install/test_launch_ros:/home/humberto/ros2_humble/install/sensor_msgs_py:/home/humberto/ros2_humble/install/rpyutils:/home/humberto/ros2_humble/install/rosidl_runtime_py:/home/humberto/ros2_humble/install/rosidl_cli:/home/humberto/ros2_humble/install/launch_pytest:/home/humberto/ros2_humble/install/launch_testing:/home/humberto/ros2_humble/install/launch_yaml:/home/humberto/ros2_humble/install/launch_xml:/home/humberto/ros2_humble/install/launch:/home/humberto/ros2_humble/install/osrf_pycommon:/home/humberto/ros2_humble/install/domain_coordinator:/home/humberto/ros2_humble/install/ament_xmllint:/home/humberto/ros2_humble/install/ament_pyflakes:/home/humberto/ros2_humble/install/ament_pycodestyle:/home/humberto/ros2_humble/install/ament_pep257:/home/humberto/ros2_humble/install/ament_pclint:/home/humberto/ros2_humble/install/ament_package:/home/humberto/ros2_humble/install/ament_mypy:/home/humberto/ros2_humble/install/ament_lint_cmake:/home/humberto/ros2_humble/install/ament_flake8:/home/humberto/ros2_humble/install/ament_copyright:/home/humberto/ros2_humble/install/ament_lint:/home/humberto/ros2_humble/install/ament_index_python:/home/humberto/ros2_humble/install/ament_cpplint:/home/humberto/ros2_humble/install/ament_cppcheck:/home/humberto/ros2_humble/install/ament_clang_tidy:/home/humberto/ros2_humble/install/ament_clang_format /usr/bin/cmake --build /home/humberto/ros2_ws/build/my_package -- -j16 -l16
[1.321s] DEBUG:colcon.colcon_core.event_handler.log_command:Invoking command in '/home/humberto/ros2_ws/build/turtlesim': CMAKE_PREFIX_PATH=${CMAKE_PREFIX_PATH}:/home/humberto/ros2_humble/install/rqt_bag_plugins:/home/humberto/ros2_humble/install/rqt_bag:/home/humberto/ros2_humble/install/launch_testing_examples:/home/humberto/ros2_humble/install/ros2bag:/home/humberto/ros2_humble/install/tracetools_test:/home/humberto/ros2_humble/install/tracetools_launch:/home/humberto/ros2_humble/install/topic_monitor:/home/humberto/ros2_humble/install/tf2_tools:/home/humberto/ros2_humble/install/examples_tf2_py:/home/humberto/ros2_humble/install/tf2_ros_py:/home/humberto/ros2_humble/install/sros2:/home/humberto/ros2_humble/install/rqt_topic:/home/humberto/ros2_humble/install/rqt_srv:/home/humberto/ros2_humble/install/rqt_shell:/home/humberto/ros2_humble/install/rqt_service_caller:/home/humberto/ros2_humble/install/rqt_reconfigure:/home/humberto/ros2_humble/install/rqt_py_console:/home/humberto/ros2_humble/install/rqt_publisher:/home/humberto/ros2_humble/install/rqt_plot:/home/humberto/ros2_humble/install/rqt_action:/home/humberto/ros2_humble/install/rqt_msg:/home/humberto/ros2_humble/install/rqt_console:/home/humberto/ros2_humble/install/rqt:/home/humberto/ros2_humble/install/rqt_graph:/home/humberto/ros2_humble/install/rqt_gui_py:/home/humberto/ros2_humble/install/rqt_gui:/home/humberto/ros2_humble/install/ros2trace:/home/humberto/ros2_humble/install/ros2topic:/home/humberto/ros2_humble/install/ros2test:/home/humberto/ros2_humble/install/ros2component:/home/humberto/ros2_humble/install/ros2param:/home/humberto/ros2_humble/install/ros2lifecycle:/home/humberto/ros2_humble/install/ros2service:/home/humberto/ros2_humble/install/ros2run:/home/humberto/ros2_humble/install/ros2launch:/home/humberto/ros2_humble/install/ros2pkg:/home/humberto/ros2_humble/install/ros2node:/home/humberto/ros2_humble/install/ros2multicast:/home/humberto/ros2_humble/install/ros2interface:/home/humberto/ros2_humble/install/ros2doctor:/home/humberto/ros2_humble/install/ros2action:/home/humberto/ros2_humble/install/ros2cli:/home/humberto/ros2_humble/install/quality_of_service_demo_py:/home/humberto/ros2_humble/install/lifecycle_py:/home/humberto/ros2_humble/install/launch_testing_ros:/home/humberto/ros2_humble/install/launch_ros:/home/humberto/ros2_humble/install/examples_rclpy_pointcloud_publisher:/home/humberto/ros2_humble/install/examples_rclpy_minimal_subscriber:/home/humberto/ros2_humble/install/examples_rclpy_minimal_service:/home/humberto/ros2_humble/install/examples_rclpy_minimal_publisher:/home/humberto/ros2_humble/install/examples_rclpy_minimal_client:/home/humberto/ros2_humble/install/examples_rclpy_minimal_action_server:/home/humberto/ros2_humble/install/examples_rclpy_minimal_action_client:/home/humberto/ros2_humble/install/examples_rclpy_guard_conditions:/home/humberto/ros2_humble/install/examples_rclpy_executors:/home/humberto/ros2_humble/install/demo_nodes_py:/home/humberto/ros2_humble/install/camera_info_manager_py:/home/humberto/ros2_humble/install/action_tutorials_py:/home/humberto/ros2_humble/install/ament_uncrustify:/home/humberto/ros2_humble/install/tracetools_trace:/home/humberto/ros2_humble/install/tracetools_read:/home/humberto/ros2_humble/install/test_tracetools_launch:/home/humberto/ros2_humble/install/test_launch_ros:/home/humberto/ros2_humble/install/sensor_msgs_py:/home/humberto/ros2_humble/install/rpyutils:/home/humberto/ros2_humble/install/rosidl_runtime_py:/home/humberto/ros2_humble/install/rosidl_cli:/home/humberto/ros2_humble/install/launch_pytest:/home/humberto/ros2_humble/install/launch_testing:/home/humberto/ros2_humble/install/launch_yaml:/home/humberto/ros2_humble/install/launch_xml:/home/humberto/ros2_humble/install/launch:/home/humberto/ros2_humble/install/osrf_pycommon:/home/humberto/ros2_humble/install/domain_coordinator:/home/humberto/ros2_humble/install/ament_xmllint:/home/humberto/ros2_humble/install/ament_pyflakes:/home/humberto/ros2_humble/install/ament_pycodestyle:/home/humberto/ros2_humble/install/ament_pep257:/home/humberto/ros2_humble/install/ament_pclint:/home/humberto/ros2_humble/install/ament_package:/home/humberto/ros2_humble/install/ament_mypy:/home/humberto/ros2_humble/install/ament_lint_cmake:/home/humberto/ros2_humble/install/ament_flake8:/home/humberto/ros2_humble/install/ament_copyright:/home/humberto/ros2_humble/install/ament_lint:/home/humberto/ros2_humble/install/ament_index_python:/home/humberto/ros2_humble/install/ament_cpplint:/home/humberto/ros2_humble/install/ament_cppcheck:/home/humberto/ros2_humble/install/ament_clang_tidy:/home/humberto/ros2_humble/install/ament_clang_format /usr/bin/cmake --build /home/humberto/ros2_ws/build/turtlesim -- -j16 -l16
[1.452s] DEBUG:colcon.colcon_core.event_handler.log_command:Invoked command in '/home/humberto/ros2_ws/build/my_package' returned '0': CMAKE_PREFIX_PATH=${CMAKE_PREFIX_PATH}:/home/humberto/ros2_humble/install/rqt_bag_plugins:/home/humberto/ros2_humble/install/rqt_bag:/home/humberto/ros2_humble/install/launch_testing_examples:/home/humberto/ros2_humble/install/ros2bag:/home/humberto/ros2_humble/install/tracetools_test:/home/humberto/ros2_humble/install/tracetools_launch:/home/humberto/ros2_humble/install/topic_monitor:/home/humberto/ros2_humble/install/tf2_tools:/home/humberto/ros2_humble/install/examples_tf2_py:/home/humberto/ros2_humble/install/tf2_ros_py:/home/humberto/ros2_humble/install/sros2:/home/humberto/ros2_humble/install/rqt_topic:/home/humberto/ros2_humble/install/rqt_srv:/home/humberto/ros2_humble/install/rqt_shell:/home/humberto/ros2_humble/install/rqt_service_caller:/home/humberto/ros2_humble/install/rqt_reconfigure:/home/humberto/ros2_humble/install/rqt_py_console:/home/humberto/ros2_humble/install/rqt_publisher:/home/humberto/ros2_humble/install/rqt_plot:/home/humberto/ros2_humble/install/rqt_action:/home/humberto/ros2_humble/install/rqt_msg:/home/humberto/ros2_humble/install/rqt_console:/home/humberto/ros2_humble/install/rqt:/home/humberto/ros2_humble/install/rqt_graph:/home/humberto/ros2_humble/install/rqt_gui_py:/home/humberto/ros2_humble/install/rqt_gui:/home/humberto/ros2_humble/install/ros2trace:/home/humberto/ros2_humble/install/ros2topic:/home/humberto/ros2_humble/install/ros2test:/home/humberto/ros2_humble/install/ros2component:/home/humberto/ros2_humble/install/ros2param:/home/humberto/ros2_humble/install/ros2lifecycle:/home/humberto/ros2_humble/install/ros2service:/home/humberto/ros2_humble/install/ros2run:/home/humberto/ros2_humble/install/ros2launch:/home/humberto/ros2_humble/install/ros2pkg:/home/humberto/ros2_humble/install/ros2node:/home/humberto/ros2_humble/install/ros2multicast:/home/humberto/ros2_humble/install/ros2interface:/home/humberto/ros2_humble/install/ros2doctor:/home/humberto/ros2_humble/install/ros2action:/home/humberto/ros2_humble/install/ros2cli:/home/humberto/ros2_humble/install/quality_of_service_demo_py:/home/humberto/ros2_humble/install/lifecycle_py:/home/humberto/ros2_humble/install/launch_testing_ros:/home/humberto/ros2_humble/install/launch_ros:/home/humberto/ros2_humble/install/examples_rclpy_pointcloud_publisher:/home/humberto/ros2_humble/install/examples_rclpy_minimal_subscriber:/home/humberto/ros2_humble/install/examples_rclpy_minimal_service:/home/humberto/ros2_humble/install/examples_rclpy_minimal_publisher:/home/humberto/ros2_humble/install/examples_rclpy_minimal_client:/home/humberto/ros2_humble/install/examples_rclpy_minimal_action_server:/home/humberto/ros2_humble/install/examples_rclpy_minimal_action_client:/home/humberto/ros2_humble/install/examples_rclpy_guard_conditions:/home/humberto/ros2_humble/install/examples_rclpy_executors:/home/humberto/ros2_humble/install/demo_nodes_py:/home/humberto/ros2_humble/install/camera_info_manager_py:/home/humberto/ros2_humble/install/action_tutorials_py:/home/humberto/ros2_humble/install/ament_uncrustify:/home/humberto/ros2_humble/install/tracetools_trace:/home/humberto/ros2_humble/install/tracetools_read:/home/humberto/ros2_humble/install/test_tracetools_launch:/home/humberto/ros2_humble/install/test_launch_ros:/home/humberto/ros2_humble/install/sensor_msgs_py:/home/humberto/ros2_humble/install/rpyutils:/home/humberto/ros2_humble/install/rosidl_runtime_py:/home/humberto/ros2_humble/install/rosidl_cli:/home/humberto/ros2_humble/install/launch_pytest:/home/humberto/ros2_humble/install/launch_testing:/home/humberto/ros2_humble/install/launch_yaml:/home/humberto/ros2_humble/install/launch_xml:/home/humberto/ros2_humble/install/launch:/home/humberto/ros2_humble/install/osrf_pycommon:/home/humberto/ros2_humble/install/domain_coordinator:/home/humberto/ros2_humble/install/ament_xmllint:/home/humberto/ros2_humble/install/ament_pyflakes:/home/humberto/ros2_humble/install/ament_pycodestyle:/home/humberto/ros2_humble/install/ament_pep257:/home/humberto/ros2_humble/install/ament_pclint:/home/humberto/ros2_humble/install/ament_package:/home/humberto/ros2_humble/install/ament_mypy:/home/humberto/ros2_humble/install/ament_lint_cmake:/home/humberto/ros2_humble/install/ament_flake8:/home/humberto/ros2_humble/install/ament_copyright:/home/humberto/ros2_humble/install/ament_lint:/home/humberto/ros2_humble/install/ament_index_python:/home/humberto/ros2_humble/install/ament_cpplint:/home/humberto/ros2_humble/install/ament_cppcheck:/home/humberto/ros2_humble/install/ament_clang_tidy:/home/humberto/ros2_humble/install/ament_clang_format /usr/bin/cmake --build /home/humberto/ros2_ws/build/my_package -- -j16 -l16
[1.467s] DEBUG:colcon.colcon_core.event_handler.log_command:Invoking command in '/home/humberto/ros2_ws/build/my_package': CMAKE_PREFIX_PATH=${CMAKE_PREFIX_PATH}:/home/humberto/ros2_humble/install/rqt_bag_plugins:/home/humberto/ros2_humble/install/rqt_bag:/home/humberto/ros2_humble/install/launch_testing_examples:/home/humberto/ros2_humble/install/ros2bag:/home/humberto/ros2_humble/install/tracetools_test:/home/humberto/ros2_humble/install/tracetools_launch:/home/humberto/ros2_humble/install/topic_monitor:/home/humberto/ros2_humble/install/tf2_tools:/home/humberto/ros2_humble/install/examples_tf2_py:/home/humberto/ros2_humble/install/tf2_ros_py:/home/humberto/ros2_humble/install/sros2:/home/humberto/ros2_humble/install/rqt_topic:/home/humberto/ros2_humble/install/rqt_srv:/home/humberto/ros2_humble/install/rqt_shell:/home/humberto/ros2_humble/install/rqt_service_caller:/home/humberto/ros2_humble/install/rqt_reconfigure:/home/humberto/ros2_humble/install/rqt_py_console:/home/humberto/ros2_humble/install/rqt_publisher:/home/humberto/ros2_humble/install/rqt_plot:/home/humberto/ros2_humble/install/rqt_action:/home/humberto/ros2_humble/install/rqt_msg:/home/humberto/ros2_humble/install/rqt_console:/home/humberto/ros2_humble/install/rqt:/home/humberto/ros2_humble/install/rqt_graph:/home/humberto/ros2_humble/install/rqt_gui_py:/home/humberto/ros2_humble/install/rqt_gui:/home/humberto/ros2_humble/install/ros2trace:/home/humberto/ros2_humble/install/ros2topic:/home/humberto/ros2_humble/install/ros2test:/home/humberto/ros2_humble/install/ros2component:/home/humberto/ros2_humble/install/ros2param:/home/humberto/ros2_humble/install/ros2lifecycle:/home/humberto/ros2_humble/install/ros2service:/home/humberto/ros2_humble/install/ros2run:/home/humberto/ros2_humble/install/ros2launch:/home/humberto/ros2_humble/install/ros2pkg:/home/humberto/ros2_humble/install/ros2node:/home/humberto/ros2_humble/install/ros2multicast:/home/humberto/ros2_humble/install/ros2interface:/home/humberto/ros2_humble/install/ros2doctor:/home/humberto/ros2_humble/install/ros2action:/home/humberto/ros2_humble/install/ros2cli:/home/humberto/ros2_humble/install/quality_of_service_demo_py:/home/humberto/ros2_humble/install/lifecycle_py:/home/humberto/ros2_humble/install/launch_testing_ros:/home/humberto/ros2_humble/install/launch_ros:/home/humberto/ros2_humble/install/examples_rclpy_pointcloud_publisher:/home/humberto/ros2_humble/install/examples_rclpy_minimal_subscriber:/home/humberto/ros2_humble/install/examples_rclpy_minimal_service:/home/humberto/ros2_humble/install/examples_rclpy_minimal_publisher:/home/humberto/ros2_humble/install/examples_rclpy_minimal_client:/home/humberto/ros2_humble/install/examples_rclpy_minimal_action_server:/home/humberto/ros2_humble/install/examples_rclpy_minimal_action_client:/home/humberto/ros2_humble/install/examples_rclpy_guard_conditions:/home/humberto/ros2_humble/install/examples_rclpy_executors:/home/humberto/ros2_humble/install/demo_nodes_py:/home/humberto/ros2_humble/install/camera_info_manager_py:/home/humberto/ros2_humble/install/action_tutorials_py:/home/humberto/ros2_humble/install/ament_uncrustify:/home/humberto/ros2_humble/install/tracetools_trace:/home/humberto/ros2_humble/install/tracetools_read:/home/humberto/ros2_humble/install/test_tracetools_launch:/home/humberto/ros2_humble/install/test_launch_ros:/home/humberto/ros2_humble/install/sensor_msgs_py:/home/humberto/ros2_humble/install/rpyutils:/home/humberto/ros2_humble/install/rosidl_runtime_py:/home/humberto/ros2_humble/install/rosidl_cli:/home/humberto/ros2_humble/install/launch_pytest:/home/humberto/ros2_humble/install/launch_testing:/home/humberto/ros2_humble/install/launch_yaml:/home/humberto/ros2_humble/install/launch_xml:/home/humberto/ros2_humble/install/launch:/home/humberto/ros2_humble/install/osrf_pycommon:/home/humberto/ros2_humble/install/domain_coordinator:/home/humberto/ros2_humble/install/ament_xmllint:/home/humberto/ros2_humble/install/ament_pyflakes:/home/humberto/ros2_humble/install/ament_pycodestyle:/home/humberto/ros2_humble/install/ament_pep257:/home/humberto/ros2_humble/install/ament_pclint:/home/humberto/ros2_humble/install/ament_package:/home/humberto/ros2_humble/install/ament_mypy:/home/humberto/ros2_humble/install/ament_lint_cmake:/home/humberto/ros2_humble/install/ament_flake8:/home/humberto/ros2_humble/install/ament_copyright:/home/humberto/ros2_humble/install/ament_lint:/home/humberto/ros2_humble/install/ament_index_python:/home/humberto/ros2_humble/install/ament_cpplint:/home/humberto/ros2_humble/install/ament_cppcheck:/home/humberto/ros2_humble/install/ament_clang_tidy:/home/humberto/ros2_humble/install/ament_clang_format /usr/bin/cmake --install /home/humberto/ros2_ws/build/my_package
[1.483s] Level 1:colcon.colcon_core.environment:create_environment_scripts_only(my_package)
[1.484s] DEBUG:colcon.colcon_core.event_handler.log_command:Invoked command in '/home/humberto/ros2_ws/build/my_package' returned '0': CMAKE_PREFIX_PATH=${CMAKE_PREFIX_PATH}:/home/humberto/ros2_humble/install/rqt_bag_plugins:/home/humberto/ros2_humble/install/rqt_bag:/home/humberto/ros2_humble/install/launch_testing_examples:/home/humberto/ros2_humble/install/ros2bag:/home/humberto/ros2_humble/install/tracetools_test:/home/humberto/ros2_humble/install/tracetools_launch:/home/humberto/ros2_humble/install/topic_monitor:/home/humberto/ros2_humble/install/tf2_tools:/home/humberto/ros2_humble/install/examples_tf2_py:/home/humberto/ros2_humble/install/tf2_ros_py:/home/humberto/ros2_humble/install/sros2:/home/humberto/ros2_humble/install/rqt_topic:/home/humberto/ros2_humble/install/rqt_srv:/home/humberto/ros2_humble/install/rqt_shell:/home/humberto/ros2_humble/install/rqt_service_caller:/home/humberto/ros2_humble/install/rqt_reconfigure:/home/humberto/ros2_humble/install/rqt_py_console:/home/humberto/ros2_humble/install/rqt_publisher:/home/humberto/ros2_humble/install/rqt_plot:/home/humberto/ros2_humble/install/rqt_action:/home/humberto/ros2_humble/install/rqt_msg:/home/humberto/ros2_humble/install/rqt_console:/home/humberto/ros2_humble/install/rqt:/home/humberto/ros2_humble/install/rqt_graph:/home/humberto/ros2_humble/install/rqt_gui_py:/home/humberto/ros2_humble/install/rqt_gui:/home/humberto/ros2_humble/install/ros2trace:/home/humberto/ros2_humble/install/ros2topic:/home/humberto/ros2_humble/install/ros2test:/home/humberto/ros2_humble/install/ros2component:/home/humberto/ros2_humble/install/ros2param:/home/humberto/ros2_humble/install/ros2lifecycle:/home/humberto/ros2_humble/install/ros2service:/home/humberto/ros2_humble/install/ros2run:/home/humberto/ros2_humble/install/ros2launch:/home/humberto/ros2_humble/install/ros2pkg:/home/humberto/ros2_humble/install/ros2node:/home/humberto/ros2_humble/install/ros2multicast:/home/humberto/ros2_humble/install/ros2interface:/home/humberto/ros2_humble/install/ros2doctor:/home/humberto/ros2_humble/install/ros2action:/home/humberto/ros2_humble/install/ros2cli:/home/humberto/ros2_humble/install/quality_of_service_demo_py:/home/humberto/ros2_humble/install/lifecycle_py:/home/humberto/ros2_humble/install/launch_testing_ros:/home/humberto/ros2_humble/install/launch_ros:/home/humberto/ros2_humble/install/examples_rclpy_pointcloud_publisher:/home/humberto/ros2_humble/install/examples_rclpy_minimal_subscriber:/home/humberto/ros2_humble/install/examples_rclpy_minimal_service:/home/humberto/ros2_humble/install/examples_rclpy_minimal_publisher:/home/humberto/ros2_humble/install/examples_rclpy_minimal_client:/home/humberto/ros2_humble/install/examples_rclpy_minimal_action_server:/home/humberto/ros2_humble/install/examples_rclpy_minimal_action_client:/home/humberto/ros2_humble/install/examples_rclpy_guard_conditions:/home/humberto/ros2_humble/install/examples_rclpy_executors:/home/humberto/ros2_humble/install/demo_nodes_py:/home/humberto/ros2_humble/install/camera_info_manager_py:/home/humberto/ros2_humble/install/action_tutorials_py:/home/humberto/ros2_humble/install/ament_uncrustify:/home/humberto/ros2_humble/install/tracetools_trace:/home/humberto/ros2_humble/install/tracetools_read:/home/humberto/ros2_humble/install/test_tracetools_launch:/home/humberto/ros2_humble/install/test_launch_ros:/home/humberto/ros2_humble/install/sensor_msgs_py:/home/humberto/ros2_humble/install/rpyutils:/home/humberto/ros2_humble/install/rosidl_runtime_py:/home/humberto/ros2_humble/install/rosidl_cli:/home/humberto/ros2_humble/install/launch_pytest:/home/humberto/ros2_humble/install/launch_testing:/home/humberto/ros2_humble/install/launch_yaml:/home/humberto/ros2_humble/install/launch_xml:/home/humberto/ros2_humble/install/launch:/home/humberto/ros2_humble/install/osrf_pycommon:/home/humberto/ros2_humble/install/domain_coordinator:/home/humberto/ros2_humble/install/ament_xmllint:/home/humberto/ros2_humble/install/ament_pyflakes:/home/humberto/ros2_humble/install/ament_pycodestyle:/home/humberto/ros2_humble/install/ament_pep257:/home/humberto/ros2_humble/install/ament_pclint:/home/humberto/ros2_humble/install/ament_package:/home/humberto/ros2_humble/install/ament_mypy:/home/humberto/ros2_humble/install/ament_lint_cmake:/home/humberto/ros2_humble/install/ament_flake8:/home/humberto/ros2_humble/install/ament_copyright:/home/humberto/ros2_humble/install/ament_lint:/home/humberto/ros2_humble/install/ament_index_python:/home/humberto/ros2_humble/install/ament_cpplint:/home/humberto/ros2_humble/install/ament_cppcheck:/home/humberto/ros2_humble/install/ament_clang_tidy:/home/humberto/ros2_humble/install/ament_clang_format /usr/bin/cmake --install /home/humberto/ros2_ws/build/my_package
[1.493s] Level 1:colcon.colcon_core.environment:checking '/home/humberto/ros2_ws/install/my_package' for CMake module files
[1.494s] Level 1:colcon.colcon_core.environment:checking '/home/humberto/ros2_ws/install/my_package' for CMake config files
[1.494s] Level 1:colcon.colcon_core.shell:create_environment_hook('my_package', 'cmake_prefix_path')
[1.495s] INFO:colcon.colcon_core.shell:Creating environment hook '/home/humberto/ros2_ws/install/my_package/share/my_package/hook/cmake_prefix_path.ps1'
[1.495s] INFO:colcon.colcon_core.shell:Creating environment descriptor '/home/humberto/ros2_ws/install/my_package/share/my_package/hook/cmake_prefix_path.dsv'
[1.496s] INFO:colcon.colcon_core.shell:Creating environment hook '/home/humberto/ros2_ws/install/my_package/share/my_package/hook/cmake_prefix_path.sh'
[1.496s] Level 1:colcon.colcon_core.environment:checking '/home/humberto/ros2_ws/install/my_package/lib'
[1.497s] Level 1:colcon.colcon_core.environment:checking '/home/humberto/ros2_ws/install/my_package/bin'
[1.497s] Level 1:colcon.colcon_core.environment:checking '/home/humberto/ros2_ws/install/my_package/lib/pkgconfig/my_package.pc'
[1.497s] Level 1:colcon.colcon_core.environment:checking '/home/humberto/ros2_ws/install/my_package/lib/python3.10/site-packages'
[1.497s] Level 1:colcon.colcon_core.environment:checking '/home/humberto/ros2_ws/install/my_package/bin'
[1.498s] INFO:colcon.colcon_core.shell:Creating package script '/home/humberto/ros2_ws/install/my_package/share/my_package/package.ps1'
[1.499s] INFO:colcon.colcon_core.shell:Creating package descriptor '/home/humberto/ros2_ws/install/my_package/share/my_package/package.dsv'
[1.500s] INFO:colcon.colcon_core.shell:Creating package script '/home/humberto/ros2_ws/install/my_package/share/my_package/package.sh'
[1.501s] INFO:colcon.colcon_core.shell:Creating package script '/home/humberto/ros2_ws/install/my_package/share/my_package/package.bash'
[1.502s] INFO:colcon.colcon_core.shell:Creating package script '/home/humberto/ros2_ws/install/my_package/share/my_package/package.zsh'
[1.503s] Level 1:colcon.colcon_core.environment:create_file_with_runtime_dependencies(/home/humberto/ros2_ws/install/my_package/share/colcon-core/packages/my_package)
[1.504s] Level 1:colcon.colcon_core.environment:create_environment_scripts_only(my_package)
[1.504s] Level 1:colcon.colcon_core.environment:checking '/home/humberto/ros2_ws/install/my_package' for CMake module files
[1.505s] Level 1:colcon.colcon_core.environment:checking '/home/humberto/ros2_ws/install/my_package' for CMake config files
[1.505s] Level 1:colcon.colcon_core.shell:create_environment_hook('my_package', 'cmake_prefix_path')
[1.505s] INFO:colcon.colcon_core.shell:Creating environment hook '/home/humberto/ros2_ws/install/my_package/share/my_package/hook/cmake_prefix_path.ps1'
[1.506s] INFO:colcon.colcon_core.shell:Creating environment descriptor '/home/humberto/ros2_ws/install/my_package/share/my_package/hook/cmake_prefix_path.dsv'
[1.506s] INFO:colcon.colcon_core.shell:Creating environment hook '/home/humberto/ros2_ws/install/my_package/share/my_package/hook/cmake_prefix_path.sh'
[1.507s] Level 1:colcon.colcon_core.environment:checking '/home/humberto/ros2_ws/install/my_package/lib'
[1.507s] Level 1:colcon.colcon_core.environment:checking '/home/humberto/ros2_ws/install/my_package/bin'
[1.507s] Level 1:colcon.colcon_core.environment:checking '/home/humberto/ros2_ws/install/my_package/lib/pkgconfig/my_package.pc'
[1.507s] Level 1:colcon.colcon_core.environment:checking '/home/humberto/ros2_ws/install/my_package/lib/python3.10/site-packages'
[1.507s] Level 1:colcon.colcon_core.environment:checking '/home/humberto/ros2_ws/install/my_package/bin'
[1.508s] INFO:colcon.colcon_core.shell:Creating package script '/home/humberto/ros2_ws/install/my_package/share/my_package/package.ps1'
[1.508s] INFO:colcon.colcon_core.shell:Creating package descriptor '/home/humberto/ros2_ws/install/my_package/share/my_package/package.dsv'
[1.509s] INFO:colcon.colcon_core.shell:Creating package script '/home/humberto/ros2_ws/install/my_package/share/my_package/package.sh'
[1.509s] INFO:colcon.colcon_core.shell:Creating package script '/home/humberto/ros2_ws/install/my_package/share/my_package/package.bash'
[1.510s] INFO:colcon.colcon_core.shell:Creating package script '/home/humberto/ros2_ws/install/my_package/share/my_package/package.zsh'
[1.510s] Level 1:colcon.colcon_core.environment:create_file_with_runtime_dependencies(/home/humberto/ros2_ws/install/my_package/share/colcon-core/packages/my_package)
[1.950s] DEBUG:colcon.colcon_core.event_handler.log_command:Invoking command in '/home/humberto/ros2_ws/src/basic_comms': PYTHONPATH=/home/humberto/ros2_ws/build/basic_comms/prefix_override:/usr/lib/python3/dist-packages/colcon_core/task/python/colcon_distutils_commands:/home/humberto/ros2_ws/install/basic_comms/lib/python3.10/site-packages:${PYTHONPATH} /usr/bin/python3 -W ignore:setup.py install is deprecated -W ignore:easy_install command is deprecated setup.py egg_info --egg-base ../../build/basic_comms build --build-base /home/humberto/ros2_ws/build/basic_comms/build install --record /home/humberto/ros2_ws/build/basic_comms/install.log --single-version-externally-managed install_data
[2.001s] DEBUG:colcon.colcon_core.event_handler.log_command:Invoked command in '/home/humberto/ros2_ws/build/turtlesim' returned '0': CMAKE_PREFIX_PATH=${CMAKE_PREFIX_PATH}:/home/humberto/ros2_humble/install/rqt_bag_plugins:/home/humberto/ros2_humble/install/rqt_bag:/home/humberto/ros2_humble/install/launch_testing_examples:/home/humberto/ros2_humble/install/ros2bag:/home/humberto/ros2_humble/install/tracetools_test:/home/humberto/ros2_humble/install/tracetools_launch:/home/humberto/ros2_humble/install/topic_monitor:/home/humberto/ros2_humble/install/tf2_tools:/home/humberto/ros2_humble/install/examples_tf2_py:/home/humberto/ros2_humble/install/tf2_ros_py:/home/humberto/ros2_humble/install/sros2:/home/humberto/ros2_humble/install/rqt_topic:/home/humberto/ros2_humble/install/rqt_srv:/home/humberto/ros2_humble/install/rqt_shell:/home/humberto/ros2_humble/install/rqt_service_caller:/home/humberto/ros2_humble/install/rqt_reconfigure:/home/humberto/ros2_humble/install/rqt_py_console:/home/humberto/ros2_humble/install/rqt_publisher:/home/humberto/ros2_humble/install/rqt_plot:/home/humberto/ros2_humble/install/rqt_action:/home/humberto/ros2_humble/install/rqt_msg:/home/humberto/ros2_humble/install/rqt_console:/home/humberto/ros2_humble/install/rqt:/home/humberto/ros2_humble/install/rqt_graph:/home/humberto/ros2_humble/install/rqt_gui_py:/home/humberto/ros2_humble/install/rqt_gui:/home/humberto/ros2_humble/install/ros2trace:/home/humberto/ros2_humble/install/ros2topic:/home/humberto/ros2_humble/install/ros2test:/home/humberto/ros2_humble/install/ros2component:/home/humberto/ros2_humble/install/ros2param:/home/humberto/ros2_humble/install/ros2lifecycle:/home/humberto/ros2_humble/install/ros2service:/home/humberto/ros2_humble/install/ros2run:/home/humberto/ros2_humble/install/ros2launch:/home/humberto/ros2_humble/install/ros2pkg:/home/humberto/ros2_humble/install/ros2node:/home/humberto/ros2_humble/install/ros2multicast:/home/humberto/ros2_humble/install/ros2interface:/home/humberto/ros2_humble/install/ros2doctor:/home/humberto/ros2_humble/install/ros2action:/home/humberto/ros2_humble/install/ros2cli:/home/humberto/ros2_humble/install/quality_of_service_demo_py:/home/humberto/ros2_humble/install/lifecycle_py:/home/humberto/ros2_humble/install/launch_testing_ros:/home/humberto/ros2_humble/install/launch_ros:/home/humberto/ros2_humble/install/examples_rclpy_pointcloud_publisher:/home/humberto/ros2_humble/install/examples_rclpy_minimal_subscriber:/home/humberto/ros2_humble/install/examples_rclpy_minimal_service:/home/humberto/ros2_humble/install/examples_rclpy_minimal_publisher:/home/humberto/ros2_humble/install/examples_rclpy_minimal_client:/home/humberto/ros2_humble/install/examples_rclpy_minimal_action_server:/home/humberto/ros2_humble/install/examples_rclpy_minimal_action_client:/home/humberto/ros2_humble/install/examples_rclpy_guard_conditions:/home/humberto/ros2_humble/install/examples_rclpy_executors:/home/humberto/ros2_humble/install/demo_nodes_py:/home/humberto/ros2_humble/install/camera_info_manager_py:/home/humberto/ros2_humble/install/action_tutorials_py:/home/humberto/ros2_humble/install/ament_uncrustify:/home/humberto/ros2_humble/install/tracetools_trace:/home/humberto/ros2_humble/install/tracetools_read:/home/humberto/ros2_humble/install/test_tracetools_launch:/home/humberto/ros2_humble/install/test_launch_ros:/home/humberto/ros2_humble/install/sensor_msgs_py:/home/humberto/ros2_humble/install/rpyutils:/home/humberto/ros2_humble/install/rosidl_runtime_py:/home/humberto/ros2_humble/install/rosidl_cli:/home/humberto/ros2_humble/install/launch_pytest:/home/humberto/ros2_humble/install/launch_testing:/home/humberto/ros2_humble/install/launch_yaml:/home/humberto/ros2_humble/install/launch_xml:/home/humberto/ros2_humble/install/launch:/home/humberto/ros2_humble/install/osrf_pycommon:/home/humberto/ros2_humble/install/domain_coordinator:/home/humberto/ros2_humble/install/ament_xmllint:/home/humberto/ros2_humble/install/ament_pyflakes:/home/humberto/ros2_humble/install/ament_pycodestyle:/home/humberto/ros2_humble/install/ament_pep257:/home/humberto/ros2_humble/install/ament_pclint:/home/humberto/ros2_humble/install/ament_package:/home/humberto/ros2_humble/install/ament_mypy:/home/humberto/ros2_humble/install/ament_lint_cmake:/home/humberto/ros2_humble/install/ament_flake8:/home/humberto/ros2_humble/install/ament_copyright:/home/humberto/ros2_humble/install/ament_lint:/home/humberto/ros2_humble/install/ament_index_python:/home/humberto/ros2_humble/install/ament_cpplint:/home/humberto/ros2_humble/install/ament_cppcheck:/home/humberto/ros2_humble/install/ament_clang_tidy:/home/humberto/ros2_humble/install/ament_clang_format /usr/bin/cmake --build /home/humberto/ros2_ws/build/turtlesim -- -j16 -l16
[2.003s] DEBUG:colcon.colcon_core.event_handler.log_command:Invoking command in '/home/humberto/ros2_ws/build/turtlesim': CMAKE_PREFIX_PATH=${CMAKE_PREFIX_PATH}:/home/humberto/ros2_humble/install/rqt_bag_plugins:/home/humberto/ros2_humble/install/rqt_bag:/home/humberto/ros2_humble/install/launch_testing_examples:/home/humberto/ros2_humble/install/ros2bag:/home/humberto/ros2_humble/install/tracetools_test:/home/humberto/ros2_humble/install/tracetools_launch:/home/humberto/ros2_humble/install/topic_monitor:/home/humberto/ros2_humble/install/tf2_tools:/home/humberto/ros2_humble/install/examples_tf2_py:/home/humberto/ros2_humble/install/tf2_ros_py:/home/humberto/ros2_humble/install/sros2:/home/humberto/ros2_humble/install/rqt_topic:/home/humberto/ros2_humble/install/rqt_srv:/home/humberto/ros2_humble/install/rqt_shell:/home/humberto/ros2_humble/install/rqt_service_caller:/home/humberto/ros2_humble/install/rqt_reconfigure:/home/humberto/ros2_humble/install/rqt_py_console:/home/humberto/ros2_humble/install/rqt_publisher:/home/humberto/ros2_humble/install/rqt_plot:/home/humberto/ros2_humble/install/rqt_action:/home/humberto/ros2_humble/install/rqt_msg:/home/humberto/ros2_humble/install/rqt_console:/home/humberto/ros2_humble/install/rqt:/home/humberto/ros2_humble/install/rqt_graph:/home/humberto/ros2_humble/install/rqt_gui_py:/home/humberto/ros2_humble/install/rqt_gui:/home/humberto/ros2_humble/install/ros2trace:/home/humberto/ros2_humble/install/ros2topic:/home/humberto/ros2_humble/install/ros2test:/home/humberto/ros2_humble/install/ros2component:/home/humberto/ros2_humble/install/ros2param:/home/humberto/ros2_humble/install/ros2lifecycle:/home/humberto/ros2_humble/install/ros2service:/home/humberto/ros2_humble/install/ros2run:/home/humberto/ros2_humble/install/ros2launch:/home/humberto/ros2_humble/install/ros2pkg:/home/humberto/ros2_humble/install/ros2node:/home/humberto/ros2_humble/install/ros2multicast:/home/humberto/ros2_humble/install/ros2interface:/home/humberto/ros2_humble/install/ros2doctor:/home/humberto/ros2_humble/install/ros2action:/home/humberto/ros2_humble/install/ros2cli:/home/humberto/ros2_humble/install/quality_of_service_demo_py:/home/humberto/ros2_humble/install/lifecycle_py:/home/humberto/ros2_humble/install/launch_testing_ros:/home/humberto/ros2_humble/install/launch_ros:/home/humberto/ros2_humble/install/examples_rclpy_pointcloud_publisher:/home/humberto/ros2_humble/install/examples_rclpy_minimal_subscriber:/home/humberto/ros2_humble/install/examples_rclpy_minimal_service:/home/humberto/ros2_humble/install/examples_rclpy_minimal_publisher:/home/humberto/ros2_humble/install/examples_rclpy_minimal_client:/home/humberto/ros2_humble/install/examples_rclpy_minimal_action_server:/home/humberto/ros2_humble/install/examples_rclpy_minimal_action_client:/home/humberto/ros2_humble/install/examples_rclpy_guard_conditions:/home/humberto/ros2_humble/install/examples_rclpy_executors:/home/humberto/ros2_humble/install/demo_nodes_py:/home/humberto/ros2_humble/install/camera_info_manager_py:/home/humberto/ros2_humble/install/action_tutorials_py:/home/humberto/ros2_humble/install/ament_uncrustify:/home/humberto/ros2_humble/install/tracetools_trace:/home/humberto/ros2_humble/install/tracetools_read:/home/humberto/ros2_humble/install/test_tracetools_launch:/home/humberto/ros2_humble/install/test_launch_ros:/home/humberto/ros2_humble/install/sensor_msgs_py:/home/humberto/ros2_humble/install/rpyutils:/home/humberto/ros2_humble/install/rosidl_runtime_py:/home/humberto/ros2_humble/install/rosidl_cli:/home/humberto/ros2_humble/install/launch_pytest:/home/humberto/ros2_humble/install/launch_testing:/home/humberto/ros2_humble/install/launch_yaml:/home/humberto/ros2_humble/install/launch_xml:/home/humberto/ros2_humble/install/launch:/home/humberto/ros2_humble/install/osrf_pycommon:/home/humberto/ros2_humble/install/domain_coordinator:/home/humberto/ros2_humble/install/ament_xmllint:/home/humberto/ros2_humble/install/ament_pyflakes:/home/humberto/ros2_humble/install/ament_pycodestyle:/home/humberto/ros2_humble/install/ament_pep257:/home/humberto/ros2_humble/install/ament_pclint:/home/humberto/ros2_humble/install/ament_package:/home/humberto/ros2_humble/install/ament_mypy:/home/humberto/ros2_humble/install/ament_lint_cmake:/home/humberto/ros2_humble/install/ament_flake8:/home/humberto/ros2_humble/install/ament_copyright:/home/humberto/ros2_humble/install/ament_lint:/home/humberto/ros2_humble/install/ament_index_python:/home/humberto/ros2_humble/install/ament_cpplint:/home/humberto/ros2_humble/install/ament_cppcheck:/home/humberto/ros2_humble/install/ament_clang_tidy:/home/humberto/ros2_humble/install/ament_clang_format /usr/bin/cmake --install /home/humberto/ros2_ws/build/turtlesim
[2.170s] Level 1:colcon.colcon_core.environment:create_environment_scripts_only(turtlesim)
[2.171s] Level 1:colcon.colcon_core.environment:checking '/home/humberto/ros2_ws/install/turtlesim' for CMake module files
[2.171s] DEBUG:colcon.colcon_core.event_handler.log_command:Invoked command in '/home/humberto/ros2_ws/build/turtlesim' returned '0': CMAKE_PREFIX_PATH=${CMAKE_PREFIX_PATH}:/home/humberto/ros2_humble/install/rqt_bag_plugins:/home/humberto/ros2_humble/install/rqt_bag:/home/humberto/ros2_humble/install/launch_testing_examples:/home/humberto/ros2_humble/install/ros2bag:/home/humberto/ros2_humble/install/tracetools_test:/home/humberto/ros2_humble/install/tracetools_launch:/home/humberto/ros2_humble/install/topic_monitor:/home/humberto/ros2_humble/install/tf2_tools:/home/humberto/ros2_humble/install/examples_tf2_py:/home/humberto/ros2_humble/install/tf2_ros_py:/home/humberto/ros2_humble/install/sros2:/home/humberto/ros2_humble/install/rqt_topic:/home/humberto/ros2_humble/install/rqt_srv:/home/humberto/ros2_humble/install/rqt_shell:/home/humberto/ros2_humble/install/rqt_service_caller:/home/humberto/ros2_humble/install/rqt_reconfigure:/home/humberto/ros2_humble/install/rqt_py_console:/home/humberto/ros2_humble/install/rqt_publisher:/home/humberto/ros2_humble/install/rqt_plot:/home/humberto/ros2_humble/install/rqt_action:/home/humberto/ros2_humble/install/rqt_msg:/home/humberto/ros2_humble/install/rqt_console:/home/humberto/ros2_humble/install/rqt:/home/humberto/ros2_humble/install/rqt_graph:/home/humberto/ros2_humble/install/rqt_gui_py:/home/humberto/ros2_humble/install/rqt_gui:/home/humberto/ros2_humble/install/ros2trace:/home/humberto/ros2_humble/install/ros2topic:/home/humberto/ros2_humble/install/ros2test:/home/humberto/ros2_humble/install/ros2component:/home/humberto/ros2_humble/install/ros2param:/home/humberto/ros2_humble/install/ros2lifecycle:/home/humberto/ros2_humble/install/ros2service:/home/humberto/ros2_humble/install/ros2run:/home/humberto/ros2_humble/install/ros2launch:/home/humberto/ros2_humble/install/ros2pkg:/home/humberto/ros2_humble/install/ros2node:/home/humberto/ros2_humble/install/ros2multicast:/home/humberto/ros2_humble/install/ros2interface:/home/humberto/ros2_humble/install/ros2doctor:/home/humberto/ros2_humble/install/ros2action:/home/humberto/ros2_humble/install/ros2cli:/home/humberto/ros2_humble/install/quality_of_service_demo_py:/home/humberto/ros2_humble/install/lifecycle_py:/home/humberto/ros2_humble/install/launch_testing_ros:/home/humberto/ros2_humble/install/launch_ros:/home/humberto/ros2_humble/install/examples_rclpy_pointcloud_publisher:/home/humberto/ros2_humble/install/examples_rclpy_minimal_subscriber:/home/humberto/ros2_humble/install/examples_rclpy_minimal_service:/home/humberto/ros2_humble/install/examples_rclpy_minimal_publisher:/home/humberto/ros2_humble/install/examples_rclpy_minimal_client:/home/humberto/ros2_humble/install/examples_rclpy_minimal_action_server:/home/humberto/ros2_humble/install/examples_rclpy_minimal_action_client:/home/humberto/ros2_humble/install/examples_rclpy_guard_conditions:/home/humberto/ros2_humble/install/examples_rclpy_executors:/home/humberto/ros2_humble/install/demo_nodes_py:/home/humberto/ros2_humble/install/camera_info_manager_py:/home/humberto/ros2_humble/install/action_tutorials_py:/home/humberto/ros2_humble/install/ament_uncrustify:/home/humberto/ros2_humble/install/tracetools_trace:/home/humberto/ros2_humble/install/tracetools_read:/home/humberto/ros2_humble/install/test_tracetools_launch:/home/humberto/ros2_humble/install/test_launch_ros:/home/humberto/ros2_humble/install/sensor_msgs_py:/home/humberto/ros2_humble/install/rpyutils:/home/humberto/ros2_humble/install/rosidl_runtime_py:/home/humberto/ros2_humble/install/rosidl_cli:/home/humberto/ros2_humble/install/launch_pytest:/home/humberto/ros2_humble/install/launch_testing:/home/humberto/ros2_humble/install/launch_yaml:/home/humberto/ros2_humble/install/launch_xml:/home/humberto/ros2_humble/install/launch:/home/humberto/ros2_humble/install/osrf_pycommon:/home/humberto/ros2_humble/install/domain_coordinator:/home/humberto/ros2_humble/install/ament_xmllint:/home/humberto/ros2_humble/install/ament_pyflakes:/home/humberto/ros2_humble/install/ament_pycodestyle:/home/humberto/ros2_humble/install/ament_pep257:/home/humberto/ros2_humble/install/ament_pclint:/home/humberto/ros2_humble/install/ament_package:/home/humberto/ros2_humble/install/ament_mypy:/home/humberto/ros2_humble/install/ament_lint_cmake:/home/humberto/ros2_humble/install/ament_flake8:/home/humberto/ros2_humble/install/ament_copyright:/home/humberto/ros2_humble/install/ament_lint:/home/humberto/ros2_humble/install/ament_index_python:/home/humberto/ros2_humble/install/ament_cpplint:/home/humberto/ros2_humble/install/ament_cppcheck:/home/humberto/ros2_humble/install/ament_clang_tidy:/home/humberto/ros2_humble/install/ament_clang_format /usr/bin/cmake --install /home/humberto/ros2_ws/build/turtlesim
[2.171s] Level 1:colcon.colcon_core.environment:checking '/home/humberto/ros2_ws/install/turtlesim' for CMake config files
[2.172s] Level 1:colcon.colcon_core.shell:create_environment_hook('turtlesim', 'cmake_prefix_path')
[2.173s] INFO:colcon.colcon_core.shell:Creating environment hook '/home/humberto/ros2_ws/install/turtlesim/share/turtlesim/hook/cmake_prefix_path.ps1'
[2.173s] INFO:colcon.colcon_core.shell:Creating environment descriptor '/home/humberto/ros2_ws/install/turtlesim/share/turtlesim/hook/cmake_prefix_path.dsv'
[2.173s] INFO:colcon.colcon_core.shell:Creating environment hook '/home/humberto/ros2_ws/install/turtlesim/share/turtlesim/hook/cmake_prefix_path.sh'
[2.174s] Level 1:colcon.colcon_core.environment:checking '/home/humberto/ros2_ws/install/turtlesim/lib'
[2.174s] Level 1:colcon.colcon_core.shell:create_environment_hook('turtlesim', 'ld_library_path_lib')
[2.174s] INFO:colcon.colcon_core.shell:Creating environment hook '/home/humberto/ros2_ws/install/turtlesim/share/turtlesim/hook/ld_library_path_lib.ps1'
[2.174s] INFO:colcon.colcon_core.shell:Creating environment descriptor '/home/humberto/ros2_ws/install/turtlesim/share/turtlesim/hook/ld_library_path_lib.dsv'
[2.174s] INFO:colcon.colcon_core.shell:Creating environment hook '/home/humberto/ros2_ws/install/turtlesim/share/turtlesim/hook/ld_library_path_lib.sh'
[2.175s] Level 1:colcon.colcon_core.environment:checking '/home/humberto/ros2_ws/install/turtlesim/bin'
[2.175s] Level 1:colcon.colcon_core.environment:checking '/home/humberto/ros2_ws/install/turtlesim/lib/pkgconfig/turtlesim.pc'
[2.175s] Level 1:colcon.colcon_core.environment:checking '/home/humberto/ros2_ws/install/turtlesim/lib/python3.10/site-packages'
[2.175s] Level 1:colcon.colcon_core.environment:checking '/home/humberto/ros2_ws/install/turtlesim/bin'
[2.175s] INFO:colcon.colcon_core.shell:Creating package script '/home/humberto/ros2_ws/install/turtlesim/share/turtlesim/package.ps1'
[2.176s] INFO:colcon.colcon_core.shell:Creating package descriptor '/home/humberto/ros2_ws/install/turtlesim/share/turtlesim/package.dsv'
[2.176s] INFO:colcon.colcon_core.shell:Creating package script '/home/humberto/ros2_ws/install/turtlesim/share/turtlesim/package.sh'
[2.176s] INFO:colcon.colcon_core.shell:Creating package script '/home/humberto/ros2_ws/install/turtlesim/share/turtlesim/package.bash'
[2.177s] INFO:colcon.colcon_core.shell:Creating package script '/home/humberto/ros2_ws/install/turtlesim/share/turtlesim/package.zsh'
[2.177s] Level 1:colcon.colcon_core.environment:create_file_with_runtime_dependencies(/home/humberto/ros2_ws/install/turtlesim/share/colcon-core/packages/turtlesim)
[2.177s] Level 1:colcon.colcon_core.environment:create_environment_scripts_only(turtlesim)
[2.178s] Level 1:colcon.colcon_core.environment:checking '/home/humberto/ros2_ws/install/turtlesim' for CMake module files
[2.178s] Level 1:colcon.colcon_core.environment:checking '/home/humberto/ros2_ws/install/turtlesim' for CMake config files
[2.179s] Level 1:colcon.colcon_core.shell:create_environment_hook('turtlesim', 'cmake_prefix_path')
[2.179s] INFO:colcon.colcon_core.shell:Creating environment hook '/home/humberto/ros2_ws/install/turtlesim/share/turtlesim/hook/cmake_prefix_path.ps1'
[2.179s] INFO:colcon.colcon_core.shell:Creating environment descriptor '/home/humberto/ros2_ws/install/turtlesim/share/turtlesim/hook/cmake_prefix_path.dsv'
[2.180s] INFO:colcon.colcon_core.shell:Creating environment hook '/home/humberto/ros2_ws/install/turtlesim/share/turtlesim/hook/cmake_prefix_path.sh'
[2.180s] Level 1:colcon.colcon_core.environment:checking '/home/humberto/ros2_ws/install/turtlesim/lib'
[2.180s] Level 1:colcon.colcon_core.shell:create_environment_hook('turtlesim', 'ld_library_path_lib')
[2.180s] INFO:colcon.colcon_core.shell:Creating environment hook '/home/humberto/ros2_ws/install/turtlesim/share/turtlesim/hook/ld_library_path_lib.ps1'
[2.180s] INFO:colcon.colcon_core.shell:Creating environment descriptor '/home/humberto/ros2_ws/install/turtlesim/share/turtlesim/hook/ld_library_path_lib.dsv'
[2.181s] INFO:colcon.colcon_core.shell:Creating environment hook '/home/humberto/ros2_ws/install/turtlesim/share/turtlesim/hook/ld_library_path_lib.sh'
[2.181s] Level 1:colcon.colcon_core.environment:checking '/home/humberto/ros2_ws/install/turtlesim/bin'
[2.181s] Level 1:colcon.colcon_core.environment:checking '/home/humberto/ros2_ws/install/turtlesim/lib/pkgconfig/turtlesim.pc'
[2.181s] Level 1:colcon.colcon_core.environment:checking '/home/humberto/ros2_ws/install/turtlesim/lib/python3.10/site-packages'
[2.181s] Level 1:colcon.colcon_core.environment:checking '/home/humberto/ros2_ws/install/turtlesim/bin'
[2.182s] INFO:colcon.colcon_core.shell:Creating package script '/home/humberto/ros2_ws/install/turtlesim/share/turtlesim/package.ps1'
[2.182s] INFO:colcon.colcon_core.shell:Creating package descriptor '/home/humberto/ros2_ws/install/turtlesim/share/turtlesim/package.dsv'
[2.183s] INFO:colcon.colcon_core.shell:Creating package script '/home/humberto/ros2_ws/install/turtlesim/share/turtlesim/package.sh'
[2.183s] INFO:colcon.colcon_core.shell:Creating package script '/home/humberto/ros2_ws/install/turtlesim/share/turtlesim/package.bash'
[2.183s] INFO:colcon.colcon_core.shell:Creating package script '/home/humberto/ros2_ws/install/turtlesim/share/turtlesim/package.zsh'
[2.184s] Level 1:colcon.colcon_core.environment:create_file_with_runtime_dependencies(/home/humberto/ros2_ws/install/turtlesim/share/colcon-core/packages/turtlesim)
[2.437s] Level 1:colcon.colcon_core.environment:checking '/home/humberto/ros2_ws/install/basic_comms' for CMake module files
[2.438s] DEBUG:colcon.colcon_core.event_handler.log_command:Invoked command in '/home/humberto/ros2_ws/src/basic_comms' returned '0': PYTHONPATH=/home/humberto/ros2_ws/build/basic_comms/prefix_override:/usr/lib/python3/dist-packages/colcon_core/task/python/colcon_distutils_commands:/home/humberto/ros2_ws/install/basic_comms/lib/python3.10/site-packages:${PYTHONPATH} /usr/bin/python3 -W ignore:setup.py install is deprecated -W ignore:easy_install command is deprecated setup.py egg_info --egg-base ../../build/basic_comms build --build-base /home/humberto/ros2_ws/build/basic_comms/build install --record /home/humberto/ros2_ws/build/basic_comms/install.log --single-version-externally-managed install_data
[2.438s] Level 1:colcon.colcon_core.environment:checking '/home/humberto/ros2_ws/install/basic_comms' for CMake config files
[2.438s] Level 1:colcon.colcon_core.environment:checking '/home/humberto/ros2_ws/install/basic_comms/lib'
[2.438s] Level 1:colcon.colcon_core.environment:checking '/home/humberto/ros2_ws/install/basic_comms/bin'
[2.438s] Level 1:colcon.colcon_core.environment:checking '/home/humberto/ros2_ws/install/basic_comms/lib/pkgconfig/basic_comms.pc'
[2.439s] Level 1:colcon.colcon_core.environment:checking '/home/humberto/ros2_ws/install/basic_comms/lib/python3.10/site-packages'
[2.439s] Level 1:colcon.colcon_core.shell:create_environment_hook('basic_comms', 'pythonpath')
[2.439s] INFO:colcon.colcon_core.shell:Creating environment hook '/home/humberto/ros2_ws/install/basic_comms/share/basic_comms/hook/pythonpath.ps1'
[2.439s] INFO:colcon.colcon_core.shell:Creating environment descriptor '/home/humberto/ros2_ws/install/basic_comms/share/basic_comms/hook/pythonpath.dsv'
[2.439s] INFO:colcon.colcon_core.shell:Creating environment hook '/home/humberto/ros2_ws/install/basic_comms/share/basic_comms/hook/pythonpath.sh'
[2.440s] Level 1:colcon.colcon_core.environment:checking '/home/humberto/ros2_ws/install/basic_comms/bin'
[2.440s] Level 1:colcon.colcon_core.environment:create_environment_scripts_only(basic_comms)
[2.440s] INFO:colcon.colcon_core.shell:Creating package script '/home/humberto/ros2_ws/install/basic_comms/share/basic_comms/package.ps1'
[2.440s] INFO:colcon.colcon_core.shell:Creating package descriptor '/home/humberto/ros2_ws/install/basic_comms/share/basic_comms/package.dsv'
[2.441s] INFO:colcon.colcon_core.shell:Creating package script '/home/humberto/ros2_ws/install/basic_comms/share/basic_comms/package.sh'
[2.441s] INFO:colcon.colcon_core.shell:Creating package script '/home/humberto/ros2_ws/install/basic_comms/share/basic_comms/package.bash'
[2.441s] INFO:colcon.colcon_core.shell:Creating package script '/home/humberto/ros2_ws/install/basic_comms/share/basic_comms/package.zsh'
[2.441s] Level 1:colcon.colcon_core.environment:create_file_with_runtime_dependencies(/home/humberto/ros2_ws/install/basic_comms/share/colcon-core/packages/basic_comms)
[2.442s] DEBUG:colcon.colcon_parallel_executor.executor.parallel:closing loop
[2.442s] DEBUG:colcon.colcon_parallel_executor.executor.parallel:loop closed
[2.442s] DEBUG:colcon.colcon_parallel_executor.executor.parallel:run_until_complete finished with '0'
[2.442s] DEBUG:colcon.colcon_core.event_reactor:joining thread
[2.454s] INFO:colcon.colcon_core.plugin_system:Skipping extension 'colcon_notification.desktop_notification.terminal_notifier': Not used on non-Darwin systems
[2.454s] INFO:colcon.colcon_core.plugin_system:Skipping extension 'colcon_notification.desktop_notification.win32': Not used on non-Windows systems
[2.454s] INFO:colcon.colcon_notification.desktop_notification:Sending desktop notification using 'notify2'
[2.464s] DEBUG:colcon.colcon_core.event_reactor:joined thread
[2.464s] INFO:colcon.colcon_core.shell:Creating prefix script '/home/humberto/ros2_ws/install/local_setup.ps1'
[2.465s] INFO:colcon.colcon_core.shell:Creating prefix util module '/home/humberto/ros2_ws/install/_local_setup_util_ps1.py'
[2.467s] INFO:colcon.colcon_core.shell:Creating prefix chain script '/home/humberto/ros2_ws/install/setup.ps1'
[2.477s] INFO:colcon.colcon_core.shell:Creating prefix script '/home/humberto/ros2_ws/install/local_setup.sh'
[2.477s] INFO:colcon.colcon_core.shell:Creating prefix util module '/home/humberto/ros2_ws/install/_local_setup_util_sh.py'
[2.478s] INFO:colcon.colcon_core.shell:Creating prefix chain script '/home/humberto/ros2_ws/install/setup.sh'
[2.488s] INFO:colcon.colcon_core.shell:Creating prefix script '/home/humberto/ros2_ws/install/local_setup.bash'
[2.489s] INFO:colcon.colcon_core.shell:Creating prefix chain script '/home/humberto/ros2_ws/install/setup.bash'
[2.498s] INFO:colcon.colcon_core.shell:Creating prefix script '/home/humberto/ros2_ws/install/local_setup.zsh'
[2.499s] INFO:colcon.colcon_core.shell:Creating prefix chain script '/home/humberto/ros2_ws/install/setup.zsh'
