-- Found ament_cmake: 1.3.11 (/home/humberto/ros2_humble/install/ament_cmake/share/ament_cmake/cmake)
-- Override CMake install command with custom implementation using symlinks instead of copying resources
-- Found rclcpp: 16.0.11 (/home/humberto/ros2_humble/install/rclcpp/share/rclcpp/cmake)
-- Found rosidl_generator_c: 3.1.6 (/home/humberto/ros2_humble/install/rosidl_generator_c/share/rosidl_generator_c/cmake)
-- Found rosidl_adapter: 3.1.6 (/home/humberto/ros2_humble/install/rosidl_adapter/share/rosidl_adapter/cmake)
-- Found rosidl_generator_cpp: 3.1.6 (/home/humberto/ros2_humble/install/rosidl_generator_cpp/share/rosidl_generator_cpp/cmake)
-- Using all available rosidl_typesupport_c: rosidl_typesupport_fastrtps_c;rosidl_typesupport_introspection_c
-- Using all available rosidl_typesupport_cpp: rosidl_typesupport_fastrtps_cpp;rosidl_typesupport_introspection_cpp
-- Found rmw_implementation_cmake: 6.1.2 (/home/humberto/ros2_humble/install/rmw_implementation_cmake/share/rmw_implementation_cmake/cmake)
-- Found rmw_fastrtps_cpp: 6.2.7 (/home/humberto/ros2_humble/install/rmw_fastrtps_cpp/share/rmw_fastrtps_cpp/cmake)
-- Using RMW implementation 'rmw_fastrtps_cpp' as default
-- Configuring done
-- Generating done
-- Build files have been written to: /home/humberto/mch1cpp/build/signal_processing_cpp
[35m[1mConsolidate compiler generated dependencies of target signal_generator[0m
[35m[1mConsolidate compiler generated dependencies of target process[0m
[ 50%] [32mBuilding CXX object CMakeFiles/process.dir/src/process.cpp.o[0m
[ 50%] [32mBuilding CXX object CMakeFiles/signal_generator.dir/src/signal_generator.cpp.o[0m
[ 75%] [32m[1mLinking CXX executable signal_generator[0m
[ 75%] Built target signal_generator
[100%] [32m[1mLinking CXX executable process[0m
[100%] Built target process
-- Install configuration: ""
-- Execute custom install script
-- Up-to-date symlink: /home/humberto/mch1cpp/install/signal_processing_cpp/lib/signal_processing_cpp/signal_generator
-- Up-to-date symlink: /home/humberto/mch1cpp/install/signal_processing_cpp/lib/signal_processing_cpp/process
-- Up-to-date symlink: /home/humberto/mch1cpp/install/signal_processing_cpp/share/signal_processing_cpp/launch/signal_processing_launch.xml
-- Up-to-date symlink: /home/humberto/mch1cpp/install/signal_processing_cpp/share/ament_index/resource_index/package_run_dependencies/signal_processing_cpp
-- Up-to-date symlink: /home/humberto/mch1cpp/install/signal_processing_cpp/share/ament_index/resource_index/parent_prefix_path/signal_processing_cpp
-- Up-to-date symlink: /home/humberto/mch1cpp/install/signal_processing_cpp/share/signal_processing_cpp/environment/ament_prefix_path.sh
-- Up-to-date symlink: /home/humberto/mch1cpp/install/signal_processing_cpp/share/signal_processing_cpp/environment/ament_prefix_path.dsv
-- Up-to-date symlink: /home/humberto/mch1cpp/install/signal_processing_cpp/share/signal_processing_cpp/environment/path.sh
-- Up-to-date symlink: /home/humberto/mch1cpp/install/signal_processing_cpp/share/signal_processing_cpp/environment/path.dsv
-- Up-to-date symlink: /home/humberto/mch1cpp/install/signal_processing_cpp/share/signal_processing_cpp/local_setup.bash
-- Up-to-date symlink: /home/humberto/mch1cpp/install/signal_processing_cpp/share/signal_processing_cpp/local_setup.sh
-- Up-to-date symlink: /home/humberto/mch1cpp/install/signal_processing_cpp/share/signal_processing_cpp/local_setup.zsh
-- Up-to-date symlink: /home/humberto/mch1cpp/install/signal_processing_cpp/share/signal_processing_cpp/local_setup.dsv
-- Symlinking: /home/humberto/mch1cpp/install/signal_processing_cpp/share/signal_processing_cpp/package.dsv
-- Up-to-date symlink: /home/humberto/mch1cpp/install/signal_processing_cpp/share/ament_index/resource_index/packages/signal_processing_cpp
-- Up-to-date symlink: /home/humberto/mch1cpp/install/signal_processing_cpp/share/signal_processing_cpp/cmake/signal_processing_cppConfig.cmake
-- Up-to-date symlink: /home/humberto/mch1cpp/install/signal_processing_cpp/share/signal_processing_cpp/cmake/signal_processing_cppConfig-version.cmake
-- Up-to-date symlink: /home/humberto/mch1cpp/install/signal_processing_cpp/share/signal_processing_cpp/package.xml
