[1.146s] Invoking command in '/home/humberto/ros2_ws/build/basic_comms': PYTHONPATH=/home/humberto/ros2_ws/build/basic_comms/prefix_override:/usr/lib/python3/dist-packages/colcon_core/task/python/colcon_distutils_commands:/home/humberto/ros2_ws/install/basic_comms/lib/python3.10/site-packages:${PYTHONPATH} /usr/bin/python3 -W ignore:setup.py install is deprecated -W ignore:easy_install command is deprecated setup.py develop --uninstall --editable --build-directory /home/humberto/ros2_ws/build/basic_comms/build
[1.640s] running develop
[1.887s] Removing /home/humberto/ros2_ws/install/basic_comms/lib/python3.10/site-packages/basic-comms.egg-link (link to .)
[1.907s] Invoked command in '/home/humberto/ros2_ws/build/basic_comms' returned '0': PYTHONPATH=/home/humberto/ros2_ws/build/basic_comms/prefix_override:/usr/lib/python3/dist-packages/colcon_core/task/python/colcon_distutils_commands:/home/humberto/ros2_ws/install/basic_comms/lib/python3.10/site-packages:${PYTHONPATH} /usr/bin/python3 -W ignore:setup.py install is deprecated -W ignore:easy_install command is deprecated setup.py develop --uninstall --editable --build-directory /home/humberto/ros2_ws/build/basic_comms/build
[1.909s] Invoking command in '/home/humberto/ros2_ws/src/basic_comms': PYTHONPATH=/home/humberto/ros2_ws/build/basic_comms/prefix_override:/usr/lib/python3/dist-packages/colcon_core/task/python/colcon_distutils_commands:/home/humberto/ros2_ws/install/basic_comms/lib/python3.10/site-packages:${PYTHONPATH} /usr/bin/python3 -W ignore:setup.py install is deprecated -W ignore:easy_install command is deprecated setup.py egg_info --egg-base ../../build/basic_comms build --build-base /home/humberto/ros2_ws/build/basic_comms/build install --record /home/humberto/ros2_ws/build/basic_comms/install.log --single-version-externally-managed install_data --force
[2.373s] running egg_info
[2.374s] writing ../../build/basic_comms/basic_comms.egg-info/PKG-INFO
[2.374s] writing dependency_links to ../../build/basic_comms/basic_comms.egg-info/dependency_links.txt
[2.374s] writing entry points to ../../build/basic_comms/basic_comms.egg-info/entry_points.txt
[2.374s] writing requirements to ../../build/basic_comms/basic_comms.egg-info/requires.txt
[2.375s] writing top-level names to ../../build/basic_comms/basic_comms.egg-info/top_level.txt
[2.376s] reading manifest file '../../build/basic_comms/basic_comms.egg-info/SOURCES.txt'
[2.377s] writing manifest file '../../build/basic_comms/basic_comms.egg-info/SOURCES.txt'
[2.377s] running build
[2.377s] running build_py
[2.382s] copying basic_comms/talker.py -> /home/humberto/ros2_ws/build/basic_comms/build/lib/basic_comms
[2.382s] copying basic_comms/__init__.py -> /home/humberto/ros2_ws/build/basic_comms/build/lib/basic_comms
[2.382s] copying basic_comms/listener.py -> /home/humberto/ros2_ws/build/basic_comms/build/lib/basic_comms
[2.382s] running install
[2.382s] running install_lib
[2.383s] creating /home/humberto/ros2_ws/install/basic_comms/lib/python3.10/site-packages/basic_comms
[2.383s] copying /home/humberto/ros2_ws/build/basic_comms/build/lib/basic_comms/talker.py -> /home/humberto/ros2_ws/install/basic_comms/lib/python3.10/site-packages/basic_comms
[2.383s] copying /home/humberto/ros2_ws/build/basic_comms/build/lib/basic_comms/__init__.py -> /home/humberto/ros2_ws/install/basic_comms/lib/python3.10/site-packages/basic_comms
[2.383s] copying /home/humberto/ros2_ws/build/basic_comms/build/lib/basic_comms/listener.py -> /home/humberto/ros2_ws/install/basic_comms/lib/python3.10/site-packages/basic_comms
[2.386s] byte-compiling /home/humberto/ros2_ws/install/basic_comms/lib/python3.10/site-packages/basic_comms/talker.py to talker.cpython-310.pyc
[2.386s] byte-compiling /home/humberto/ros2_ws/install/basic_comms/lib/python3.10/site-packages/basic_comms/__init__.py to __init__.cpython-310.pyc
[2.387s] byte-compiling /home/humberto/ros2_ws/install/basic_comms/lib/python3.10/site-packages/basic_comms/listener.py to listener.cpython-310.pyc
[2.387s] running install_data
[2.387s] copying resource/basic_comms -> /home/humberto/ros2_ws/install/basic_comms/share/ament_index/resource_index/packages
[2.387s] copying package.xml -> /home/humberto/ros2_ws/install/basic_comms/share/basic_comms
[2.388s] creating /home/humberto/ros2_ws/install/basic_comms/share/basic_comms/launch
[2.388s] copying launch/activity1_launch.py -> /home/humberto/ros2_ws/install/basic_comms/share/basic_comms/launch
[2.388s] running install_egg_info
[2.391s] Copying ../../build/basic_comms/basic_comms.egg-info to /home/humberto/ros2_ws/install/basic_comms/lib/python3.10/site-packages/basic_comms-0.0.0-py3.10.egg-info
[2.392s] running install_scripts
[2.431s] Installing listener script to /home/humberto/ros2_ws/install/basic_comms/lib/basic_comms
[2.432s] Installing talker script to /home/humberto/ros2_ws/install/basic_comms/lib/basic_comms
[2.432s] writing list of installed files to '/home/humberto/ros2_ws/build/basic_comms/install.log'
[2.451s] Invoked command in '/home/humberto/ros2_ws/src/basic_comms' returned '0': PYTHONPATH=/home/humberto/ros2_ws/build/basic_comms/prefix_override:/usr/lib/python3/dist-packages/colcon_core/task/python/colcon_distutils_commands:/home/humberto/ros2_ws/install/basic_comms/lib/python3.10/site-packages:${PYTHONPATH} /usr/bin/python3 -W ignore:setup.py install is deprecated -W ignore:easy_install command is deprecated setup.py egg_info --egg-base ../../build/basic_comms build --build-base /home/humberto/ros2_ws/build/basic_comms/build install --record /home/humberto/ros2_ws/build/basic_comms/install.log --single-version-externally-managed install_data --force
