[0.950s] Invoking command in '/home/humberto/MCH1_WS/src/signal_processing': PYTHONPATH=/home/humberto/MCH1_WS/build/signal_processing/prefix_override:/usr/lib/python3/dist-packages/colcon_core/task/python/colcon_distutils_commands:/home/humberto/MCH1_WS/install/signal_processing/lib/python3.10/site-packages:${PYTHONPATH} /usr/bin/python3 -W ignore:setup.py install is deprecated -W ignore:easy_install command is deprecated setup.py egg_info --egg-base ../../build/signal_processing build --build-base /home/humberto/MCH1_WS/build/signal_processing/build install --record /home/humberto/MCH1_WS/build/signal_processing/install.log --single-version-externally-managed install_data
[1.324s] running egg_info
[1.325s] writing ../../build/signal_processing/signal_processing.egg-info/PKG-INFO
[1.325s] writing dependency_links to ../../build/signal_processing/signal_processing.egg-info/dependency_links.txt
[1.326s] writing entry points to ../../build/signal_processing/signal_processing.egg-info/entry_points.txt
[1.326s] writing requirements to ../../build/signal_processing/signal_processing.egg-info/requires.txt
[1.326s] writing top-level names to ../../build/signal_processing/signal_processing.egg-info/top_level.txt
[1.327s] reading manifest file '../../build/signal_processing/signal_processing.egg-info/SOURCES.txt'
[1.328s] writing manifest file '../../build/signal_processing/signal_processing.egg-info/SOURCES.txt'
[1.328s] running build
[1.328s] running build_py
[1.328s] running install
[1.329s] running install_lib
[1.331s] running install_data
[1.331s] copying launch/signal_processing_launch.py -> /home/humberto/MCH1_WS/install/signal_processing/share/signal_processing/launch
[1.332s] running install_egg_info
[1.334s] removing '/home/humberto/MCH1_WS/install/signal_processing/lib/python3.10/site-packages/signal_processing-0.0.0-py3.10.egg-info' (and everything under it)
[1.335s] Copying ../../build/signal_processing/signal_processing.egg-info to /home/humberto/MCH1_WS/install/signal_processing/lib/python3.10/site-packages/signal_processing-0.0.0-py3.10.egg-info
[1.335s] running install_scripts
[1.365s] Installing process script to /home/humberto/MCH1_WS/install/signal_processing/lib/signal_processing
[1.365s] Installing signal_generator script to /home/humberto/MCH1_WS/install/signal_processing/lib/signal_processing
[1.366s] writing list of installed files to '/home/humberto/MCH1_WS/build/signal_processing/install.log'
[1.380s] Invoked command in '/home/humberto/MCH1_WS/src/signal_processing' returned '0': PYTHONPATH=/home/humberto/MCH1_WS/build/signal_processing/prefix_override:/usr/lib/python3/dist-packages/colcon_core/task/python/colcon_distutils_commands:/home/humberto/MCH1_WS/install/signal_processing/lib/python3.10/site-packages:${PYTHONPATH} /usr/bin/python3 -W ignore:setup.py install is deprecated -W ignore:easy_install command is deprecated setup.py egg_info --egg-base ../../build/signal_processing build --build-base /home/humberto/MCH1_WS/build/signal_processing/build install --record /home/humberto/MCH1_WS/build/signal_processing/install.log --single-version-externally-managed install_data
