[0.331s] DEBUG:colcon:Command line arguments: ['/usr/bin/colcon', 'list', '-p', '--base-paths', '/home/humberto/ros2_ws']
[0.331s] DEBUG:colcon:Parsed command line arguments: Namespace(log_base=None, log_level=None, verb_name='list', build_base='build', ignore_user_meta=False, metas=['./colcon.meta'], base_paths=['/home/humberto/ros2_ws'], packages_ignore=None, packages_ignore_regex=None, paths=None, packages_up_to=None, packages_up_to_regex=None, packages_above=None, packages_above_and_dependencies=None, packages_above_depth=None, packages_select_by_dep=None, packages_skip_by_dep=None, packages_skip_up_to=None, packages_select_build_failed=False, packages_skip_build_finished=False, packages_select_test_failures=False, packages_skip_test_passed=False, packages_select=None, packages_skip=None, packages_select_regex=None, packages_skip_regex=None, packages_start=None, packages_end=None, allow_overriding=[], topological_order=False, names_only=False, paths_only=True, topological_graph=False, topological_graph_dot=False, topological_graph_density=False, topological_graph_legend=False, topological_graph_dot_cluster=False, topological_graph_dot_include_skipped=False, mixin_files=None, mixin=None, verb_parser=<colcon_mixin.mixin.mixin_argument.MixinArgumentDecorator object at 0x79b175689090>, verb_extension=<colcon_package_information.verb.list.ListVerb object at 0x79b1756880a0>, main=<bound method ListVerb.main of <colcon_package_information.verb.list.ListVerb object at 0x79b1756880a0>>, mixin_verb=('list',))
[0.644s] Level 1:colcon.colcon_core.package_discovery:discover_packages(colcon_meta) check parameters
[0.644s] Level 1:colcon.colcon_core.package_discovery:discover_packages(recursive) check parameters
[0.644s] Level 1:colcon.colcon_core.package_discovery:discover_packages(ignore) check parameters
[0.644s] Level 1:colcon.colcon_core.package_discovery:discover_packages(path) check parameters
[0.644s] Level 1:colcon.colcon_core.package_discovery:discover_packages(recursive) discover
[0.644s] INFO:colcon.colcon_core.package_discovery:Crawling recursively for packages in '/home/humberto/ros2_ws'
[0.644s] Level 1:colcon.colcon_core.package_identification:_identify(/home/humberto/ros2_ws) by extensions ['ignore', 'ignore_ament_install']
[0.645s] Level 1:colcon.colcon_core.package_identification:_identify(/home/humberto/ros2_ws) by extension 'ignore'
[0.645s] Level 1:colcon.colcon_core.package_identification:_identify(/home/humberto/ros2_ws) by extension 'ignore_ament_install'
[0.645s] Level 1:colcon.colcon_core.package_identification:_identify(/home/humberto/ros2_ws) by extensions ['colcon_pkg']
[0.645s] Level 1:colcon.colcon_core.package_identification:_identify(/home/humberto/ros2_ws) by extension 'colcon_pkg'
[0.645s] Level 1:colcon.colcon_core.package_identification:_identify(/home/humberto/ros2_ws) by extensions ['colcon_meta']
[0.645s] Level 1:colcon.colcon_core.package_identification:_identify(/home/humberto/ros2_ws) by extension 'colcon_meta'
[0.645s] Level 1:colcon.colcon_core.package_identification:_identify(/home/humberto/ros2_ws) by extensions ['ros']
[0.645s] Level 1:colcon.colcon_core.package_identification:_identify(/home/humberto/ros2_ws) by extension 'ros'
[0.687s] Level 1:colcon.colcon_core.package_identification:_identify(/home/humberto/ros2_ws) by extensions ['cmake', 'python']
[0.687s] Level 1:colcon.colcon_core.package_identification:_identify(/home/humberto/ros2_ws) by extension 'cmake'
[0.687s] Level 1:colcon.colcon_core.package_identification:_identify(/home/humberto/ros2_ws) by extension 'python'
[0.687s] Level 1:colcon.colcon_core.package_identification:_identify(/home/humberto/ros2_ws) by extensions ['python_setup_py']
[0.687s] Level 1:colcon.colcon_core.package_identification:_identify(/home/humberto/ros2_ws) by extension 'python_setup_py'
[0.687s] Level 1:colcon.colcon_core.package_identification:_identify(/home/humberto/ros2_ws/build) by extensions ['ignore', 'ignore_ament_install']
[0.687s] Level 1:colcon.colcon_core.package_identification:_identify(/home/humberto/ros2_ws/build) by extension 'ignore'
[0.687s] Level 1:colcon.colcon_core.package_identification:_identify(/home/humberto/ros2_ws/build) ignored
[0.688s] Level 1:colcon.colcon_core.package_identification:_identify(/home/humberto/ros2_ws/install) by extensions ['ignore', 'ignore_ament_install']
[0.688s] Level 1:colcon.colcon_core.package_identification:_identify(/home/humberto/ros2_ws/install) by extension 'ignore'
[0.688s] Level 1:colcon.colcon_core.package_identification:_identify(/home/humberto/ros2_ws/install) ignored
[0.688s] Level 1:colcon.colcon_core.package_identification:_identify(/home/humberto/ros2_ws/log) by extensions ['ignore', 'ignore_ament_install']
[0.688s] Level 1:colcon.colcon_core.package_identification:_identify(/home/humberto/ros2_ws/log) by extension 'ignore'
[0.688s] Level 1:colcon.colcon_core.package_identification:_identify(/home/humberto/ros2_ws/log) ignored
[0.688s] Level 1:colcon.colcon_core.package_identification:_identify(/home/humberto/ros2_ws/my_package) by extensions ['ignore', 'ignore_ament_install']
[0.688s] Level 1:colcon.colcon_core.package_identification:_identify(/home/humberto/ros2_ws/my_package) by extension 'ignore'
[0.688s] Level 1:colcon.colcon_core.package_identification:_identify(/home/humberto/ros2_ws/my_package) by extension 'ignore_ament_install'
[0.688s] Level 1:colcon.colcon_core.package_identification:_identify(/home/humberto/ros2_ws/my_package) by extensions ['colcon_pkg']
[0.688s] Level 1:colcon.colcon_core.package_identification:_identify(/home/humberto/ros2_ws/my_package) by extension 'colcon_pkg'
[0.688s] Level 1:colcon.colcon_core.package_identification:_identify(/home/humberto/ros2_ws/my_package) by extensions ['colcon_meta']
[0.689s] Level 1:colcon.colcon_core.package_identification:_identify(/home/humberto/ros2_ws/my_package) by extension 'colcon_meta'
[0.689s] Level 1:colcon.colcon_core.package_identification:_identify(/home/humberto/ros2_ws/my_package) by extensions ['ros']
[0.689s] Level 1:colcon.colcon_core.package_identification:_identify(/home/humberto/ros2_ws/my_package) by extension 'ros'
[0.692s] DEBUG:colcon.colcon_core.package_identification:Package '/home/humberto/ros2_ws/my_package' with type 'ros.ament_cmake' and name 'my_package'
[0.692s] Level 1:colcon.colcon_core.package_identification:_identify(/home/humberto/ros2_ws/src) by extensions ['ignore', 'ignore_ament_install']
[0.692s] Level 1:colcon.colcon_core.package_identification:_identify(/home/humberto/ros2_ws/src) by extension 'ignore'
[0.693s] Level 1:colcon.colcon_core.package_identification:_identify(/home/humberto/ros2_ws/src) by extension 'ignore_ament_install'
[0.693s] Level 1:colcon.colcon_core.package_identification:_identify(/home/humberto/ros2_ws/src) by extensions ['colcon_pkg']
[0.693s] Level 1:colcon.colcon_core.package_identification:_identify(/home/humberto/ros2_ws/src) by extension 'colcon_pkg'
[0.693s] Level 1:colcon.colcon_core.package_identification:_identify(/home/humberto/ros2_ws/src) by extensions ['colcon_meta']
[0.693s] Level 1:colcon.colcon_core.package_identification:_identify(/home/humberto/ros2_ws/src) by extension 'colcon_meta'
[0.693s] Level 1:colcon.colcon_core.package_identification:_identify(/home/humberto/ros2_ws/src) by extensions ['ros']
[0.693s] Level 1:colcon.colcon_core.package_identification:_identify(/home/humberto/ros2_ws/src) by extension 'ros'
[0.693s] Level 1:colcon.colcon_core.package_identification:_identify(/home/humberto/ros2_ws/src) by extensions ['cmake', 'python']
[0.693s] Level 1:colcon.colcon_core.package_identification:_identify(/home/humberto/ros2_ws/src) by extension 'cmake'
[0.693s] Level 1:colcon.colcon_core.package_identification:_identify(/home/humberto/ros2_ws/src) by extension 'python'
[0.693s] Level 1:colcon.colcon_core.package_identification:_identify(/home/humberto/ros2_ws/src) by extensions ['python_setup_py']
[0.693s] Level 1:colcon.colcon_core.package_identification:_identify(/home/humberto/ros2_ws/src) by extension 'python_setup_py'
[0.693s] Level 1:colcon.colcon_core.package_identification:_identify(/home/humberto/ros2_ws/src/basic_comms) by extensions ['ignore', 'ignore_ament_install']
[0.693s] Level 1:colcon.colcon_core.package_identification:_identify(/home/humberto/ros2_ws/src/basic_comms) by extension 'ignore'
[0.693s] Level 1:colcon.colcon_core.package_identification:_identify(/home/humberto/ros2_ws/src/basic_comms) by extension 'ignore_ament_install'
[0.694s] Level 1:colcon.colcon_core.package_identification:_identify(/home/humberto/ros2_ws/src/basic_comms) by extensions ['colcon_pkg']
[0.694s] Level 1:colcon.colcon_core.package_identification:_identify(/home/humberto/ros2_ws/src/basic_comms) by extension 'colcon_pkg'
[0.694s] Level 1:colcon.colcon_core.package_identification:_identify(/home/humberto/ros2_ws/src/basic_comms) by extensions ['colcon_meta']
[0.694s] Level 1:colcon.colcon_core.package_identification:_identify(/home/humberto/ros2_ws/src/basic_comms) by extension 'colcon_meta'
[0.694s] Level 1:colcon.colcon_core.package_identification:_identify(/home/humberto/ros2_ws/src/basic_comms) by extensions ['ros']
[0.694s] Level 1:colcon.colcon_core.package_identification:_identify(/home/humberto/ros2_ws/src/basic_comms) by extension 'ros'
[0.695s] DEBUG:colcon.colcon_core.package_identification:Package '/home/humberto/ros2_ws/src/basic_comms' with type 'ros.ament_python' and name 'basic_comms'
[0.695s] Level 1:colcon.colcon_core.package_identification:_identify(/home/humberto/ros2_ws/src/ros_tutorials) by extensions ['ignore', 'ignore_ament_install']
[0.696s] Level 1:colcon.colcon_core.package_identification:_identify(/home/humberto/ros2_ws/src/ros_tutorials) by extension 'ignore'
[0.696s] Level 1:colcon.colcon_core.package_identification:_identify(/home/humberto/ros2_ws/src/ros_tutorials) by extension 'ignore_ament_install'
[0.696s] Level 1:colcon.colcon_core.package_identification:_identify(/home/humberto/ros2_ws/src/ros_tutorials) by extensions ['colcon_pkg']
[0.696s] Level 1:colcon.colcon_core.package_identification:_identify(/home/humberto/ros2_ws/src/ros_tutorials) by extension 'colcon_pkg'
[0.696s] Level 1:colcon.colcon_core.package_identification:_identify(/home/humberto/ros2_ws/src/ros_tutorials) by extensions ['colcon_meta']
[0.696s] Level 1:colcon.colcon_core.package_identification:_identify(/home/humberto/ros2_ws/src/ros_tutorials) by extension 'colcon_meta'
[0.696s] Level 1:colcon.colcon_core.package_identification:_identify(/home/humberto/ros2_ws/src/ros_tutorials) by extensions ['ros']
[0.696s] Level 1:colcon.colcon_core.package_identification:_identify(/home/humberto/ros2_ws/src/ros_tutorials) by extension 'ros'
[0.696s] Level 1:colcon.colcon_core.package_identification:_identify(/home/humberto/ros2_ws/src/ros_tutorials) by extensions ['cmake', 'python']
[0.696s] Level 1:colcon.colcon_core.package_identification:_identify(/home/humberto/ros2_ws/src/ros_tutorials) by extension 'cmake'
[0.696s] Level 1:colcon.colcon_core.package_identification:_identify(/home/humberto/ros2_ws/src/ros_tutorials) by extension 'python'
[0.696s] Level 1:colcon.colcon_core.package_identification:_identify(/home/humberto/ros2_ws/src/ros_tutorials) by extensions ['python_setup_py']
[0.696s] Level 1:colcon.colcon_core.package_identification:_identify(/home/humberto/ros2_ws/src/ros_tutorials) by extension 'python_setup_py'
[0.697s] Level 1:colcon.colcon_core.package_identification:_identify(/home/humberto/ros2_ws/src/ros_tutorials/ros_tutorials) by extensions ['ignore', 'ignore_ament_install']
[0.697s] Level 1:colcon.colcon_core.package_identification:_identify(/home/humberto/ros2_ws/src/ros_tutorials/ros_tutorials) by extension 'ignore'
[0.697s] Level 1:colcon.colcon_core.package_identification:_identify(/home/humberto/ros2_ws/src/ros_tutorials/ros_tutorials) ignored
[0.697s] Level 1:colcon.colcon_core.package_identification:_identify(/home/humberto/ros2_ws/src/ros_tutorials/roscpp_tutorials) by extensions ['ignore', 'ignore_ament_install']
[0.697s] Level 1:colcon.colcon_core.package_identification:_identify(/home/humberto/ros2_ws/src/ros_tutorials/roscpp_tutorials) by extension 'ignore'
[0.697s] Level 1:colcon.colcon_core.package_identification:_identify(/home/humberto/ros2_ws/src/ros_tutorials/roscpp_tutorials) ignored
[0.697s] Level 1:colcon.colcon_core.package_identification:_identify(/home/humberto/ros2_ws/src/ros_tutorials/rospy_tutorials) by extensions ['ignore', 'ignore_ament_install']
[0.698s] Level 1:colcon.colcon_core.package_identification:_identify(/home/humberto/ros2_ws/src/ros_tutorials/rospy_tutorials) by extension 'ignore'
[0.698s] Level 1:colcon.colcon_core.package_identification:_identify(/home/humberto/ros2_ws/src/ros_tutorials/rospy_tutorials) ignored
[0.698s] Level 1:colcon.colcon_core.package_identification:_identify(/home/humberto/ros2_ws/src/ros_tutorials/turtlesim) by extensions ['ignore', 'ignore_ament_install']
[0.698s] Level 1:colcon.colcon_core.package_identification:_identify(/home/humberto/ros2_ws/src/ros_tutorials/turtlesim) by extension 'ignore'
[0.698s] Level 1:colcon.colcon_core.package_identification:_identify(/home/humberto/ros2_ws/src/ros_tutorials/turtlesim) by extension 'ignore_ament_install'
[0.698s] Level 1:colcon.colcon_core.package_identification:_identify(/home/humberto/ros2_ws/src/ros_tutorials/turtlesim) by extensions ['colcon_pkg']
[0.698s] Level 1:colcon.colcon_core.package_identification:_identify(/home/humberto/ros2_ws/src/ros_tutorials/turtlesim) by extension 'colcon_pkg'
[0.698s] Level 1:colcon.colcon_core.package_identification:_identify(/home/humberto/ros2_ws/src/ros_tutorials/turtlesim) by extensions ['colcon_meta']
[0.698s] Level 1:colcon.colcon_core.package_identification:_identify(/home/humberto/ros2_ws/src/ros_tutorials/turtlesim) by extension 'colcon_meta'
[0.698s] Level 1:colcon.colcon_core.package_identification:_identify(/home/humberto/ros2_ws/src/ros_tutorials/turtlesim) by extensions ['ros']
[0.698s] Level 1:colcon.colcon_core.package_identification:_identify(/home/humberto/ros2_ws/src/ros_tutorials/turtlesim) by extension 'ros'
[0.700s] DEBUG:colcon.colcon_core.package_identification:Package '/home/humberto/ros2_ws/src/ros_tutorials/turtlesim' with type 'ros.ament_cmake' and name 'turtlesim'
[0.700s] Level 1:colcon.colcon_core.package_discovery:discover_packages(recursive) using defaults
