[1.365s] Invoking command in '/home/humberto/ros2_ws/build/motor_control': PYTHONPATH=/home/humberto/ros2_ws/build/motor_control/prefix_override:/usr/lib/python3/dist-packages/colcon_core/task/python/colcon_distutils_commands:/home/humberto/ros2_ws/install/motor_control/lib/python3.10/site-packages:${PYTHONPATH} /usr/bin/python3 -W ignore:setup.py install is deprecated -W ignore:easy_install command is deprecated setup.py develop --editable --build-directory /home/humberto/ros2_ws/build/motor_control/build --no-deps symlink_data
[1.785s] running develop
[2.011s] running egg_info
[2.011s] writing motor_control.egg-info/PKG-INFO
[2.011s] writing dependency_links to motor_control.egg-info/dependency_links.txt
[2.012s] writing entry points to motor_control.egg-info/entry_points.txt
[2.012s] writing requirements to motor_control.egg-info/requires.txt
[2.012s] writing top-level names to motor_control.egg-info/top_level.txt
[2.013s] reading manifest file 'motor_control.egg-info/SOURCES.txt'
[2.014s] writing manifest file 'motor_control.egg-info/SOURCES.txt'
[2.018s] running build_ext
[2.019s] Creating /home/humberto/ros2_ws/install/motor_control/lib/python3.10/site-packages/motor-control.egg-link (link to .)
[2.019s] Installing controller script to /home/humberto/ros2_ws/install/motor_control/lib/motor_control
[2.019s] Installing dc_motor script to /home/humberto/ros2_ws/install/motor_control/lib/motor_control
[2.019s] Installing set_point script to /home/humberto/ros2_ws/install/motor_control/lib/motor_control
[2.020s] 
[2.020s] Installed /home/humberto/ros2_ws/build/motor_control
[2.020s] running symlink_data
[2.020s] error: can't copy '/home/humberto/ros2_ws/build/motor_control/launch/motor_2_launch.py': doesn't exist or not a regular file
[2.041s] Invoked command in '/home/humberto/ros2_ws/build/motor_control' returned '1': PYTHONPATH=/home/humberto/ros2_ws/build/motor_control/prefix_override:/usr/lib/python3/dist-packages/colcon_core/task/python/colcon_distutils_commands:/home/humberto/ros2_ws/install/motor_control/lib/python3.10/site-packages:${PYTHONPATH} /usr/bin/python3 -W ignore:setup.py install is deprecated -W ignore:easy_install command is deprecated setup.py develop --editable --build-directory /home/humberto/ros2_ws/build/motor_control/build --no-deps symlink_data
