[2.393s] Invoking command in '/home/humberto/ros2_ws/motor_control': PYTHONPATH=/home/humberto/ros2_ws/build/motor_control/prefix_override:/usr/lib/python3/dist-packages/colcon_core/task/python/colcon_distutils_commands:/home/humberto/ros2_ws/install/motor_control/lib/python3.10/site-packages:${PYTHONPATH} /usr/bin/python3 -W ignore:setup.py install is deprecated -W ignore:easy_install command is deprecated setup.py egg_info --egg-base ../build/motor_control build --build-base /home/humberto/ros2_ws/build/motor_control/build install --record /home/humberto/ros2_ws/build/motor_control/install.log --single-version-externally-managed install_data
[3.093s] running egg_info
[3.094s] creating ../build/motor_control/motor_control.egg-info
[3.094s] writing ../build/motor_control/motor_control.egg-info/PKG-INFO
[3.095s] writing dependency_links to ../build/motor_control/motor_control.egg-info/dependency_links.txt
[3.095s] writing entry points to ../build/motor_control/motor_control.egg-info/entry_points.txt
[3.095s] writing requirements to ../build/motor_control/motor_control.egg-info/requires.txt
[3.096s] writing top-level names to ../build/motor_control/motor_control.egg-info/top_level.txt
[3.096s] writing manifest file '../build/motor_control/motor_control.egg-info/SOURCES.txt'
[3.098s] reading manifest file '../build/motor_control/motor_control.egg-info/SOURCES.txt'
[3.099s] adding license file 'LICENSE'
[3.099s] writing manifest file '../build/motor_control/motor_control.egg-info/SOURCES.txt'
[3.100s] running build
[3.100s] running build_py
[3.100s] creating /home/humberto/ros2_ws/build/motor_control/build
[3.100s] creating /home/humberto/ros2_ws/build/motor_control/build/lib
[3.100s] creating /home/humberto/ros2_ws/build/motor_control/build/lib/motor_control
[3.101s] copying motor_control/set_point.py -> /home/humberto/ros2_ws/build/motor_control/build/lib/motor_control
[3.101s] copying motor_control/dc_motor.py -> /home/humberto/ros2_ws/build/motor_control/build/lib/motor_control
[3.101s] copying motor_control/__init__.py -> /home/humberto/ros2_ws/build/motor_control/build/lib/motor_control
[3.101s] running install
[3.101s] running install_lib
[3.102s] creating /home/humberto/ros2_ws/install/motor_control/lib/python3.10/site-packages/motor_control
[3.103s] copying /home/humberto/ros2_ws/build/motor_control/build/lib/motor_control/set_point.py -> /home/humberto/ros2_ws/install/motor_control/lib/python3.10/site-packages/motor_control
[3.103s] copying /home/humberto/ros2_ws/build/motor_control/build/lib/motor_control/dc_motor.py -> /home/humberto/ros2_ws/install/motor_control/lib/python3.10/site-packages/motor_control
[3.103s] copying /home/humberto/ros2_ws/build/motor_control/build/lib/motor_control/__init__.py -> /home/humberto/ros2_ws/install/motor_control/lib/python3.10/site-packages/motor_control
[3.106s] byte-compiling /home/humberto/ros2_ws/install/motor_control/lib/python3.10/site-packages/motor_control/set_point.py to set_point.cpython-310.pyc
[3.107s] byte-compiling /home/humberto/ros2_ws/install/motor_control/lib/python3.10/site-packages/motor_control/dc_motor.py to dc_motor.cpython-310.pyc
[3.107s] byte-compiling /home/humberto/ros2_ws/install/motor_control/lib/python3.10/site-packages/motor_control/__init__.py to __init__.cpython-310.pyc
[3.107s] running install_data
[3.108s] creating /home/humberto/ros2_ws/install/motor_control/share/ament_index
[3.108s] creating /home/humberto/ros2_ws/install/motor_control/share/ament_index/resource_index
[3.108s] creating /home/humberto/ros2_ws/install/motor_control/share/ament_index/resource_index/packages
[3.108s] copying resource/motor_control -> /home/humberto/ros2_ws/install/motor_control/share/ament_index/resource_index/packages
[3.108s] copying package.xml -> /home/humberto/ros2_ws/install/motor_control/share/motor_control
[3.108s] creating /home/humberto/ros2_ws/install/motor_control/share/motor_control/launch
[3.108s] copying launch/motor_launch.py -> /home/humberto/ros2_ws/install/motor_control/share/motor_control/launch
[3.108s] running install_egg_info
[3.114s] Copying ../build/motor_control/motor_control.egg-info to /home/humberto/ros2_ws/install/motor_control/lib/python3.10/site-packages/motor_control-0.0.0-py3.10.egg-info
[3.115s] running install_scripts
[3.169s] Installing dc_motor script to /home/humberto/ros2_ws/install/motor_control/lib/motor_control
[3.169s] Installing set_point script to /home/humberto/ros2_ws/install/motor_control/lib/motor_control
[3.169s] writing list of installed files to '/home/humberto/ros2_ws/build/motor_control/install.log'
[3.200s] Invoked command in '/home/humberto/ros2_ws/motor_control' returned '0': PYTHONPATH=/home/humberto/ros2_ws/build/motor_control/prefix_override:/usr/lib/python3/dist-packages/colcon_core/task/python/colcon_distutils_commands:/home/humberto/ros2_ws/install/motor_control/lib/python3.10/site-packages:${PYTHONPATH} /usr/bin/python3 -W ignore:setup.py install is deprecated -W ignore:easy_install command is deprecated setup.py egg_info --egg-base ../build/motor_control build --build-base /home/humberto/ros2_ws/build/motor_control/build install --record /home/humberto/ros2_ws/build/motor_control/install.log --single-version-externally-managed install_data
