[2.479s] Invoking command in '/home/humberto/ros2_ws/src/motor_control': PYTHONPATH=/home/humberto/ros2_ws/build/motor_control/prefix_override:/usr/lib/python3/dist-packages/colcon_core/task/python/colcon_distutils_commands:/home/humberto/ros2_ws/install/motor_control/lib/python3.10/site-packages:${PYTHONPATH} /usr/bin/python3 -W ignore:setup.py install is deprecated -W ignore:easy_install command is deprecated setup.py egg_info --egg-base ../../build/motor_control build --build-base /home/humberto/ros2_ws/build/motor_control/build install --record /home/humberto/ros2_ws/build/motor_control/install.log --single-version-externally-managed install_data
[3.169s] running egg_info
[3.171s] writing ../../build/motor_control/motor_control.egg-info/PKG-INFO
[3.171s] writing dependency_links to ../../build/motor_control/motor_control.egg-info/dependency_links.txt
[3.171s] writing entry points to ../../build/motor_control/motor_control.egg-info/entry_points.txt
[3.172s] writing requirements to ../../build/motor_control/motor_control.egg-info/requires.txt
[3.172s] writing top-level names to ../../build/motor_control/motor_control.egg-info/top_level.txt
[3.174s] reading manifest file '../../build/motor_control/motor_control.egg-info/SOURCES.txt'
[3.174s] adding license file 'LICENSE'
[3.175s] writing manifest file '../../build/motor_control/motor_control.egg-info/SOURCES.txt'
[3.175s] running build
[3.176s] running build_py
[3.176s] running install
[3.177s] running install_lib
[3.181s] running install_data
[3.181s] running install_egg_info
[3.188s] removing '/home/humberto/ros2_ws/install/motor_control/lib/python3.10/site-packages/motor_control-0.0.0-py3.10.egg-info' (and everything under it)
[3.188s] Copying ../../build/motor_control/motor_control.egg-info to /home/humberto/ros2_ws/install/motor_control/lib/python3.10/site-packages/motor_control-0.0.0-py3.10.egg-info
[3.190s] running install_scripts
[3.251s] Installing dc_motor script to /home/humberto/ros2_ws/install/motor_control/lib/motor_control
[3.251s] Installing set_point script to /home/humberto/ros2_ws/install/motor_control/lib/motor_control
[3.252s] writing list of installed files to '/home/humberto/ros2_ws/build/motor_control/install.log'
[3.284s] Invoked command in '/home/humberto/ros2_ws/src/motor_control' returned '0': PYTHONPATH=/home/humberto/ros2_ws/build/motor_control/prefix_override:/usr/lib/python3/dist-packages/colcon_core/task/python/colcon_distutils_commands:/home/humberto/ros2_ws/install/motor_control/lib/python3.10/site-packages:${PYTHONPATH} /usr/bin/python3 -W ignore:setup.py install is deprecated -W ignore:easy_install command is deprecated setup.py egg_info --egg-base ../../build/motor_control build --build-base /home/humberto/ros2_ws/build/motor_control/build install --record /home/humberto/ros2_ws/build/motor_control/install.log --single-version-externally-managed install_data
