running egg_info
creating ../../build/signal_processing/signal_processing.egg-info
writing ../../build/signal_processing/signal_processing.egg-info/PKG-INFO
writing dependency_links to ../../build/signal_processing/signal_processing.egg-info/dependency_links.txt
writing entry points to ../../build/signal_processing/signal_processing.egg-info/entry_points.txt
writing requirements to ../../build/signal_processing/signal_processing.egg-info/requires.txt
writing top-level names to ../../build/signal_processing/signal_processing.egg-info/top_level.txt
writing manifest file '../../build/signal_processing/signal_processing.egg-info/SOURCES.txt'
reading manifest file '../../build/signal_processing/signal_processing.egg-info/SOURCES.txt'
writing manifest file '../../build/signal_processing/signal_processing.egg-info/SOURCES.txt'
running build
running build_py
creating /home/humberto/MCH1_WS/build/signal_processing/build
creating /home/humberto/MCH1_WS/build/signal_processing/build/lib
creating /home/humberto/MCH1_WS/build/signal_processing/build/lib/signal_processing
copying signal_processing/signal_generator.py -> /home/humberto/MCH1_WS/build/signal_processing/build/lib/signal_processing
copying signal_processing/__init__.py -> /home/humberto/MCH1_WS/build/signal_processing/build/lib/signal_processing
copying signal_processing/process.py -> /home/humberto/MCH1_WS/build/signal_processing/build/lib/signal_processing
running install
running install_lib
creating /home/humberto/MCH1_WS/install/signal_processing/lib/python3.10/site-packages/signal_processing
copying /home/humberto/MCH1_WS/build/signal_processing/build/lib/signal_processing/signal_generator.py -> /home/humberto/MCH1_WS/install/signal_processing/lib/python3.10/site-packages/signal_processing
copying /home/humberto/MCH1_WS/build/signal_processing/build/lib/signal_processing/__init__.py -> /home/humberto/MCH1_WS/install/signal_processing/lib/python3.10/site-packages/signal_processing
copying /home/humberto/MCH1_WS/build/signal_processing/build/lib/signal_processing/process.py -> /home/humberto/MCH1_WS/install/signal_processing/lib/python3.10/site-packages/signal_processing
byte-compiling /home/humberto/MCH1_WS/install/signal_processing/lib/python3.10/site-packages/signal_processing/signal_generator.py to signal_generator.cpython-310.pyc
byte-compiling /home/humberto/MCH1_WS/install/signal_processing/lib/python3.10/site-packages/signal_processing/__init__.py to __init__.cpython-310.pyc
byte-compiling /home/humberto/MCH1_WS/install/signal_processing/lib/python3.10/site-packages/signal_processing/process.py to process.cpython-310.pyc
running install_data
creating /home/humberto/MCH1_WS/install/signal_processing/share/signal_processing/launch
copying launch/signal_processing_launch.py -> /home/humberto/MCH1_WS/install/signal_processing/share/signal_processing/launch
running install_egg_info
Copying ../../build/signal_processing/signal_processing.egg-info to /home/humberto/MCH1_WS/install/signal_processing/lib/python3.10/site-packages/signal_processing-0.0.0-py3.10.egg-info
running install_scripts
Installing process script to /home/humberto/MCH1_WS/install/signal_processing/lib/signal_processing
Installing signal_generator script to /home/humberto/MCH1_WS/install/signal_processing/lib/signal_processing
writing list of installed files to '/home/humberto/MCH1_WS/build/signal_processing/install.log'
