[1.534s] Invoking command in '/home/humberto/ros2_ws/src/basic_comms': PYTHONPATH=/home/humberto/ros2_ws/build/basic_comms/prefix_override:/usr/lib/python3/dist-packages/colcon_core/task/python/colcon_distutils_commands:/home/humberto/ros2_ws/install/basic_comms/lib/python3.10/site-packages:${PYTHONPATH} /usr/bin/python3 -W ignore:setup.py install is deprecated -W ignore:easy_install command is deprecated setup.py egg_info --egg-base ../../build/basic_comms build --build-base /home/humberto/ros2_ws/build/basic_comms/build install --record /home/humberto/ros2_ws/build/basic_comms/install.log --single-version-externally-managed install_data
[1.960s] running egg_info
[1.961s] writing ../../build/basic_comms/basic_comms.egg-info/PKG-INFO
[1.961s] writing dependency_links to ../../build/basic_comms/basic_comms.egg-info/dependency_links.txt
[1.961s] writing entry points to ../../build/basic_comms/basic_comms.egg-info/entry_points.txt
[1.961s] writing requirements to ../../build/basic_comms/basic_comms.egg-info/requires.txt
[1.961s] writing top-level names to ../../build/basic_comms/basic_comms.egg-info/top_level.txt
[1.963s] reading manifest file '../../build/basic_comms/basic_comms.egg-info/SOURCES.txt'
[1.963s] writing manifest file '../../build/basic_comms/basic_comms.egg-info/SOURCES.txt'
[1.964s] running build
[1.964s] running build_py
[1.964s] running install
[1.964s] running install_lib
[1.967s] running install_data
[1.968s] running install_egg_info
[1.972s] removing '/home/humberto/ros2_ws/install/basic_comms/lib/python3.10/site-packages/basic_comms-0.0.0-py3.10.egg-info' (and everything under it)
[1.972s] Copying ../../build/basic_comms/basic_comms.egg-info to /home/humberto/ros2_ws/install/basic_comms/lib/python3.10/site-packages/basic_comms-0.0.0-py3.10.egg-info
[1.973s] running install_scripts
[2.009s] Installing listener script to /home/humberto/ros2_ws/install/basic_comms/lib/basic_comms
[2.009s] Installing talker script to /home/humberto/ros2_ws/install/basic_comms/lib/basic_comms
[2.009s] writing list of installed files to '/home/humberto/ros2_ws/build/basic_comms/install.log'
[2.039s] Invoked command in '/home/humberto/ros2_ws/src/basic_comms' returned '0': PYTHONPATH=/home/humberto/ros2_ws/build/basic_comms/prefix_override:/usr/lib/python3/dist-packages/colcon_core/task/python/colcon_distutils_commands:/home/humberto/ros2_ws/install/basic_comms/lib/python3.10/site-packages:${PYTHONPATH} /usr/bin/python3 -W ignore:setup.py install is deprecated -W ignore:easy_install command is deprecated setup.py egg_info --egg-base ../../build/basic_comms build --build-base /home/humberto/ros2_ws/build/basic_comms/build install --record /home/humberto/ros2_ws/build/basic_comms/install.log --single-version-externally-managed install_data
