[0.207s] DEBUG:colcon:Command line arguments: ['/usr/bin/colcon', 'build', '--symlink-install']
[0.207s] DEBUG:colcon:Parsed command line arguments: Namespace(log_base=None, log_level=None, verb_name='build', build_base='build', install_base='install', merge_install=False, symlink_install=True, test_result_base=None, continue_on_error=False, executor='parallel', parallel_workers=16, event_handlers=None, ignore_user_meta=False, metas=['./colcon.meta'], base_paths=['.'], packages_ignore=None, packages_ignore_regex=None, paths=None, packages_up_to=None, packages_up_to_regex=None, packages_above=None, packages_above_and_dependencies=None, packages_above_depth=None, packages_select_by_dep=None, packages_skip_by_dep=None, packages_skip_up_to=None, packages_select_build_failed=False, packages_skip_build_finished=False, packages_select_test_failures=False, packages_skip_test_passed=False, packages_select=None, packages_skip=None, packages_select_regex=None, packages_skip_regex=None, packages_start=None, packages_end=None, allow_overriding=[], cmake_args=None, cmake_target=None, cmake_target_skip_unavailable=False, cmake_clean_cache=False, cmake_clean_first=False, cmake_force_configure=False, ament_cmake_args=None, catkin_cmake_args=None, catkin_skip_building_tests=False, mixin_files=None, mixin=None, verb_parser=<colcon_mixin.mixin.mixin_argument.MixinArgumentDecorator object at 0x76b7efc902e0>, verb_extension=<colcon_core.verb.build.BuildVerb object at 0x76b7efc57c70>, main=<bound method BuildVerb.main of <colcon_core.verb.build.BuildVerb object at 0x76b7efc57c70>>, mixin_verb=('build',))
[0.424s] Level 1:colcon.colcon_core.package_discovery:discover_packages(colcon_meta) check parameters
[0.425s] Level 1:colcon.colcon_core.package_discovery:discover_packages(recursive) check parameters
[0.425s] Level 1:colcon.colcon_core.package_discovery:discover_packages(ignore) check parameters
[0.425s] Level 1:colcon.colcon_core.package_discovery:discover_packages(path) check parameters
[0.425s] Level 1:colcon.colcon_core.package_discovery:discover_packages(colcon_meta) discover
[0.425s] Level 1:colcon.colcon_core.package_discovery:discover_packages(recursive) discover
[0.425s] INFO:colcon.colcon_core.package_discovery:Crawling recursively for packages in '/home/humberto/ros2_ws'
[0.425s] Level 1:colcon.colcon_core.package_identification:_identify(.) by extensions ['ignore', 'ignore_ament_install']
[0.425s] Level 1:colcon.colcon_core.package_identification:_identify(.) by extension 'ignore'
[0.425s] Level 1:colcon.colcon_core.package_identification:_identify(.) by extension 'ignore_ament_install'
[0.425s] Level 1:colcon.colcon_core.package_identification:_identify(.) by extensions ['colcon_pkg']
[0.425s] Level 1:colcon.colcon_core.package_identification:_identify(.) by extension 'colcon_pkg'
[0.425s] Level 1:colcon.colcon_core.package_identification:_identify(.) by extensions ['colcon_meta']
[0.425s] Level 1:colcon.colcon_core.package_identification:_identify(.) by extension 'colcon_meta'
[0.425s] Level 1:colcon.colcon_core.package_identification:_identify(.) by extensions ['ros']
[0.425s] Level 1:colcon.colcon_core.package_identification:_identify(.) by extension 'ros'
[0.437s] Level 1:colcon.colcon_core.package_identification:_identify(.) by extensions ['cmake', 'python']
[0.437s] Level 1:colcon.colcon_core.package_identification:_identify(.) by extension 'cmake'
[0.438s] Level 1:colcon.colcon_core.package_identification:_identify(.) by extension 'python'
[0.438s] Level 1:colcon.colcon_core.package_identification:_identify(.) by extensions ['python_setup_py']
[0.438s] Level 1:colcon.colcon_core.package_identification:_identify(.) by extension 'python_setup_py'
[0.438s] Level 1:colcon.colcon_core.package_identification:_identify(build) by extensions ['ignore', 'ignore_ament_install']
[0.438s] Level 1:colcon.colcon_core.package_identification:_identify(build) by extension 'ignore'
[0.438s] Level 1:colcon.colcon_core.package_identification:_identify(build) ignored
[0.438s] Level 1:colcon.colcon_core.package_identification:_identify(install) by extensions ['ignore', 'ignore_ament_install']
[0.438s] Level 1:colcon.colcon_core.package_identification:_identify(install) by extension 'ignore'
[0.438s] Level 1:colcon.colcon_core.package_identification:_identify(install) ignored
[0.438s] Level 1:colcon.colcon_core.package_identification:_identify(log) by extensions ['ignore', 'ignore_ament_install']
[0.438s] Level 1:colcon.colcon_core.package_identification:_identify(log) by extension 'ignore'
[0.438s] Level 1:colcon.colcon_core.package_identification:_identify(log) ignored
[0.438s] Level 1:colcon.colcon_core.package_identification:_identify(my_package) by extensions ['ignore', 'ignore_ament_install']
[0.438s] Level 1:colcon.colcon_core.package_identification:_identify(my_package) by extension 'ignore'
[0.438s] Level 1:colcon.colcon_core.package_identification:_identify(my_package) by extension 'ignore_ament_install'
[0.439s] Level 1:colcon.colcon_core.package_identification:_identify(my_package) by extensions ['colcon_pkg']
[0.439s] Level 1:colcon.colcon_core.package_identification:_identify(my_package) by extension 'colcon_pkg'
[0.439s] Level 1:colcon.colcon_core.package_identification:_identify(my_package) by extensions ['colcon_meta']
[0.439s] Level 1:colcon.colcon_core.package_identification:_identify(my_package) by extension 'colcon_meta'
[0.439s] Level 1:colcon.colcon_core.package_identification:_identify(my_package) by extensions ['ros']
[0.439s] Level 1:colcon.colcon_core.package_identification:_identify(my_package) by extension 'ros'
[0.449s] DEBUG:colcon.colcon_core.package_identification:Package 'my_package' with type 'ros.ament_cmake' and name 'my_package'
[0.449s] Level 1:colcon.colcon_core.package_identification:_identify(src) by extensions ['ignore', 'ignore_ament_install']
[0.449s] Level 1:colcon.colcon_core.package_identification:_identify(src) by extension 'ignore'
[0.449s] Level 1:colcon.colcon_core.package_identification:_identify(src) by extension 'ignore_ament_install'
[0.450s] Level 1:colcon.colcon_core.package_identification:_identify(src) by extensions ['colcon_pkg']
[0.450s] Level 1:colcon.colcon_core.package_identification:_identify(src) by extension 'colcon_pkg'
[0.450s] Level 1:colcon.colcon_core.package_identification:_identify(src) by extensions ['colcon_meta']
[0.450s] Level 1:colcon.colcon_core.package_identification:_identify(src) by extension 'colcon_meta'
[0.450s] Level 1:colcon.colcon_core.package_identification:_identify(src) by extensions ['ros']
[0.450s] Level 1:colcon.colcon_core.package_identification:_identify(src) by extension 'ros'
[0.450s] Level 1:colcon.colcon_core.package_identification:_identify(src) by extensions ['cmake', 'python']
[0.450s] Level 1:colcon.colcon_core.package_identification:_identify(src) by extension 'cmake'
[0.450s] Level 1:colcon.colcon_core.package_identification:_identify(src) by extension 'python'
[0.450s] Level 1:colcon.colcon_core.package_identification:_identify(src) by extensions ['python_setup_py']
[0.450s] Level 1:colcon.colcon_core.package_identification:_identify(src) by extension 'python_setup_py'
[0.450s] Level 1:colcon.colcon_core.package_identification:_identify(src/basic_comms) by extensions ['ignore', 'ignore_ament_install']
[0.450s] Level 1:colcon.colcon_core.package_identification:_identify(src/basic_comms) by extension 'ignore'
[0.450s] Level 1:colcon.colcon_core.package_identification:_identify(src/basic_comms) by extension 'ignore_ament_install'
[0.450s] Level 1:colcon.colcon_core.package_identification:_identify(src/basic_comms) by extensions ['colcon_pkg']
[0.450s] Level 1:colcon.colcon_core.package_identification:_identify(src/basic_comms) by extension 'colcon_pkg'
[0.450s] Level 1:colcon.colcon_core.package_identification:_identify(src/basic_comms) by extensions ['colcon_meta']
[0.450s] Level 1:colcon.colcon_core.package_identification:_identify(src/basic_comms) by extension 'colcon_meta'
[0.450s] Level 1:colcon.colcon_core.package_identification:_identify(src/basic_comms) by extensions ['ros']
[0.451s] Level 1:colcon.colcon_core.package_identification:_identify(src/basic_comms) by extension 'ros'
[0.451s] DEBUG:colcon.colcon_core.package_identification:Package 'src/basic_comms' with type 'ros.ament_python' and name 'basic_comms'
[0.451s] Level 1:colcon.colcon_core.package_identification:_identify(src/build) by extensions ['ignore', 'ignore_ament_install']
[0.451s] Level 1:colcon.colcon_core.package_identification:_identify(src/build) by extension 'ignore'
[0.451s] Level 1:colcon.colcon_core.package_identification:_identify(src/build) ignored
[0.451s] Level 1:colcon.colcon_core.package_identification:_identify(src/install) by extensions ['ignore', 'ignore_ament_install']
[0.451s] Level 1:colcon.colcon_core.package_identification:_identify(src/install) by extension 'ignore'
[0.452s] Level 1:colcon.colcon_core.package_identification:_identify(src/install) ignored
[0.452s] Level 1:colcon.colcon_core.package_identification:_identify(src/log) by extensions ['ignore', 'ignore_ament_install']
[0.452s] Level 1:colcon.colcon_core.package_identification:_identify(src/log) by extension 'ignore'
[0.452s] Level 1:colcon.colcon_core.package_identification:_identify(src/log) ignored
[0.452s] Level 1:colcon.colcon_core.package_identification:_identify(src/ros_tutorials) by extensions ['ignore', 'ignore_ament_install']
[0.452s] Level 1:colcon.colcon_core.package_identification:_identify(src/ros_tutorials) by extension 'ignore'
[0.452s] Level 1:colcon.colcon_core.package_identification:_identify(src/ros_tutorials) by extension 'ignore_ament_install'
[0.452s] Level 1:colcon.colcon_core.package_identification:_identify(src/ros_tutorials) by extensions ['colcon_pkg']
[0.452s] Level 1:colcon.colcon_core.package_identification:_identify(src/ros_tutorials) by extension 'colcon_pkg'
[0.452s] Level 1:colcon.colcon_core.package_identification:_identify(src/ros_tutorials) by extensions ['colcon_meta']
[0.452s] Level 1:colcon.colcon_core.package_identification:_identify(src/ros_tutorials) by extension 'colcon_meta'
[0.452s] Level 1:colcon.colcon_core.package_identification:_identify(src/ros_tutorials) by extensions ['ros']
[0.452s] Level 1:colcon.colcon_core.package_identification:_identify(src/ros_tutorials) by extension 'ros'
[0.452s] Level 1:colcon.colcon_core.package_identification:_identify(src/ros_tutorials) by extensions ['cmake', 'python']
[0.452s] Level 1:colcon.colcon_core.package_identification:_identify(src/ros_tutorials) by extension 'cmake'
[0.452s] Level 1:colcon.colcon_core.package_identification:_identify(src/ros_tutorials) by extension 'python'
[0.452s] Level 1:colcon.colcon_core.package_identification:_identify(src/ros_tutorials) by extensions ['python_setup_py']
[0.452s] Level 1:colcon.colcon_core.package_identification:_identify(src/ros_tutorials) by extension 'python_setup_py'
[0.453s] Level 1:colcon.colcon_core.package_identification:_identify(src/ros_tutorials/ros_tutorials) by extensions ['ignore', 'ignore_ament_install']
[0.453s] Level 1:colcon.colcon_core.package_identification:_identify(src/ros_tutorials/ros_tutorials) by extension 'ignore'
[0.453s] Level 1:colcon.colcon_core.package_identification:_identify(src/ros_tutorials/ros_tutorials) ignored
[0.453s] Level 1:colcon.colcon_core.package_identification:_identify(src/ros_tutorials/roscpp_tutorials) by extensions ['ignore', 'ignore_ament_install']
[0.453s] Level 1:colcon.colcon_core.package_identification:_identify(src/ros_tutorials/roscpp_tutorials) by extension 'ignore'
[0.453s] Level 1:colcon.colcon_core.package_identification:_identify(src/ros_tutorials/roscpp_tutorials) ignored
[0.453s] Level 1:colcon.colcon_core.package_identification:_identify(src/ros_tutorials/rospy_tutorials) by extensions ['ignore', 'ignore_ament_install']
[0.453s] Level 1:colcon.colcon_core.package_identification:_identify(src/ros_tutorials/rospy_tutorials) by extension 'ignore'
[0.453s] Level 1:colcon.colcon_core.package_identification:_identify(src/ros_tutorials/rospy_tutorials) ignored
[0.453s] Level 1:colcon.colcon_core.package_identification:_identify(src/ros_tutorials/turtlesim) by extensions ['ignore', 'ignore_ament_install']
[0.453s] Level 1:colcon.colcon_core.package_identification:_identify(src/ros_tutorials/turtlesim) by extension 'ignore'
[0.453s] Level 1:colcon.colcon_core.package_identification:_identify(src/ros_tutorials/turtlesim) by extension 'ignore_ament_install'
[0.454s] Level 1:colcon.colcon_core.package_identification:_identify(src/ros_tutorials/turtlesim) by extensions ['colcon_pkg']
[0.454s] Level 1:colcon.colcon_core.package_identification:_identify(src/ros_tutorials/turtlesim) by extension 'colcon_pkg'
[0.454s] Level 1:colcon.colcon_core.package_identification:_identify(src/ros_tutorials/turtlesim) by extensions ['colcon_meta']
[0.454s] Level 1:colcon.colcon_core.package_identification:_identify(src/ros_tutorials/turtlesim) by extension 'colcon_meta'
[0.454s] Level 1:colcon.colcon_core.package_identification:_identify(src/ros_tutorials/turtlesim) by extensions ['ros']
[0.454s] Level 1:colcon.colcon_core.package_identification:_identify(src/ros_tutorials/turtlesim) by extension 'ros'
[0.455s] DEBUG:colcon.colcon_core.package_identification:Package 'src/ros_tutorials/turtlesim' with type 'ros.ament_cmake' and name 'turtlesim'
[0.455s] Level 1:colcon.colcon_core.package_discovery:discover_packages(recursive) using defaults
[0.455s] Level 1:colcon.colcon_core.package_discovery:discover_packages(ignore) discover
[0.455s] Level 1:colcon.colcon_core.package_discovery:discover_packages(ignore) using defaults
[0.455s] Level 1:colcon.colcon_core.package_discovery:discover_packages(path) discover
[0.455s] Level 1:colcon.colcon_core.package_discovery:discover_packages(path) using defaults
[0.496s] Level 1:colcon.colcon_core.package_discovery:discover_packages(prefix_path) check parameters
[0.496s] Level 1:colcon.colcon_core.package_discovery:discover_packages(prefix_path) discover
[0.514s] DEBUG:colcon.colcon_installed_package_information.package_discovery:Found 346 installed packages in /home/humberto/ros2_humble/install
[0.516s] Level 1:colcon.colcon_core.package_discovery:discover_packages(prefix_path) using defaults
[0.710s] Level 5:colcon.colcon_core.verb:set package 'basic_comms' build argument 'cmake_args' from command line to 'None'
[0.710s] Level 5:colcon.colcon_core.verb:set package 'basic_comms' build argument 'cmake_target' from command line to 'None'
[0.710s] Level 5:colcon.colcon_core.verb:set package 'basic_comms' build argument 'cmake_target_skip_unavailable' from command line to 'False'
[0.710s] Level 5:colcon.colcon_core.verb:set package 'basic_comms' build argument 'cmake_clean_cache' from command line to 'False'
[0.710s] Level 5:colcon.colcon_core.verb:set package 'basic_comms' build argument 'cmake_clean_first' from command line to 'False'
[0.710s] Level 5:colcon.colcon_core.verb:set package 'basic_comms' build argument 'cmake_force_configure' from command line to 'False'
[0.710s] Level 5:colcon.colcon_core.verb:set package 'basic_comms' build argument 'ament_cmake_args' from command line to 'None'
[0.710s] Level 5:colcon.colcon_core.verb:set package 'basic_comms' build argument 'catkin_cmake_args' from command line to 'None'
[0.710s] Level 5:colcon.colcon_core.verb:set package 'basic_comms' build argument 'catkin_skip_building_tests' from command line to 'False'
[0.711s] DEBUG:colcon.colcon_core.verb:Building package 'basic_comms' with the following arguments: {'ament_cmake_args': None, 'build_base': '/home/humberto/ros2_ws/build/basic_comms', 'catkin_cmake_args': None, 'catkin_skip_building_tests': False, 'cmake_args': None, 'cmake_clean_cache': False, 'cmake_clean_first': False, 'cmake_force_configure': False, 'cmake_target': None, 'cmake_target_skip_unavailable': False, 'install_base': '/home/humberto/ros2_ws/install/basic_comms', 'merge_install': False, 'path': '/home/humberto/ros2_ws/src/basic_comms', 'symlink_install': True, 'test_result_base': None}
[0.711s] Level 5:colcon.colcon_core.verb:set package 'my_package' build argument 'cmake_args' from command line to 'None'
[0.711s] Level 5:colcon.colcon_core.verb:set package 'my_package' build argument 'cmake_target' from command line to 'None'
[0.711s] Level 5:colcon.colcon_core.verb:set package 'my_package' build argument 'cmake_target_skip_unavailable' from command line to 'False'
[0.711s] Level 5:colcon.colcon_core.verb:set package 'my_package' build argument 'cmake_clean_cache' from command line to 'False'
[0.711s] Level 5:colcon.colcon_core.verb:set package 'my_package' build argument 'cmake_clean_first' from command line to 'False'
[0.711s] Level 5:colcon.colcon_core.verb:set package 'my_package' build argument 'cmake_force_configure' from command line to 'False'
[0.711s] Level 5:colcon.colcon_core.verb:set package 'my_package' build argument 'ament_cmake_args' from command line to 'None'
[0.711s] Level 5:colcon.colcon_core.verb:set package 'my_package' build argument 'catkin_cmake_args' from command line to 'None'
[0.711s] Level 5:colcon.colcon_core.verb:set package 'my_package' build argument 'catkin_skip_building_tests' from command line to 'False'
[0.711s] DEBUG:colcon.colcon_core.verb:Building package 'my_package' with the following arguments: {'ament_cmake_args': None, 'build_base': '/home/humberto/ros2_ws/build/my_package', 'catkin_cmake_args': None, 'catkin_skip_building_tests': False, 'cmake_args': None, 'cmake_clean_cache': False, 'cmake_clean_first': False, 'cmake_force_configure': False, 'cmake_target': None, 'cmake_target_skip_unavailable': False, 'install_base': '/home/humberto/ros2_ws/install/my_package', 'merge_install': False, 'path': '/home/humberto/ros2_ws/my_package', 'symlink_install': True, 'test_result_base': None}
[0.711s] Level 5:colcon.colcon_core.verb:set package 'turtlesim' build argument 'cmake_args' from command line to 'None'
[0.711s] Level 5:colcon.colcon_core.verb:set package 'turtlesim' build argument 'cmake_target' from command line to 'None'
[0.711s] Level 5:colcon.colcon_core.verb:set package 'turtlesim' build argument 'cmake_target_skip_unavailable' from command line to 'False'
[0.712s] Level 5:colcon.colcon_core.verb:set package 'turtlesim' build argument 'cmake_clean_cache' from command line to 'False'
[0.712s] Level 5:colcon.colcon_core.verb:set package 'turtlesim' build argument 'cmake_clean_first' from command line to 'False'
[0.712s] Level 5:colcon.colcon_core.verb:set package 'turtlesim' build argument 'cmake_force_configure' from command line to 'False'
[0.712s] Level 5:colcon.colcon_core.verb:set package 'turtlesim' build argument 'ament_cmake_args' from command line to 'None'
[0.712s] Level 5:colcon.colcon_core.verb:set package 'turtlesim' build argument 'catkin_cmake_args' from command line to 'None'
[0.712s] Level 5:colcon.colcon_core.verb:set package 'turtlesim' build argument 'catkin_skip_building_tests' from command line to 'False'
[0.712s] DEBUG:colcon.colcon_core.verb:Building package 'turtlesim' with the following arguments: {'ament_cmake_args': None, 'build_base': '/home/humberto/ros2_ws/build/turtlesim', 'catkin_cmake_args': None, 'catkin_skip_building_tests': False, 'cmake_args': None, 'cmake_clean_cache': False, 'cmake_clean_first': False, 'cmake_force_configure': False, 'cmake_target': None, 'cmake_target_skip_unavailable': False, 'install_base': '/home/humberto/ros2_ws/install/turtlesim', 'merge_install': False, 'path': '/home/humberto/ros2_ws/src/ros_tutorials/turtlesim', 'symlink_install': True, 'test_result_base': None}
[0.712s] INFO:colcon.colcon_core.executor:Executing jobs using 'parallel' executor
[0.713s] DEBUG:colcon.colcon_parallel_executor.executor.parallel:run_until_complete
[0.713s] INFO:colcon.colcon_ros.task.ament_python.build:Building ROS package in '/home/humberto/ros2_ws/src/basic_comms' with build type 'ament_python'
[0.713s] Level 1:colcon.colcon_core.shell:create_environment_hook('basic_comms', 'ament_prefix_path')
[0.720s] INFO:colcon.colcon_core.plugin_system:Skipping extension 'colcon_core.shell.bat': Not used on non-Windows systems
[0.720s] INFO:colcon.colcon_core.shell:Creating environment hook '/home/humberto/ros2_ws/install/basic_comms/share/basic_comms/hook/ament_prefix_path.ps1'
[0.720s] INFO:colcon.colcon_core.shell:Creating environment descriptor '/home/humberto/ros2_ws/install/basic_comms/share/basic_comms/hook/ament_prefix_path.dsv'
[0.721s] INFO:colcon.colcon_core.shell:Creating environment hook '/home/humberto/ros2_ws/install/basic_comms/share/basic_comms/hook/ament_prefix_path.sh'
[0.722s] INFO:colcon.colcon_core.shell:Skip shell extension 'powershell' for command environment: Not usable outside of PowerShell
[0.722s] DEBUG:colcon.colcon_core.shell:Skip shell extension 'dsv' for command environment
[0.742s] INFO:colcon.colcon_ros.task.ament_cmake.build:Building ROS package in '/home/humberto/ros2_ws/my_package' with build type 'ament_cmake'
[0.742s] INFO:colcon.colcon_cmake.task.cmake.build:Building CMake package in '/home/humberto/ros2_ws/my_package'
[0.743s] INFO:colcon.colcon_core.shell:Skip shell extension 'powershell' for command environment: Not usable outside of PowerShell
[0.743s] DEBUG:colcon.colcon_core.shell:Skip shell extension 'dsv' for command environment
[0.766s] INFO:colcon.colcon_ros.task.ament_cmake.build:Building ROS package in '/home/humberto/ros2_ws/src/ros_tutorials/turtlesim' with build type 'ament_cmake'
[0.766s] INFO:colcon.colcon_cmake.task.cmake.build:Building CMake package in '/home/humberto/ros2_ws/src/ros_tutorials/turtlesim'
[0.767s] INFO:colcon.colcon_core.shell:Skip shell extension 'powershell' for command environment: Not usable outside of PowerShell
[0.767s] DEBUG:colcon.colcon_core.shell:Skip shell extension 'dsv' for command environment
[1.266s] INFO:colcon.colcon_core.task.python.build:Building Python package in '/home/humberto/ros2_ws/src/basic_comms'
[1.266s] INFO:colcon.colcon_core.shell:Skip shell extension 'powershell' for command environment: Not usable outside of PowerShell
[1.266s] DEBUG:colcon.colcon_core.shell:Skip shell extension 'dsv' for command environment
[1.291s] DEBUG:colcon.colcon_core.event_handler.log_command:Invoking command in '/home/humberto/ros2_ws/build/my_package': CMAKE_PREFIX_PATH=${CMAKE_PREFIX_PATH}:/home/humberto/ros2_humble/install/rqt_bag_plugins:/home/humberto/ros2_humble/install/rqt_bag:/home/humberto/ros2_humble/install/launch_testing_examples:/home/humberto/ros2_humble/install/ros2bag:/home/humberto/ros2_humble/install/tracetools_test:/home/humberto/ros2_humble/install/tracetools_launch:/home/humberto/ros2_humble/install/topic_monitor:/home/humberto/ros2_humble/install/tf2_tools:/home/humberto/ros2_humble/install/examples_tf2_py:/home/humberto/ros2_humble/install/tf2_ros_py:/home/humberto/ros2_humble/install/sros2:/home/humberto/ros2_humble/install/rqt_topic:/home/humberto/ros2_humble/install/rqt_srv:/home/humberto/ros2_humble/install/rqt_shell:/home/humberto/ros2_humble/install/rqt_service_caller:/home/humberto/ros2_humble/install/rqt_reconfigure:/home/humberto/ros2_humble/install/rqt_py_console:/home/humberto/ros2_humble/install/rqt_publisher:/home/humberto/ros2_humble/install/rqt_plot:/home/humberto/ros2_humble/install/rqt_action:/home/humberto/ros2_humble/install/rqt_msg:/home/humberto/ros2_humble/install/rqt_console:/home/humberto/ros2_humble/install/rqt:/home/humberto/ros2_humble/install/rqt_graph:/home/humberto/ros2_humble/install/rqt_gui_py:/home/humberto/ros2_humble/install/rqt_gui:/home/humberto/ros2_humble/install/ros2trace:/home/humberto/ros2_humble/install/ros2topic:/home/humberto/ros2_humble/install/ros2test:/home/humberto/ros2_humble/install/ros2component:/home/humberto/ros2_humble/install/ros2param:/home/humberto/ros2_humble/install/ros2lifecycle:/home/humberto/ros2_humble/install/ros2service:/home/humberto/ros2_humble/install/ros2run:/home/humberto/ros2_humble/install/ros2launch:/home/humberto/ros2_humble/install/ros2pkg:/home/humberto/ros2_humble/install/ros2node:/home/humberto/ros2_humble/install/ros2multicast:/home/humberto/ros2_humble/install/ros2interface:/home/humberto/ros2_humble/install/ros2doctor:/home/humberto/ros2_humble/install/ros2action:/home/humberto/ros2_humble/install/ros2cli:/home/humberto/ros2_humble/install/quality_of_service_demo_py:/home/humberto/ros2_humble/install/lifecycle_py:/home/humberto/ros2_humble/install/launch_testing_ros:/home/humberto/ros2_humble/install/launch_ros:/home/humberto/ros2_humble/install/examples_rclpy_pointcloud_publisher:/home/humberto/ros2_humble/install/examples_rclpy_minimal_subscriber:/home/humberto/ros2_humble/install/examples_rclpy_minimal_service:/home/humberto/ros2_humble/install/examples_rclpy_minimal_publisher:/home/humberto/ros2_humble/install/examples_rclpy_minimal_client:/home/humberto/ros2_humble/install/examples_rclpy_minimal_action_server:/home/humberto/ros2_humble/install/examples_rclpy_minimal_action_client:/home/humberto/ros2_humble/install/examples_rclpy_guard_conditions:/home/humberto/ros2_humble/install/examples_rclpy_executors:/home/humberto/ros2_humble/install/demo_nodes_py:/home/humberto/ros2_humble/install/camera_info_manager_py:/home/humberto/ros2_humble/install/action_tutorials_py:/home/humberto/ros2_humble/install/ament_uncrustify:/home/humberto/ros2_humble/install/tracetools_trace:/home/humberto/ros2_humble/install/tracetools_read:/home/humberto/ros2_humble/install/test_tracetools_launch:/home/humberto/ros2_humble/install/test_launch_ros:/home/humberto/ros2_humble/install/sensor_msgs_py:/home/humberto/ros2_humble/install/rpyutils:/home/humberto/ros2_humble/install/rosidl_runtime_py:/home/humberto/ros2_humble/install/rosidl_cli:/home/humberto/ros2_humble/install/launch_pytest:/home/humberto/ros2_humble/install/launch_testing:/home/humberto/ros2_humble/install/launch_yaml:/home/humberto/ros2_humble/install/launch_xml:/home/humberto/ros2_humble/install/launch:/home/humberto/ros2_humble/install/osrf_pycommon:/home/humberto/ros2_humble/install/domain_coordinator:/home/humberto/ros2_humble/install/ament_xmllint:/home/humberto/ros2_humble/install/ament_pyflakes:/home/humberto/ros2_humble/install/ament_pycodestyle:/home/humberto/ros2_humble/install/ament_pep257:/home/humberto/ros2_humble/install/ament_pclint:/home/humberto/ros2_humble/install/ament_package:/home/humberto/ros2_humble/install/ament_mypy:/home/humberto/ros2_humble/install/ament_lint_cmake:/home/humberto/ros2_humble/install/ament_flake8:/home/humberto/ros2_humble/install/ament_copyright:/home/humberto/ros2_humble/install/ament_lint:/home/humberto/ros2_humble/install/ament_index_python:/home/humberto/ros2_humble/install/ament_cpplint:/home/humberto/ros2_humble/install/ament_cppcheck:/home/humberto/ros2_humble/install/ament_clang_tidy:/home/humberto/ros2_humble/install/ament_clang_format /usr/bin/cmake /home/humberto/ros2_ws/my_package -DAMENT_CMAKE_SYMLINK_INSTALL=1 -DCMAKE_INSTALL_PREFIX=/home/humberto/ros2_ws/install/my_package
[1.306s] DEBUG:colcon.colcon_core.event_handler.log_command:Invoking command in '/home/humberto/ros2_ws/build/turtlesim': CMAKE_PREFIX_PATH=${CMAKE_PREFIX_PATH}:/home/humberto/ros2_humble/install/rqt_bag_plugins:/home/humberto/ros2_humble/install/rqt_bag:/home/humberto/ros2_humble/install/launch_testing_examples:/home/humberto/ros2_humble/install/ros2bag:/home/humberto/ros2_humble/install/tracetools_test:/home/humberto/ros2_humble/install/tracetools_launch:/home/humberto/ros2_humble/install/topic_monitor:/home/humberto/ros2_humble/install/tf2_tools:/home/humberto/ros2_humble/install/examples_tf2_py:/home/humberto/ros2_humble/install/tf2_ros_py:/home/humberto/ros2_humble/install/sros2:/home/humberto/ros2_humble/install/rqt_topic:/home/humberto/ros2_humble/install/rqt_srv:/home/humberto/ros2_humble/install/rqt_shell:/home/humberto/ros2_humble/install/rqt_service_caller:/home/humberto/ros2_humble/install/rqt_reconfigure:/home/humberto/ros2_humble/install/rqt_py_console:/home/humberto/ros2_humble/install/rqt_publisher:/home/humberto/ros2_humble/install/rqt_plot:/home/humberto/ros2_humble/install/rqt_action:/home/humberto/ros2_humble/install/rqt_msg:/home/humberto/ros2_humble/install/rqt_console:/home/humberto/ros2_humble/install/rqt:/home/humberto/ros2_humble/install/rqt_graph:/home/humberto/ros2_humble/install/rqt_gui_py:/home/humberto/ros2_humble/install/rqt_gui:/home/humberto/ros2_humble/install/ros2trace:/home/humberto/ros2_humble/install/ros2topic:/home/humberto/ros2_humble/install/ros2test:/home/humberto/ros2_humble/install/ros2component:/home/humberto/ros2_humble/install/ros2param:/home/humberto/ros2_humble/install/ros2lifecycle:/home/humberto/ros2_humble/install/ros2service:/home/humberto/ros2_humble/install/ros2run:/home/humberto/ros2_humble/install/ros2launch:/home/humberto/ros2_humble/install/ros2pkg:/home/humberto/ros2_humble/install/ros2node:/home/humberto/ros2_humble/install/ros2multicast:/home/humberto/ros2_humble/install/ros2interface:/home/humberto/ros2_humble/install/ros2doctor:/home/humberto/ros2_humble/install/ros2action:/home/humberto/ros2_humble/install/ros2cli:/home/humberto/ros2_humble/install/quality_of_service_demo_py:/home/humberto/ros2_humble/install/lifecycle_py:/home/humberto/ros2_humble/install/launch_testing_ros:/home/humberto/ros2_humble/install/launch_ros:/home/humberto/ros2_humble/install/examples_rclpy_pointcloud_publisher:/home/humberto/ros2_humble/install/examples_rclpy_minimal_subscriber:/home/humberto/ros2_humble/install/examples_rclpy_minimal_service:/home/humberto/ros2_humble/install/examples_rclpy_minimal_publisher:/home/humberto/ros2_humble/install/examples_rclpy_minimal_client:/home/humberto/ros2_humble/install/examples_rclpy_minimal_action_server:/home/humberto/ros2_humble/install/examples_rclpy_minimal_action_client:/home/humberto/ros2_humble/install/examples_rclpy_guard_conditions:/home/humberto/ros2_humble/install/examples_rclpy_executors:/home/humberto/ros2_humble/install/demo_nodes_py:/home/humberto/ros2_humble/install/camera_info_manager_py:/home/humberto/ros2_humble/install/action_tutorials_py:/home/humberto/ros2_humble/install/ament_uncrustify:/home/humberto/ros2_humble/install/tracetools_trace:/home/humberto/ros2_humble/install/tracetools_read:/home/humberto/ros2_humble/install/test_tracetools_launch:/home/humberto/ros2_humble/install/test_launch_ros:/home/humberto/ros2_humble/install/sensor_msgs_py:/home/humberto/ros2_humble/install/rpyutils:/home/humberto/ros2_humble/install/rosidl_runtime_py:/home/humberto/ros2_humble/install/rosidl_cli:/home/humberto/ros2_humble/install/launch_pytest:/home/humberto/ros2_humble/install/launch_testing:/home/humberto/ros2_humble/install/launch_yaml:/home/humberto/ros2_humble/install/launch_xml:/home/humberto/ros2_humble/install/launch:/home/humberto/ros2_humble/install/osrf_pycommon:/home/humberto/ros2_humble/install/domain_coordinator:/home/humberto/ros2_humble/install/ament_xmllint:/home/humberto/ros2_humble/install/ament_pyflakes:/home/humberto/ros2_humble/install/ament_pycodestyle:/home/humberto/ros2_humble/install/ament_pep257:/home/humberto/ros2_humble/install/ament_pclint:/home/humberto/ros2_humble/install/ament_package:/home/humberto/ros2_humble/install/ament_mypy:/home/humberto/ros2_humble/install/ament_lint_cmake:/home/humberto/ros2_humble/install/ament_flake8:/home/humberto/ros2_humble/install/ament_copyright:/home/humberto/ros2_humble/install/ament_lint:/home/humberto/ros2_humble/install/ament_index_python:/home/humberto/ros2_humble/install/ament_cpplint:/home/humberto/ros2_humble/install/ament_cppcheck:/home/humberto/ros2_humble/install/ament_clang_tidy:/home/humberto/ros2_humble/install/ament_clang_format /usr/bin/cmake /home/humberto/ros2_ws/src/ros_tutorials/turtlesim -DAMENT_CMAKE_SYMLINK_INSTALL=1 -DCMAKE_INSTALL_PREFIX=/home/humberto/ros2_ws/install/turtlesim
[1.997s] DEBUG:colcon.colcon_core.event_handler.log_command:Invoked command in '/home/humberto/ros2_ws/build/my_package' returned '0': CMAKE_PREFIX_PATH=${CMAKE_PREFIX_PATH}:/home/humberto/ros2_humble/install/rqt_bag_plugins:/home/humberto/ros2_humble/install/rqt_bag:/home/humberto/ros2_humble/install/launch_testing_examples:/home/humberto/ros2_humble/install/ros2bag:/home/humberto/ros2_humble/install/tracetools_test:/home/humberto/ros2_humble/install/tracetools_launch:/home/humberto/ros2_humble/install/topic_monitor:/home/humberto/ros2_humble/install/tf2_tools:/home/humberto/ros2_humble/install/examples_tf2_py:/home/humberto/ros2_humble/install/tf2_ros_py:/home/humberto/ros2_humble/install/sros2:/home/humberto/ros2_humble/install/rqt_topic:/home/humberto/ros2_humble/install/rqt_srv:/home/humberto/ros2_humble/install/rqt_shell:/home/humberto/ros2_humble/install/rqt_service_caller:/home/humberto/ros2_humble/install/rqt_reconfigure:/home/humberto/ros2_humble/install/rqt_py_console:/home/humberto/ros2_humble/install/rqt_publisher:/home/humberto/ros2_humble/install/rqt_plot:/home/humberto/ros2_humble/install/rqt_action:/home/humberto/ros2_humble/install/rqt_msg:/home/humberto/ros2_humble/install/rqt_console:/home/humberto/ros2_humble/install/rqt:/home/humberto/ros2_humble/install/rqt_graph:/home/humberto/ros2_humble/install/rqt_gui_py:/home/humberto/ros2_humble/install/rqt_gui:/home/humberto/ros2_humble/install/ros2trace:/home/humberto/ros2_humble/install/ros2topic:/home/humberto/ros2_humble/install/ros2test:/home/humberto/ros2_humble/install/ros2component:/home/humberto/ros2_humble/install/ros2param:/home/humberto/ros2_humble/install/ros2lifecycle:/home/humberto/ros2_humble/install/ros2service:/home/humberto/ros2_humble/install/ros2run:/home/humberto/ros2_humble/install/ros2launch:/home/humberto/ros2_humble/install/ros2pkg:/home/humberto/ros2_humble/install/ros2node:/home/humberto/ros2_humble/install/ros2multicast:/home/humberto/ros2_humble/install/ros2interface:/home/humberto/ros2_humble/install/ros2doctor:/home/humberto/ros2_humble/install/ros2action:/home/humberto/ros2_humble/install/ros2cli:/home/humberto/ros2_humble/install/quality_of_service_demo_py:/home/humberto/ros2_humble/install/lifecycle_py:/home/humberto/ros2_humble/install/launch_testing_ros:/home/humberto/ros2_humble/install/launch_ros:/home/humberto/ros2_humble/install/examples_rclpy_pointcloud_publisher:/home/humberto/ros2_humble/install/examples_rclpy_minimal_subscriber:/home/humberto/ros2_humble/install/examples_rclpy_minimal_service:/home/humberto/ros2_humble/install/examples_rclpy_minimal_publisher:/home/humberto/ros2_humble/install/examples_rclpy_minimal_client:/home/humberto/ros2_humble/install/examples_rclpy_minimal_action_server:/home/humberto/ros2_humble/install/examples_rclpy_minimal_action_client:/home/humberto/ros2_humble/install/examples_rclpy_guard_conditions:/home/humberto/ros2_humble/install/examples_rclpy_executors:/home/humberto/ros2_humble/install/demo_nodes_py:/home/humberto/ros2_humble/install/camera_info_manager_py:/home/humberto/ros2_humble/install/action_tutorials_py:/home/humberto/ros2_humble/install/ament_uncrustify:/home/humberto/ros2_humble/install/tracetools_trace:/home/humberto/ros2_humble/install/tracetools_read:/home/humberto/ros2_humble/install/test_tracetools_launch:/home/humberto/ros2_humble/install/test_launch_ros:/home/humberto/ros2_humble/install/sensor_msgs_py:/home/humberto/ros2_humble/install/rpyutils:/home/humberto/ros2_humble/install/rosidl_runtime_py:/home/humberto/ros2_humble/install/rosidl_cli:/home/humberto/ros2_humble/install/launch_pytest:/home/humberto/ros2_humble/install/launch_testing:/home/humberto/ros2_humble/install/launch_yaml:/home/humberto/ros2_humble/install/launch_xml:/home/humberto/ros2_humble/install/launch:/home/humberto/ros2_humble/install/osrf_pycommon:/home/humberto/ros2_humble/install/domain_coordinator:/home/humberto/ros2_humble/install/ament_xmllint:/home/humberto/ros2_humble/install/ament_pyflakes:/home/humberto/ros2_humble/install/ament_pycodestyle:/home/humberto/ros2_humble/install/ament_pep257:/home/humberto/ros2_humble/install/ament_pclint:/home/humberto/ros2_humble/install/ament_package:/home/humberto/ros2_humble/install/ament_mypy:/home/humberto/ros2_humble/install/ament_lint_cmake:/home/humberto/ros2_humble/install/ament_flake8:/home/humberto/ros2_humble/install/ament_copyright:/home/humberto/ros2_humble/install/ament_lint:/home/humberto/ros2_humble/install/ament_index_python:/home/humberto/ros2_humble/install/ament_cpplint:/home/humberto/ros2_humble/install/ament_cppcheck:/home/humberto/ros2_humble/install/ament_clang_tidy:/home/humberto/ros2_humble/install/ament_clang_format /usr/bin/cmake /home/humberto/ros2_ws/my_package -DAMENT_CMAKE_SYMLINK_INSTALL=1 -DCMAKE_INSTALL_PREFIX=/home/humberto/ros2_ws/install/my_package
[2.000s] DEBUG:colcon.colcon_core.event_handler.log_command:Invoking command in '/home/humberto/ros2_ws/build/my_package': CMAKE_PREFIX_PATH=${CMAKE_PREFIX_PATH}:/home/humberto/ros2_humble/install/rqt_bag_plugins:/home/humberto/ros2_humble/install/rqt_bag:/home/humberto/ros2_humble/install/launch_testing_examples:/home/humberto/ros2_humble/install/ros2bag:/home/humberto/ros2_humble/install/tracetools_test:/home/humberto/ros2_humble/install/tracetools_launch:/home/humberto/ros2_humble/install/topic_monitor:/home/humberto/ros2_humble/install/tf2_tools:/home/humberto/ros2_humble/install/examples_tf2_py:/home/humberto/ros2_humble/install/tf2_ros_py:/home/humberto/ros2_humble/install/sros2:/home/humberto/ros2_humble/install/rqt_topic:/home/humberto/ros2_humble/install/rqt_srv:/home/humberto/ros2_humble/install/rqt_shell:/home/humberto/ros2_humble/install/rqt_service_caller:/home/humberto/ros2_humble/install/rqt_reconfigure:/home/humberto/ros2_humble/install/rqt_py_console:/home/humberto/ros2_humble/install/rqt_publisher:/home/humberto/ros2_humble/install/rqt_plot:/home/humberto/ros2_humble/install/rqt_action:/home/humberto/ros2_humble/install/rqt_msg:/home/humberto/ros2_humble/install/rqt_console:/home/humberto/ros2_humble/install/rqt:/home/humberto/ros2_humble/install/rqt_graph:/home/humberto/ros2_humble/install/rqt_gui_py:/home/humberto/ros2_humble/install/rqt_gui:/home/humberto/ros2_humble/install/ros2trace:/home/humberto/ros2_humble/install/ros2topic:/home/humberto/ros2_humble/install/ros2test:/home/humberto/ros2_humble/install/ros2component:/home/humberto/ros2_humble/install/ros2param:/home/humberto/ros2_humble/install/ros2lifecycle:/home/humberto/ros2_humble/install/ros2service:/home/humberto/ros2_humble/install/ros2run:/home/humberto/ros2_humble/install/ros2launch:/home/humberto/ros2_humble/install/ros2pkg:/home/humberto/ros2_humble/install/ros2node:/home/humberto/ros2_humble/install/ros2multicast:/home/humberto/ros2_humble/install/ros2interface:/home/humberto/ros2_humble/install/ros2doctor:/home/humberto/ros2_humble/install/ros2action:/home/humberto/ros2_humble/install/ros2cli:/home/humberto/ros2_humble/install/quality_of_service_demo_py:/home/humberto/ros2_humble/install/lifecycle_py:/home/humberto/ros2_humble/install/launch_testing_ros:/home/humberto/ros2_humble/install/launch_ros:/home/humberto/ros2_humble/install/examples_rclpy_pointcloud_publisher:/home/humberto/ros2_humble/install/examples_rclpy_minimal_subscriber:/home/humberto/ros2_humble/install/examples_rclpy_minimal_service:/home/humberto/ros2_humble/install/examples_rclpy_minimal_publisher:/home/humberto/ros2_humble/install/examples_rclpy_minimal_client:/home/humberto/ros2_humble/install/examples_rclpy_minimal_action_server:/home/humberto/ros2_humble/install/examples_rclpy_minimal_action_client:/home/humberto/ros2_humble/install/examples_rclpy_guard_conditions:/home/humberto/ros2_humble/install/examples_rclpy_executors:/home/humberto/ros2_humble/install/demo_nodes_py:/home/humberto/ros2_humble/install/camera_info_manager_py:/home/humberto/ros2_humble/install/action_tutorials_py:/home/humberto/ros2_humble/install/ament_uncrustify:/home/humberto/ros2_humble/install/tracetools_trace:/home/humberto/ros2_humble/install/tracetools_read:/home/humberto/ros2_humble/install/test_tracetools_launch:/home/humberto/ros2_humble/install/test_launch_ros:/home/humberto/ros2_humble/install/sensor_msgs_py:/home/humberto/ros2_humble/install/rpyutils:/home/humberto/ros2_humble/install/rosidl_runtime_py:/home/humberto/ros2_humble/install/rosidl_cli:/home/humberto/ros2_humble/install/launch_pytest:/home/humberto/ros2_humble/install/launch_testing:/home/humberto/ros2_humble/install/launch_yaml:/home/humberto/ros2_humble/install/launch_xml:/home/humberto/ros2_humble/install/launch:/home/humberto/ros2_humble/install/osrf_pycommon:/home/humberto/ros2_humble/install/domain_coordinator:/home/humberto/ros2_humble/install/ament_xmllint:/home/humberto/ros2_humble/install/ament_pyflakes:/home/humberto/ros2_humble/install/ament_pycodestyle:/home/humberto/ros2_humble/install/ament_pep257:/home/humberto/ros2_humble/install/ament_pclint:/home/humberto/ros2_humble/install/ament_package:/home/humberto/ros2_humble/install/ament_mypy:/home/humberto/ros2_humble/install/ament_lint_cmake:/home/humberto/ros2_humble/install/ament_flake8:/home/humberto/ros2_humble/install/ament_copyright:/home/humberto/ros2_humble/install/ament_lint:/home/humberto/ros2_humble/install/ament_index_python:/home/humberto/ros2_humble/install/ament_cpplint:/home/humberto/ros2_humble/install/ament_cppcheck:/home/humberto/ros2_humble/install/ament_clang_tidy:/home/humberto/ros2_humble/install/ament_clang_format /usr/bin/cmake --build /home/humberto/ros2_ws/build/my_package -- -j16 -l16
[2.021s] DEBUG:colcon.colcon_core.task.python.build:While undoing a previous installation files outside the Python library path are being ignored: /home/humberto/ros2_ws/install/basic_comms/share/ament_index/resource_index/packages/basic_comms
[2.021s] DEBUG:colcon.colcon_core.task.python.build:While undoing a previous installation files outside the Python library path are being ignored: /home/humberto/ros2_ws/install/basic_comms/share/basic_comms/package.xml
[2.021s] DEBUG:colcon.colcon_core.task.python.build:While undoing a previous installation files outside the Python library path are being ignored: /home/humberto/ros2_ws/install/basic_comms/lib/basic_comms/talker
[2.025s] DEBUG:colcon.colcon_core.event_handler.log_command:Invoking command in '/home/humberto/ros2_ws/build/basic_comms': PYTHONPATH=/home/humberto/ros2_ws/build/basic_comms/prefix_override:/usr/lib/python3/dist-packages/colcon_core/task/python/colcon_distutils_commands:/home/humberto/ros2_ws/install/basic_comms/lib/python3.10/site-packages:${PYTHONPATH} /usr/bin/python3 -W ignore:setup.py install is deprecated -W ignore:easy_install command is deprecated setup.py develop --editable --build-directory /home/humberto/ros2_ws/build/basic_comms/build --no-deps symlink_data --force
[2.119s] DEBUG:colcon.colcon_core.event_handler.log_command:Invoked command in '/home/humberto/ros2_ws/build/my_package' returned '0': CMAKE_PREFIX_PATH=${CMAKE_PREFIX_PATH}:/home/humberto/ros2_humble/install/rqt_bag_plugins:/home/humberto/ros2_humble/install/rqt_bag:/home/humberto/ros2_humble/install/launch_testing_examples:/home/humberto/ros2_humble/install/ros2bag:/home/humberto/ros2_humble/install/tracetools_test:/home/humberto/ros2_humble/install/tracetools_launch:/home/humberto/ros2_humble/install/topic_monitor:/home/humberto/ros2_humble/install/tf2_tools:/home/humberto/ros2_humble/install/examples_tf2_py:/home/humberto/ros2_humble/install/tf2_ros_py:/home/humberto/ros2_humble/install/sros2:/home/humberto/ros2_humble/install/rqt_topic:/home/humberto/ros2_humble/install/rqt_srv:/home/humberto/ros2_humble/install/rqt_shell:/home/humberto/ros2_humble/install/rqt_service_caller:/home/humberto/ros2_humble/install/rqt_reconfigure:/home/humberto/ros2_humble/install/rqt_py_console:/home/humberto/ros2_humble/install/rqt_publisher:/home/humberto/ros2_humble/install/rqt_plot:/home/humberto/ros2_humble/install/rqt_action:/home/humberto/ros2_humble/install/rqt_msg:/home/humberto/ros2_humble/install/rqt_console:/home/humberto/ros2_humble/install/rqt:/home/humberto/ros2_humble/install/rqt_graph:/home/humberto/ros2_humble/install/rqt_gui_py:/home/humberto/ros2_humble/install/rqt_gui:/home/humberto/ros2_humble/install/ros2trace:/home/humberto/ros2_humble/install/ros2topic:/home/humberto/ros2_humble/install/ros2test:/home/humberto/ros2_humble/install/ros2component:/home/humberto/ros2_humble/install/ros2param:/home/humberto/ros2_humble/install/ros2lifecycle:/home/humberto/ros2_humble/install/ros2service:/home/humberto/ros2_humble/install/ros2run:/home/humberto/ros2_humble/install/ros2launch:/home/humberto/ros2_humble/install/ros2pkg:/home/humberto/ros2_humble/install/ros2node:/home/humberto/ros2_humble/install/ros2multicast:/home/humberto/ros2_humble/install/ros2interface:/home/humberto/ros2_humble/install/ros2doctor:/home/humberto/ros2_humble/install/ros2action:/home/humberto/ros2_humble/install/ros2cli:/home/humberto/ros2_humble/install/quality_of_service_demo_py:/home/humberto/ros2_humble/install/lifecycle_py:/home/humberto/ros2_humble/install/launch_testing_ros:/home/humberto/ros2_humble/install/launch_ros:/home/humberto/ros2_humble/install/examples_rclpy_pointcloud_publisher:/home/humberto/ros2_humble/install/examples_rclpy_minimal_subscriber:/home/humberto/ros2_humble/install/examples_rclpy_minimal_service:/home/humberto/ros2_humble/install/examples_rclpy_minimal_publisher:/home/humberto/ros2_humble/install/examples_rclpy_minimal_client:/home/humberto/ros2_humble/install/examples_rclpy_minimal_action_server:/home/humberto/ros2_humble/install/examples_rclpy_minimal_action_client:/home/humberto/ros2_humble/install/examples_rclpy_guard_conditions:/home/humberto/ros2_humble/install/examples_rclpy_executors:/home/humberto/ros2_humble/install/demo_nodes_py:/home/humberto/ros2_humble/install/camera_info_manager_py:/home/humberto/ros2_humble/install/action_tutorials_py:/home/humberto/ros2_humble/install/ament_uncrustify:/home/humberto/ros2_humble/install/tracetools_trace:/home/humberto/ros2_humble/install/tracetools_read:/home/humberto/ros2_humble/install/test_tracetools_launch:/home/humberto/ros2_humble/install/test_launch_ros:/home/humberto/ros2_humble/install/sensor_msgs_py:/home/humberto/ros2_humble/install/rpyutils:/home/humberto/ros2_humble/install/rosidl_runtime_py:/home/humberto/ros2_humble/install/rosidl_cli:/home/humberto/ros2_humble/install/launch_pytest:/home/humberto/ros2_humble/install/launch_testing:/home/humberto/ros2_humble/install/launch_yaml:/home/humberto/ros2_humble/install/launch_xml:/home/humberto/ros2_humble/install/launch:/home/humberto/ros2_humble/install/osrf_pycommon:/home/humberto/ros2_humble/install/domain_coordinator:/home/humberto/ros2_humble/install/ament_xmllint:/home/humberto/ros2_humble/install/ament_pyflakes:/home/humberto/ros2_humble/install/ament_pycodestyle:/home/humberto/ros2_humble/install/ament_pep257:/home/humberto/ros2_humble/install/ament_pclint:/home/humberto/ros2_humble/install/ament_package:/home/humberto/ros2_humble/install/ament_mypy:/home/humberto/ros2_humble/install/ament_lint_cmake:/home/humberto/ros2_humble/install/ament_flake8:/home/humberto/ros2_humble/install/ament_copyright:/home/humberto/ros2_humble/install/ament_lint:/home/humberto/ros2_humble/install/ament_index_python:/home/humberto/ros2_humble/install/ament_cpplint:/home/humberto/ros2_humble/install/ament_cppcheck:/home/humberto/ros2_humble/install/ament_clang_tidy:/home/humberto/ros2_humble/install/ament_clang_format /usr/bin/cmake --build /home/humberto/ros2_ws/build/my_package -- -j16 -l16
[2.140s] DEBUG:colcon.colcon_core.event_handler.log_command:Invoking command in '/home/humberto/ros2_ws/build/my_package': CMAKE_PREFIX_PATH=${CMAKE_PREFIX_PATH}:/home/humberto/ros2_humble/install/rqt_bag_plugins:/home/humberto/ros2_humble/install/rqt_bag:/home/humberto/ros2_humble/install/launch_testing_examples:/home/humberto/ros2_humble/install/ros2bag:/home/humberto/ros2_humble/install/tracetools_test:/home/humberto/ros2_humble/install/tracetools_launch:/home/humberto/ros2_humble/install/topic_monitor:/home/humberto/ros2_humble/install/tf2_tools:/home/humberto/ros2_humble/install/examples_tf2_py:/home/humberto/ros2_humble/install/tf2_ros_py:/home/humberto/ros2_humble/install/sros2:/home/humberto/ros2_humble/install/rqt_topic:/home/humberto/ros2_humble/install/rqt_srv:/home/humberto/ros2_humble/install/rqt_shell:/home/humberto/ros2_humble/install/rqt_service_caller:/home/humberto/ros2_humble/install/rqt_reconfigure:/home/humberto/ros2_humble/install/rqt_py_console:/home/humberto/ros2_humble/install/rqt_publisher:/home/humberto/ros2_humble/install/rqt_plot:/home/humberto/ros2_humble/install/rqt_action:/home/humberto/ros2_humble/install/rqt_msg:/home/humberto/ros2_humble/install/rqt_console:/home/humberto/ros2_humble/install/rqt:/home/humberto/ros2_humble/install/rqt_graph:/home/humberto/ros2_humble/install/rqt_gui_py:/home/humberto/ros2_humble/install/rqt_gui:/home/humberto/ros2_humble/install/ros2trace:/home/humberto/ros2_humble/install/ros2topic:/home/humberto/ros2_humble/install/ros2test:/home/humberto/ros2_humble/install/ros2component:/home/humberto/ros2_humble/install/ros2param:/home/humberto/ros2_humble/install/ros2lifecycle:/home/humberto/ros2_humble/install/ros2service:/home/humberto/ros2_humble/install/ros2run:/home/humberto/ros2_humble/install/ros2launch:/home/humberto/ros2_humble/install/ros2pkg:/home/humberto/ros2_humble/install/ros2node:/home/humberto/ros2_humble/install/ros2multicast:/home/humberto/ros2_humble/install/ros2interface:/home/humberto/ros2_humble/install/ros2doctor:/home/humberto/ros2_humble/install/ros2action:/home/humberto/ros2_humble/install/ros2cli:/home/humberto/ros2_humble/install/quality_of_service_demo_py:/home/humberto/ros2_humble/install/lifecycle_py:/home/humberto/ros2_humble/install/launch_testing_ros:/home/humberto/ros2_humble/install/launch_ros:/home/humberto/ros2_humble/install/examples_rclpy_pointcloud_publisher:/home/humberto/ros2_humble/install/examples_rclpy_minimal_subscriber:/home/humberto/ros2_humble/install/examples_rclpy_minimal_service:/home/humberto/ros2_humble/install/examples_rclpy_minimal_publisher:/home/humberto/ros2_humble/install/examples_rclpy_minimal_client:/home/humberto/ros2_humble/install/examples_rclpy_minimal_action_server:/home/humberto/ros2_humble/install/examples_rclpy_minimal_action_client:/home/humberto/ros2_humble/install/examples_rclpy_guard_conditions:/home/humberto/ros2_humble/install/examples_rclpy_executors:/home/humberto/ros2_humble/install/demo_nodes_py:/home/humberto/ros2_humble/install/camera_info_manager_py:/home/humberto/ros2_humble/install/action_tutorials_py:/home/humberto/ros2_humble/install/ament_uncrustify:/home/humberto/ros2_humble/install/tracetools_trace:/home/humberto/ros2_humble/install/tracetools_read:/home/humberto/ros2_humble/install/test_tracetools_launch:/home/humberto/ros2_humble/install/test_launch_ros:/home/humberto/ros2_humble/install/sensor_msgs_py:/home/humberto/ros2_humble/install/rpyutils:/home/humberto/ros2_humble/install/rosidl_runtime_py:/home/humberto/ros2_humble/install/rosidl_cli:/home/humberto/ros2_humble/install/launch_pytest:/home/humberto/ros2_humble/install/launch_testing:/home/humberto/ros2_humble/install/launch_yaml:/home/humberto/ros2_humble/install/launch_xml:/home/humberto/ros2_humble/install/launch:/home/humberto/ros2_humble/install/osrf_pycommon:/home/humberto/ros2_humble/install/domain_coordinator:/home/humberto/ros2_humble/install/ament_xmllint:/home/humberto/ros2_humble/install/ament_pyflakes:/home/humberto/ros2_humble/install/ament_pycodestyle:/home/humberto/ros2_humble/install/ament_pep257:/home/humberto/ros2_humble/install/ament_pclint:/home/humberto/ros2_humble/install/ament_package:/home/humberto/ros2_humble/install/ament_mypy:/home/humberto/ros2_humble/install/ament_lint_cmake:/home/humberto/ros2_humble/install/ament_flake8:/home/humberto/ros2_humble/install/ament_copyright:/home/humberto/ros2_humble/install/ament_lint:/home/humberto/ros2_humble/install/ament_index_python:/home/humberto/ros2_humble/install/ament_cpplint:/home/humberto/ros2_humble/install/ament_cppcheck:/home/humberto/ros2_humble/install/ament_clang_tidy:/home/humberto/ros2_humble/install/ament_clang_format /usr/bin/cmake --install /home/humberto/ros2_ws/build/my_package
[2.386s] Level 1:colcon.colcon_core.environment:create_environment_scripts_only(my_package)
[2.386s] DEBUG:colcon.colcon_core.event_handler.log_command:Invoked command in '/home/humberto/ros2_ws/build/my_package' returned '0': CMAKE_PREFIX_PATH=${CMAKE_PREFIX_PATH}:/home/humberto/ros2_humble/install/rqt_bag_plugins:/home/humberto/ros2_humble/install/rqt_bag:/home/humberto/ros2_humble/install/launch_testing_examples:/home/humberto/ros2_humble/install/ros2bag:/home/humberto/ros2_humble/install/tracetools_test:/home/humberto/ros2_humble/install/tracetools_launch:/home/humberto/ros2_humble/install/topic_monitor:/home/humberto/ros2_humble/install/tf2_tools:/home/humberto/ros2_humble/install/examples_tf2_py:/home/humberto/ros2_humble/install/tf2_ros_py:/home/humberto/ros2_humble/install/sros2:/home/humberto/ros2_humble/install/rqt_topic:/home/humberto/ros2_humble/install/rqt_srv:/home/humberto/ros2_humble/install/rqt_shell:/home/humberto/ros2_humble/install/rqt_service_caller:/home/humberto/ros2_humble/install/rqt_reconfigure:/home/humberto/ros2_humble/install/rqt_py_console:/home/humberto/ros2_humble/install/rqt_publisher:/home/humberto/ros2_humble/install/rqt_plot:/home/humberto/ros2_humble/install/rqt_action:/home/humberto/ros2_humble/install/rqt_msg:/home/humberto/ros2_humble/install/rqt_console:/home/humberto/ros2_humble/install/rqt:/home/humberto/ros2_humble/install/rqt_graph:/home/humberto/ros2_humble/install/rqt_gui_py:/home/humberto/ros2_humble/install/rqt_gui:/home/humberto/ros2_humble/install/ros2trace:/home/humberto/ros2_humble/install/ros2topic:/home/humberto/ros2_humble/install/ros2test:/home/humberto/ros2_humble/install/ros2component:/home/humberto/ros2_humble/install/ros2param:/home/humberto/ros2_humble/install/ros2lifecycle:/home/humberto/ros2_humble/install/ros2service:/home/humberto/ros2_humble/install/ros2run:/home/humberto/ros2_humble/install/ros2launch:/home/humberto/ros2_humble/install/ros2pkg:/home/humberto/ros2_humble/install/ros2node:/home/humberto/ros2_humble/install/ros2multicast:/home/humberto/ros2_humble/install/ros2interface:/home/humberto/ros2_humble/install/ros2doctor:/home/humberto/ros2_humble/install/ros2action:/home/humberto/ros2_humble/install/ros2cli:/home/humberto/ros2_humble/install/quality_of_service_demo_py:/home/humberto/ros2_humble/install/lifecycle_py:/home/humberto/ros2_humble/install/launch_testing_ros:/home/humberto/ros2_humble/install/launch_ros:/home/humberto/ros2_humble/install/examples_rclpy_pointcloud_publisher:/home/humberto/ros2_humble/install/examples_rclpy_minimal_subscriber:/home/humberto/ros2_humble/install/examples_rclpy_minimal_service:/home/humberto/ros2_humble/install/examples_rclpy_minimal_publisher:/home/humberto/ros2_humble/install/examples_rclpy_minimal_client:/home/humberto/ros2_humble/install/examples_rclpy_minimal_action_server:/home/humberto/ros2_humble/install/examples_rclpy_minimal_action_client:/home/humberto/ros2_humble/install/examples_rclpy_guard_conditions:/home/humberto/ros2_humble/install/examples_rclpy_executors:/home/humberto/ros2_humble/install/demo_nodes_py:/home/humberto/ros2_humble/install/camera_info_manager_py:/home/humberto/ros2_humble/install/action_tutorials_py:/home/humberto/ros2_humble/install/ament_uncrustify:/home/humberto/ros2_humble/install/tracetools_trace:/home/humberto/ros2_humble/install/tracetools_read:/home/humberto/ros2_humble/install/test_tracetools_launch:/home/humberto/ros2_humble/install/test_launch_ros:/home/humberto/ros2_humble/install/sensor_msgs_py:/home/humberto/ros2_humble/install/rpyutils:/home/humberto/ros2_humble/install/rosidl_runtime_py:/home/humberto/ros2_humble/install/rosidl_cli:/home/humberto/ros2_humble/install/launch_pytest:/home/humberto/ros2_humble/install/launch_testing:/home/humberto/ros2_humble/install/launch_yaml:/home/humberto/ros2_humble/install/launch_xml:/home/humberto/ros2_humble/install/launch:/home/humberto/ros2_humble/install/osrf_pycommon:/home/humberto/ros2_humble/install/domain_coordinator:/home/humberto/ros2_humble/install/ament_xmllint:/home/humberto/ros2_humble/install/ament_pyflakes:/home/humberto/ros2_humble/install/ament_pycodestyle:/home/humberto/ros2_humble/install/ament_pep257:/home/humberto/ros2_humble/install/ament_pclint:/home/humberto/ros2_humble/install/ament_package:/home/humberto/ros2_humble/install/ament_mypy:/home/humberto/ros2_humble/install/ament_lint_cmake:/home/humberto/ros2_humble/install/ament_flake8:/home/humberto/ros2_humble/install/ament_copyright:/home/humberto/ros2_humble/install/ament_lint:/home/humberto/ros2_humble/install/ament_index_python:/home/humberto/ros2_humble/install/ament_cpplint:/home/humberto/ros2_humble/install/ament_cppcheck:/home/humberto/ros2_humble/install/ament_clang_tidy:/home/humberto/ros2_humble/install/ament_clang_format /usr/bin/cmake --install /home/humberto/ros2_ws/build/my_package
[2.395s] Level 1:colcon.colcon_core.environment:checking '/home/humberto/ros2_ws/install/my_package' for CMake module files
[2.395s] Level 1:colcon.colcon_core.environment:checking '/home/humberto/ros2_ws/install/my_package' for CMake config files
[2.395s] Level 1:colcon.colcon_core.shell:create_environment_hook('my_package', 'cmake_prefix_path')
[2.396s] INFO:colcon.colcon_core.shell:Creating environment hook '/home/humberto/ros2_ws/install/my_package/share/my_package/hook/cmake_prefix_path.ps1'
[2.396s] INFO:colcon.colcon_core.shell:Creating environment descriptor '/home/humberto/ros2_ws/install/my_package/share/my_package/hook/cmake_prefix_path.dsv'
[2.397s] INFO:colcon.colcon_core.shell:Creating environment hook '/home/humberto/ros2_ws/install/my_package/share/my_package/hook/cmake_prefix_path.sh'
[2.397s] Level 1:colcon.colcon_core.environment:checking '/home/humberto/ros2_ws/install/my_package/lib'
[2.397s] Level 1:colcon.colcon_core.environment:checking '/home/humberto/ros2_ws/install/my_package/bin'
[2.398s] Level 1:colcon.colcon_core.environment:checking '/home/humberto/ros2_ws/install/my_package/lib/pkgconfig/my_package.pc'
[2.398s] Level 1:colcon.colcon_core.environment:checking '/home/humberto/ros2_ws/install/my_package/lib/python3.10/site-packages'
[2.398s] Level 1:colcon.colcon_core.environment:checking '/home/humberto/ros2_ws/install/my_package/bin'
[2.398s] INFO:colcon.colcon_core.shell:Creating package script '/home/humberto/ros2_ws/install/my_package/share/my_package/package.ps1'
[2.399s] INFO:colcon.colcon_core.shell:Creating package descriptor '/home/humberto/ros2_ws/install/my_package/share/my_package/package.dsv'
[2.400s] INFO:colcon.colcon_core.shell:Creating package script '/home/humberto/ros2_ws/install/my_package/share/my_package/package.sh'
[2.400s] INFO:colcon.colcon_core.shell:Creating package script '/home/humberto/ros2_ws/install/my_package/share/my_package/package.bash'
[2.401s] INFO:colcon.colcon_core.shell:Creating package script '/home/humberto/ros2_ws/install/my_package/share/my_package/package.zsh'
[2.402s] Level 1:colcon.colcon_core.environment:create_file_with_runtime_dependencies(/home/humberto/ros2_ws/install/my_package/share/colcon-core/packages/my_package)
[2.403s] Level 1:colcon.colcon_core.environment:create_environment_scripts_only(my_package)
[2.403s] Level 1:colcon.colcon_core.environment:checking '/home/humberto/ros2_ws/install/my_package' for CMake module files
[2.403s] Level 1:colcon.colcon_core.environment:checking '/home/humberto/ros2_ws/install/my_package' for CMake config files
[2.403s] Level 1:colcon.colcon_core.shell:create_environment_hook('my_package', 'cmake_prefix_path')
[2.404s] INFO:colcon.colcon_core.shell:Creating environment hook '/home/humberto/ros2_ws/install/my_package/share/my_package/hook/cmake_prefix_path.ps1'
[2.404s] INFO:colcon.colcon_core.shell:Creating environment descriptor '/home/humberto/ros2_ws/install/my_package/share/my_package/hook/cmake_prefix_path.dsv'
[2.404s] INFO:colcon.colcon_core.shell:Creating environment hook '/home/humberto/ros2_ws/install/my_package/share/my_package/hook/cmake_prefix_path.sh'
[2.405s] Level 1:colcon.colcon_core.environment:checking '/home/humberto/ros2_ws/install/my_package/lib'
[2.405s] Level 1:colcon.colcon_core.environment:checking '/home/humberto/ros2_ws/install/my_package/bin'
[2.405s] Level 1:colcon.colcon_core.environment:checking '/home/humberto/ros2_ws/install/my_package/lib/pkgconfig/my_package.pc'
[2.405s] Level 1:colcon.colcon_core.environment:checking '/home/humberto/ros2_ws/install/my_package/lib/python3.10/site-packages'
[2.405s] Level 1:colcon.colcon_core.environment:checking '/home/humberto/ros2_ws/install/my_package/bin'
[2.406s] INFO:colcon.colcon_core.shell:Creating package script '/home/humberto/ros2_ws/install/my_package/share/my_package/package.ps1'
[2.406s] INFO:colcon.colcon_core.shell:Creating package descriptor '/home/humberto/ros2_ws/install/my_package/share/my_package/package.dsv'
[2.406s] INFO:colcon.colcon_core.shell:Creating package script '/home/humberto/ros2_ws/install/my_package/share/my_package/package.sh'
[2.407s] INFO:colcon.colcon_core.shell:Creating package script '/home/humberto/ros2_ws/install/my_package/share/my_package/package.bash'
[2.407s] INFO:colcon.colcon_core.shell:Creating package script '/home/humberto/ros2_ws/install/my_package/share/my_package/package.zsh'
[2.408s] Level 1:colcon.colcon_core.environment:create_file_with_runtime_dependencies(/home/humberto/ros2_ws/install/my_package/share/colcon-core/packages/my_package)
[2.876s] Level 1:colcon.colcon_core.shell:create_environment_hook('basic_comms', 'pythonpath_develop')
[2.876s] INFO:colcon.colcon_core.shell:Creating environment hook '/home/humberto/ros2_ws/build/basic_comms/share/basic_comms/hook/pythonpath_develop.ps1'
[2.877s] DEBUG:colcon.colcon_core.event_handler.log_command:Invoked command in '/home/humberto/ros2_ws/build/basic_comms' returned '0': PYTHONPATH=/home/humberto/ros2_ws/build/basic_comms/prefix_override:/usr/lib/python3/dist-packages/colcon_core/task/python/colcon_distutils_commands:/home/humberto/ros2_ws/install/basic_comms/lib/python3.10/site-packages:${PYTHONPATH} /usr/bin/python3 -W ignore:setup.py install is deprecated -W ignore:easy_install command is deprecated setup.py develop --editable --build-directory /home/humberto/ros2_ws/build/basic_comms/build --no-deps symlink_data --force
[2.877s] INFO:colcon.colcon_core.shell:Creating environment descriptor '/home/humberto/ros2_ws/build/basic_comms/share/basic_comms/hook/pythonpath_develop.dsv'
[2.878s] INFO:colcon.colcon_core.shell:Creating environment hook '/home/humberto/ros2_ws/build/basic_comms/share/basic_comms/hook/pythonpath_develop.sh'
[2.878s] Level 1:colcon.colcon_core.environment:checking '/home/humberto/ros2_ws/install/basic_comms' for CMake module files
[2.879s] Level 1:colcon.colcon_core.environment:checking '/home/humberto/ros2_ws/install/basic_comms' for CMake config files
[2.879s] Level 1:colcon.colcon_core.environment:checking '/home/humberto/ros2_ws/install/basic_comms/lib'
[2.879s] Level 1:colcon.colcon_core.environment:checking '/home/humberto/ros2_ws/install/basic_comms/bin'
[2.879s] Level 1:colcon.colcon_core.environment:checking '/home/humberto/ros2_ws/install/basic_comms/lib/pkgconfig/basic_comms.pc'
[2.879s] Level 1:colcon.colcon_core.environment:checking '/home/humberto/ros2_ws/install/basic_comms/lib/python3.10/site-packages'
[2.879s] Level 1:colcon.colcon_core.shell:create_environment_hook('basic_comms', 'pythonpath')
[2.880s] INFO:colcon.colcon_core.shell:Creating environment hook '/home/humberto/ros2_ws/install/basic_comms/share/basic_comms/hook/pythonpath.ps1'
[2.880s] INFO:colcon.colcon_core.shell:Creating environment descriptor '/home/humberto/ros2_ws/install/basic_comms/share/basic_comms/hook/pythonpath.dsv'
[2.880s] INFO:colcon.colcon_core.shell:Creating environment hook '/home/humberto/ros2_ws/install/basic_comms/share/basic_comms/hook/pythonpath.sh'
[2.881s] Level 1:colcon.colcon_core.environment:checking '/home/humberto/ros2_ws/install/basic_comms/bin'
[2.881s] Level 1:colcon.colcon_core.environment:create_environment_scripts_only(basic_comms)
[2.881s] INFO:colcon.colcon_core.shell:Creating package script '/home/humberto/ros2_ws/install/basic_comms/share/basic_comms/package.ps1'
[2.882s] INFO:colcon.colcon_core.shell:Creating package descriptor '/home/humberto/ros2_ws/install/basic_comms/share/basic_comms/package.dsv'
[2.882s] INFO:colcon.colcon_core.shell:Creating package script '/home/humberto/ros2_ws/install/basic_comms/share/basic_comms/package.sh'
[2.883s] INFO:colcon.colcon_core.shell:Creating package script '/home/humberto/ros2_ws/install/basic_comms/share/basic_comms/package.bash'
[2.883s] INFO:colcon.colcon_core.shell:Creating package script '/home/humberto/ros2_ws/install/basic_comms/share/basic_comms/package.zsh'
[2.883s] Level 1:colcon.colcon_core.environment:create_file_with_runtime_dependencies(/home/humberto/ros2_ws/install/basic_comms/share/colcon-core/packages/basic_comms)
[5.790s] DEBUG:colcon.colcon_core.event_handler.log_command:Invoked command in '/home/humberto/ros2_ws/build/turtlesim' returned '0': CMAKE_PREFIX_PATH=${CMAKE_PREFIX_PATH}:/home/humberto/ros2_humble/install/rqt_bag_plugins:/home/humberto/ros2_humble/install/rqt_bag:/home/humberto/ros2_humble/install/launch_testing_examples:/home/humberto/ros2_humble/install/ros2bag:/home/humberto/ros2_humble/install/tracetools_test:/home/humberto/ros2_humble/install/tracetools_launch:/home/humberto/ros2_humble/install/topic_monitor:/home/humberto/ros2_humble/install/tf2_tools:/home/humberto/ros2_humble/install/examples_tf2_py:/home/humberto/ros2_humble/install/tf2_ros_py:/home/humberto/ros2_humble/install/sros2:/home/humberto/ros2_humble/install/rqt_topic:/home/humberto/ros2_humble/install/rqt_srv:/home/humberto/ros2_humble/install/rqt_shell:/home/humberto/ros2_humble/install/rqt_service_caller:/home/humberto/ros2_humble/install/rqt_reconfigure:/home/humberto/ros2_humble/install/rqt_py_console:/home/humberto/ros2_humble/install/rqt_publisher:/home/humberto/ros2_humble/install/rqt_plot:/home/humberto/ros2_humble/install/rqt_action:/home/humberto/ros2_humble/install/rqt_msg:/home/humberto/ros2_humble/install/rqt_console:/home/humberto/ros2_humble/install/rqt:/home/humberto/ros2_humble/install/rqt_graph:/home/humberto/ros2_humble/install/rqt_gui_py:/home/humberto/ros2_humble/install/rqt_gui:/home/humberto/ros2_humble/install/ros2trace:/home/humberto/ros2_humble/install/ros2topic:/home/humberto/ros2_humble/install/ros2test:/home/humberto/ros2_humble/install/ros2component:/home/humberto/ros2_humble/install/ros2param:/home/humberto/ros2_humble/install/ros2lifecycle:/home/humberto/ros2_humble/install/ros2service:/home/humberto/ros2_humble/install/ros2run:/home/humberto/ros2_humble/install/ros2launch:/home/humberto/ros2_humble/install/ros2pkg:/home/humberto/ros2_humble/install/ros2node:/home/humberto/ros2_humble/install/ros2multicast:/home/humberto/ros2_humble/install/ros2interface:/home/humberto/ros2_humble/install/ros2doctor:/home/humberto/ros2_humble/install/ros2action:/home/humberto/ros2_humble/install/ros2cli:/home/humberto/ros2_humble/install/quality_of_service_demo_py:/home/humberto/ros2_humble/install/lifecycle_py:/home/humberto/ros2_humble/install/launch_testing_ros:/home/humberto/ros2_humble/install/launch_ros:/home/humberto/ros2_humble/install/examples_rclpy_pointcloud_publisher:/home/humberto/ros2_humble/install/examples_rclpy_minimal_subscriber:/home/humberto/ros2_humble/install/examples_rclpy_minimal_service:/home/humberto/ros2_humble/install/examples_rclpy_minimal_publisher:/home/humberto/ros2_humble/install/examples_rclpy_minimal_client:/home/humberto/ros2_humble/install/examples_rclpy_minimal_action_server:/home/humberto/ros2_humble/install/examples_rclpy_minimal_action_client:/home/humberto/ros2_humble/install/examples_rclpy_guard_conditions:/home/humberto/ros2_humble/install/examples_rclpy_executors:/home/humberto/ros2_humble/install/demo_nodes_py:/home/humberto/ros2_humble/install/camera_info_manager_py:/home/humberto/ros2_humble/install/action_tutorials_py:/home/humberto/ros2_humble/install/ament_uncrustify:/home/humberto/ros2_humble/install/tracetools_trace:/home/humberto/ros2_humble/install/tracetools_read:/home/humberto/ros2_humble/install/test_tracetools_launch:/home/humberto/ros2_humble/install/test_launch_ros:/home/humberto/ros2_humble/install/sensor_msgs_py:/home/humberto/ros2_humble/install/rpyutils:/home/humberto/ros2_humble/install/rosidl_runtime_py:/home/humberto/ros2_humble/install/rosidl_cli:/home/humberto/ros2_humble/install/launch_pytest:/home/humberto/ros2_humble/install/launch_testing:/home/humberto/ros2_humble/install/launch_yaml:/home/humberto/ros2_humble/install/launch_xml:/home/humberto/ros2_humble/install/launch:/home/humberto/ros2_humble/install/osrf_pycommon:/home/humberto/ros2_humble/install/domain_coordinator:/home/humberto/ros2_humble/install/ament_xmllint:/home/humberto/ros2_humble/install/ament_pyflakes:/home/humberto/ros2_humble/install/ament_pycodestyle:/home/humberto/ros2_humble/install/ament_pep257:/home/humberto/ros2_humble/install/ament_pclint:/home/humberto/ros2_humble/install/ament_package:/home/humberto/ros2_humble/install/ament_mypy:/home/humberto/ros2_humble/install/ament_lint_cmake:/home/humberto/ros2_humble/install/ament_flake8:/home/humberto/ros2_humble/install/ament_copyright:/home/humberto/ros2_humble/install/ament_lint:/home/humberto/ros2_humble/install/ament_index_python:/home/humberto/ros2_humble/install/ament_cpplint:/home/humberto/ros2_humble/install/ament_cppcheck:/home/humberto/ros2_humble/install/ament_clang_tidy:/home/humberto/ros2_humble/install/ament_clang_format /usr/bin/cmake /home/humberto/ros2_ws/src/ros_tutorials/turtlesim -DAMENT_CMAKE_SYMLINK_INSTALL=1 -DCMAKE_INSTALL_PREFIX=/home/humberto/ros2_ws/install/turtlesim
[5.791s] DEBUG:colcon.colcon_core.event_handler.log_command:Invoking command in '/home/humberto/ros2_ws/build/turtlesim': CMAKE_PREFIX_PATH=${CMAKE_PREFIX_PATH}:/home/humberto/ros2_humble/install/rqt_bag_plugins:/home/humberto/ros2_humble/install/rqt_bag:/home/humberto/ros2_humble/install/launch_testing_examples:/home/humberto/ros2_humble/install/ros2bag:/home/humberto/ros2_humble/install/tracetools_test:/home/humberto/ros2_humble/install/tracetools_launch:/home/humberto/ros2_humble/install/topic_monitor:/home/humberto/ros2_humble/install/tf2_tools:/home/humberto/ros2_humble/install/examples_tf2_py:/home/humberto/ros2_humble/install/tf2_ros_py:/home/humberto/ros2_humble/install/sros2:/home/humberto/ros2_humble/install/rqt_topic:/home/humberto/ros2_humble/install/rqt_srv:/home/humberto/ros2_humble/install/rqt_shell:/home/humberto/ros2_humble/install/rqt_service_caller:/home/humberto/ros2_humble/install/rqt_reconfigure:/home/humberto/ros2_humble/install/rqt_py_console:/home/humberto/ros2_humble/install/rqt_publisher:/home/humberto/ros2_humble/install/rqt_plot:/home/humberto/ros2_humble/install/rqt_action:/home/humberto/ros2_humble/install/rqt_msg:/home/humberto/ros2_humble/install/rqt_console:/home/humberto/ros2_humble/install/rqt:/home/humberto/ros2_humble/install/rqt_graph:/home/humberto/ros2_humble/install/rqt_gui_py:/home/humberto/ros2_humble/install/rqt_gui:/home/humberto/ros2_humble/install/ros2trace:/home/humberto/ros2_humble/install/ros2topic:/home/humberto/ros2_humble/install/ros2test:/home/humberto/ros2_humble/install/ros2component:/home/humberto/ros2_humble/install/ros2param:/home/humberto/ros2_humble/install/ros2lifecycle:/home/humberto/ros2_humble/install/ros2service:/home/humberto/ros2_humble/install/ros2run:/home/humberto/ros2_humble/install/ros2launch:/home/humberto/ros2_humble/install/ros2pkg:/home/humberto/ros2_humble/install/ros2node:/home/humberto/ros2_humble/install/ros2multicast:/home/humberto/ros2_humble/install/ros2interface:/home/humberto/ros2_humble/install/ros2doctor:/home/humberto/ros2_humble/install/ros2action:/home/humberto/ros2_humble/install/ros2cli:/home/humberto/ros2_humble/install/quality_of_service_demo_py:/home/humberto/ros2_humble/install/lifecycle_py:/home/humberto/ros2_humble/install/launch_testing_ros:/home/humberto/ros2_humble/install/launch_ros:/home/humberto/ros2_humble/install/examples_rclpy_pointcloud_publisher:/home/humberto/ros2_humble/install/examples_rclpy_minimal_subscriber:/home/humberto/ros2_humble/install/examples_rclpy_minimal_service:/home/humberto/ros2_humble/install/examples_rclpy_minimal_publisher:/home/humberto/ros2_humble/install/examples_rclpy_minimal_client:/home/humberto/ros2_humble/install/examples_rclpy_minimal_action_server:/home/humberto/ros2_humble/install/examples_rclpy_minimal_action_client:/home/humberto/ros2_humble/install/examples_rclpy_guard_conditions:/home/humberto/ros2_humble/install/examples_rclpy_executors:/home/humberto/ros2_humble/install/demo_nodes_py:/home/humberto/ros2_humble/install/camera_info_manager_py:/home/humberto/ros2_humble/install/action_tutorials_py:/home/humberto/ros2_humble/install/ament_uncrustify:/home/humberto/ros2_humble/install/tracetools_trace:/home/humberto/ros2_humble/install/tracetools_read:/home/humberto/ros2_humble/install/test_tracetools_launch:/home/humberto/ros2_humble/install/test_launch_ros:/home/humberto/ros2_humble/install/sensor_msgs_py:/home/humberto/ros2_humble/install/rpyutils:/home/humberto/ros2_humble/install/rosidl_runtime_py:/home/humberto/ros2_humble/install/rosidl_cli:/home/humberto/ros2_humble/install/launch_pytest:/home/humberto/ros2_humble/install/launch_testing:/home/humberto/ros2_humble/install/launch_yaml:/home/humberto/ros2_humble/install/launch_xml:/home/humberto/ros2_humble/install/launch:/home/humberto/ros2_humble/install/osrf_pycommon:/home/humberto/ros2_humble/install/domain_coordinator:/home/humberto/ros2_humble/install/ament_xmllint:/home/humberto/ros2_humble/install/ament_pyflakes:/home/humberto/ros2_humble/install/ament_pycodestyle:/home/humberto/ros2_humble/install/ament_pep257:/home/humberto/ros2_humble/install/ament_pclint:/home/humberto/ros2_humble/install/ament_package:/home/humberto/ros2_humble/install/ament_mypy:/home/humberto/ros2_humble/install/ament_lint_cmake:/home/humberto/ros2_humble/install/ament_flake8:/home/humberto/ros2_humble/install/ament_copyright:/home/humberto/ros2_humble/install/ament_lint:/home/humberto/ros2_humble/install/ament_index_python:/home/humberto/ros2_humble/install/ament_cpplint:/home/humberto/ros2_humble/install/ament_cppcheck:/home/humberto/ros2_humble/install/ament_clang_tidy:/home/humberto/ros2_humble/install/ament_clang_format /usr/bin/cmake --build /home/humberto/ros2_ws/build/turtlesim -- -j16 -l16
[5.899s] DEBUG:colcon.colcon_core.event_handler.log_command:Invoked command in '/home/humberto/ros2_ws/build/turtlesim' returned '2': CMAKE_PREFIX_PATH=${CMAKE_PREFIX_PATH}:/home/humberto/ros2_humble/install/rqt_bag_plugins:/home/humberto/ros2_humble/install/rqt_bag:/home/humberto/ros2_humble/install/launch_testing_examples:/home/humberto/ros2_humble/install/ros2bag:/home/humberto/ros2_humble/install/tracetools_test:/home/humberto/ros2_humble/install/tracetools_launch:/home/humberto/ros2_humble/install/topic_monitor:/home/humberto/ros2_humble/install/tf2_tools:/home/humberto/ros2_humble/install/examples_tf2_py:/home/humberto/ros2_humble/install/tf2_ros_py:/home/humberto/ros2_humble/install/sros2:/home/humberto/ros2_humble/install/rqt_topic:/home/humberto/ros2_humble/install/rqt_srv:/home/humberto/ros2_humble/install/rqt_shell:/home/humberto/ros2_humble/install/rqt_service_caller:/home/humberto/ros2_humble/install/rqt_reconfigure:/home/humberto/ros2_humble/install/rqt_py_console:/home/humberto/ros2_humble/install/rqt_publisher:/home/humberto/ros2_humble/install/rqt_plot:/home/humberto/ros2_humble/install/rqt_action:/home/humberto/ros2_humble/install/rqt_msg:/home/humberto/ros2_humble/install/rqt_console:/home/humberto/ros2_humble/install/rqt:/home/humberto/ros2_humble/install/rqt_graph:/home/humberto/ros2_humble/install/rqt_gui_py:/home/humberto/ros2_humble/install/rqt_gui:/home/humberto/ros2_humble/install/ros2trace:/home/humberto/ros2_humble/install/ros2topic:/home/humberto/ros2_humble/install/ros2test:/home/humberto/ros2_humble/install/ros2component:/home/humberto/ros2_humble/install/ros2param:/home/humberto/ros2_humble/install/ros2lifecycle:/home/humberto/ros2_humble/install/ros2service:/home/humberto/ros2_humble/install/ros2run:/home/humberto/ros2_humble/install/ros2launch:/home/humberto/ros2_humble/install/ros2pkg:/home/humberto/ros2_humble/install/ros2node:/home/humberto/ros2_humble/install/ros2multicast:/home/humberto/ros2_humble/install/ros2interface:/home/humberto/ros2_humble/install/ros2doctor:/home/humberto/ros2_humble/install/ros2action:/home/humberto/ros2_humble/install/ros2cli:/home/humberto/ros2_humble/install/quality_of_service_demo_py:/home/humberto/ros2_humble/install/lifecycle_py:/home/humberto/ros2_humble/install/launch_testing_ros:/home/humberto/ros2_humble/install/launch_ros:/home/humberto/ros2_humble/install/examples_rclpy_pointcloud_publisher:/home/humberto/ros2_humble/install/examples_rclpy_minimal_subscriber:/home/humberto/ros2_humble/install/examples_rclpy_minimal_service:/home/humberto/ros2_humble/install/examples_rclpy_minimal_publisher:/home/humberto/ros2_humble/install/examples_rclpy_minimal_client:/home/humberto/ros2_humble/install/examples_rclpy_minimal_action_server:/home/humberto/ros2_humble/install/examples_rclpy_minimal_action_client:/home/humberto/ros2_humble/install/examples_rclpy_guard_conditions:/home/humberto/ros2_humble/install/examples_rclpy_executors:/home/humberto/ros2_humble/install/demo_nodes_py:/home/humberto/ros2_humble/install/camera_info_manager_py:/home/humberto/ros2_humble/install/action_tutorials_py:/home/humberto/ros2_humble/install/ament_uncrustify:/home/humberto/ros2_humble/install/tracetools_trace:/home/humberto/ros2_humble/install/tracetools_read:/home/humberto/ros2_humble/install/test_tracetools_launch:/home/humberto/ros2_humble/install/test_launch_ros:/home/humberto/ros2_humble/install/sensor_msgs_py:/home/humberto/ros2_humble/install/rpyutils:/home/humberto/ros2_humble/install/rosidl_runtime_py:/home/humberto/ros2_humble/install/rosidl_cli:/home/humberto/ros2_humble/install/launch_pytest:/home/humberto/ros2_humble/install/launch_testing:/home/humberto/ros2_humble/install/launch_yaml:/home/humberto/ros2_humble/install/launch_xml:/home/humberto/ros2_humble/install/launch:/home/humberto/ros2_humble/install/osrf_pycommon:/home/humberto/ros2_humble/install/domain_coordinator:/home/humberto/ros2_humble/install/ament_xmllint:/home/humberto/ros2_humble/install/ament_pyflakes:/home/humberto/ros2_humble/install/ament_pycodestyle:/home/humberto/ros2_humble/install/ament_pep257:/home/humberto/ros2_humble/install/ament_pclint:/home/humberto/ros2_humble/install/ament_package:/home/humberto/ros2_humble/install/ament_mypy:/home/humberto/ros2_humble/install/ament_lint_cmake:/home/humberto/ros2_humble/install/ament_flake8:/home/humberto/ros2_humble/install/ament_copyright:/home/humberto/ros2_humble/install/ament_lint:/home/humberto/ros2_humble/install/ament_index_python:/home/humberto/ros2_humble/install/ament_cpplint:/home/humberto/ros2_humble/install/ament_cppcheck:/home/humberto/ros2_humble/install/ament_clang_tidy:/home/humberto/ros2_humble/install/ament_clang_format /usr/bin/cmake --build /home/humberto/ros2_ws/build/turtlesim -- -j16 -l16
[5.900s] Level 1:colcon.colcon_core.environment:create_environment_scripts_only(turtlesim)
[5.900s] Level 1:colcon.colcon_core.environment:checking '/home/humberto/ros2_ws/install/turtlesim' for CMake module files
[5.901s] Level 1:colcon.colcon_core.environment:checking '/home/humberto/ros2_ws/install/turtlesim' for CMake config files
[5.903s] Level 1:colcon.colcon_core.shell:create_environment_hook('turtlesim', 'cmake_prefix_path')
[5.903s] INFO:colcon.colcon_core.shell:Creating environment hook '/home/humberto/ros2_ws/install/turtlesim/share/turtlesim/hook/cmake_prefix_path.ps1'
[5.904s] INFO:colcon.colcon_core.shell:Creating environment descriptor '/home/humberto/ros2_ws/install/turtlesim/share/turtlesim/hook/cmake_prefix_path.dsv'
[5.904s] INFO:colcon.colcon_core.shell:Creating environment hook '/home/humberto/ros2_ws/install/turtlesim/share/turtlesim/hook/cmake_prefix_path.sh'
[5.905s] Level 1:colcon.colcon_core.environment:checking '/home/humberto/ros2_ws/install/turtlesim/lib'
[5.905s] Level 1:colcon.colcon_core.shell:create_environment_hook('turtlesim', 'ld_library_path_lib')
[5.905s] INFO:colcon.colcon_core.shell:Creating environment hook '/home/humberto/ros2_ws/install/turtlesim/share/turtlesim/hook/ld_library_path_lib.ps1'
[5.906s] INFO:colcon.colcon_core.shell:Creating environment descriptor '/home/humberto/ros2_ws/install/turtlesim/share/turtlesim/hook/ld_library_path_lib.dsv'
[5.906s] INFO:colcon.colcon_core.shell:Creating environment hook '/home/humberto/ros2_ws/install/turtlesim/share/turtlesim/hook/ld_library_path_lib.sh'
[5.907s] Level 1:colcon.colcon_core.environment:checking '/home/humberto/ros2_ws/install/turtlesim/bin'
[5.907s] Level 1:colcon.colcon_core.environment:checking '/home/humberto/ros2_ws/install/turtlesim/lib/pkgconfig/turtlesim.pc'
[5.907s] Level 1:colcon.colcon_core.environment:checking '/home/humberto/ros2_ws/install/turtlesim/lib/python3.10/site-packages'
[5.907s] Level 1:colcon.colcon_core.environment:checking '/home/humberto/ros2_ws/install/turtlesim/bin'
[5.908s] INFO:colcon.colcon_core.shell:Creating package script '/home/humberto/ros2_ws/install/turtlesim/share/turtlesim/package.ps1'
[5.908s] INFO:colcon.colcon_core.shell:Creating package descriptor '/home/humberto/ros2_ws/install/turtlesim/share/turtlesim/package.dsv'
[5.909s] INFO:colcon.colcon_core.shell:Creating package script '/home/humberto/ros2_ws/install/turtlesim/share/turtlesim/package.sh'
[5.909s] INFO:colcon.colcon_core.shell:Creating package script '/home/humberto/ros2_ws/install/turtlesim/share/turtlesim/package.bash'
[5.910s] INFO:colcon.colcon_core.shell:Creating package script '/home/humberto/ros2_ws/install/turtlesim/share/turtlesim/package.zsh'
[5.910s] Level 1:colcon.colcon_core.environment:create_file_with_runtime_dependencies(/home/humberto/ros2_ws/install/turtlesim/share/colcon-core/packages/turtlesim)
[5.920s] DEBUG:colcon.colcon_parallel_executor.executor.parallel:closing loop
[5.921s] DEBUG:colcon.colcon_parallel_executor.executor.parallel:loop closed
[5.921s] DEBUG:colcon.colcon_parallel_executor.executor.parallel:run_until_complete finished with '2'
[5.921s] DEBUG:colcon.colcon_core.event_reactor:joining thread
[5.936s] INFO:colcon.colcon_core.plugin_system:Skipping extension 'colcon_notification.desktop_notification.terminal_notifier': Not used on non-Darwin systems
[5.936s] INFO:colcon.colcon_core.plugin_system:Skipping extension 'colcon_notification.desktop_notification.win32': Not used on non-Windows systems
[5.936s] INFO:colcon.colcon_notification.desktop_notification:Sending desktop notification using 'notify2'
[5.953s] DEBUG:colcon.colcon_core.event_reactor:joined thread
[5.953s] INFO:colcon.colcon_core.shell:Creating prefix script '/home/humberto/ros2_ws/install/local_setup.ps1'
[5.954s] INFO:colcon.colcon_core.shell:Creating prefix util module '/home/humberto/ros2_ws/install/_local_setup_util_ps1.py'
[5.956s] INFO:colcon.colcon_core.shell:Creating prefix chain script '/home/humberto/ros2_ws/install/setup.ps1'
[5.969s] INFO:colcon.colcon_core.shell:Creating prefix script '/home/humberto/ros2_ws/install/local_setup.sh'
[5.970s] INFO:colcon.colcon_core.shell:Creating prefix util module '/home/humberto/ros2_ws/install/_local_setup_util_sh.py'
[5.971s] INFO:colcon.colcon_core.shell:Creating prefix chain script '/home/humberto/ros2_ws/install/setup.sh'
[5.983s] INFO:colcon.colcon_core.shell:Creating prefix script '/home/humberto/ros2_ws/install/local_setup.bash'
[5.983s] INFO:colcon.colcon_core.shell:Creating prefix chain script '/home/humberto/ros2_ws/install/setup.bash'
[5.995s] INFO:colcon.colcon_core.shell:Creating prefix script '/home/humberto/ros2_ws/install/local_setup.zsh'
[5.996s] INFO:colcon.colcon_core.shell:Creating prefix chain script '/home/humberto/ros2_ws/install/setup.zsh'
