[1.129s] Invoking command in '/home/humberto/ros2_ws/src/basic_comms': PYTHONPATH=/home/humberto/ros2_ws/src/build/basic_comms/prefix_override:/usr/lib/python3/dist-packages/colcon_core/task/python/colcon_distutils_commands:/home/humberto/ros2_ws/src/install/basic_comms/lib/python3.10/site-packages:${PYTHONPATH} /usr/bin/python3 -W ignore:setup.py install is deprecated -W ignore:easy_install command is deprecated setup.py egg_info --egg-base ../build/basic_comms build --build-base /home/humberto/ros2_ws/src/build/basic_comms/build install --record /home/humberto/ros2_ws/src/build/basic_comms/install.log --single-version-externally-managed install_data
[1.529s] running egg_info
[1.529s] creating ../build/basic_comms/basic_comms.egg-info
[1.530s] writing ../build/basic_comms/basic_comms.egg-info/PKG-INFO
[1.530s] writing dependency_links to ../build/basic_comms/basic_comms.egg-info/dependency_links.txt
[1.530s] writing entry points to ../build/basic_comms/basic_comms.egg-info/entry_points.txt
[1.530s] writing requirements to ../build/basic_comms/basic_comms.egg-info/requires.txt
[1.530s] writing top-level names to ../build/basic_comms/basic_comms.egg-info/top_level.txt
[1.530s] writing manifest file '../build/basic_comms/basic_comms.egg-info/SOURCES.txt'
[1.531s] reading manifest file '../build/basic_comms/basic_comms.egg-info/SOURCES.txt'
[1.532s] writing manifest file '../build/basic_comms/basic_comms.egg-info/SOURCES.txt'
[1.532s] running build
[1.532s] running build_py
[1.532s] creating /home/humberto/ros2_ws/src/build/basic_comms/build
[1.532s] creating /home/humberto/ros2_ws/src/build/basic_comms/build/lib
[1.532s] creating /home/humberto/ros2_ws/src/build/basic_comms/build/lib/basic_comms
[1.532s] copying basic_comms/talker.py -> /home/humberto/ros2_ws/src/build/basic_comms/build/lib/basic_comms
[1.532s] copying basic_comms/__init__.py -> /home/humberto/ros2_ws/src/build/basic_comms/build/lib/basic_comms
[1.532s] running install
[1.532s] running install_lib
[1.533s] creating /home/humberto/ros2_ws/src/install/basic_comms/lib/python3.10/site-packages/basic_comms
[1.533s] copying /home/humberto/ros2_ws/src/build/basic_comms/build/lib/basic_comms/talker.py -> /home/humberto/ros2_ws/src/install/basic_comms/lib/python3.10/site-packages/basic_comms
[1.533s] copying /home/humberto/ros2_ws/src/build/basic_comms/build/lib/basic_comms/__init__.py -> /home/humberto/ros2_ws/src/install/basic_comms/lib/python3.10/site-packages/basic_comms
[1.535s] byte-compiling /home/humberto/ros2_ws/src/install/basic_comms/lib/python3.10/site-packages/basic_comms/talker.py to talker.cpython-310.pyc
[1.536s] byte-compiling /home/humberto/ros2_ws/src/install/basic_comms/lib/python3.10/site-packages/basic_comms/__init__.py to __init__.cpython-310.pyc
[1.536s] running install_data
[1.536s] copying resource/basic_comms -> /home/humberto/ros2_ws/src/install/basic_comms/share/ament_index/resource_index/packages
[1.536s] copying package.xml -> /home/humberto/ros2_ws/src/install/basic_comms/share/basic_comms
[1.536s] running install_egg_info
[1.539s] Copying ../build/basic_comms/basic_comms.egg-info to /home/humberto/ros2_ws/src/install/basic_comms/lib/python3.10/site-packages/basic_comms-0.0.0-py3.10.egg-info
[1.540s] running install_scripts
[1.572s] Installing talker script to /home/humberto/ros2_ws/src/install/basic_comms/lib/basic_comms
[1.572s] writing list of installed files to '/home/humberto/ros2_ws/src/build/basic_comms/install.log'
[1.588s] Invoked command in '/home/humberto/ros2_ws/src/basic_comms' returned '0': PYTHONPATH=/home/humberto/ros2_ws/src/build/basic_comms/prefix_override:/usr/lib/python3/dist-packages/colcon_core/task/python/colcon_distutils_commands:/home/humberto/ros2_ws/src/install/basic_comms/lib/python3.10/site-packages:${PYTHONPATH} /usr/bin/python3 -W ignore:setup.py install is deprecated -W ignore:easy_install command is deprecated setup.py egg_info --egg-base ../build/basic_comms build --build-base /home/humberto/ros2_ws/src/build/basic_comms/build install --record /home/humberto/ros2_ws/src/build/basic_comms/install.log --single-version-externally-managed install_data
