[2.449s] Invoking command in '/home/humberto/ros2_ws/src/basic_comms': PYTHONPATH=/home/humberto/ros2_ws/build/basic_comms/prefix_override:/usr/lib/python3/dist-packages/colcon_core/task/python/colcon_distutils_commands:/home/humberto/ros2_ws/install/basic_comms/lib/python3.10/site-packages:${PYTHONPATH} /usr/bin/python3 -W ignore:setup.py install is deprecated -W ignore:easy_install command is deprecated setup.py egg_info --egg-base ../../build/basic_comms build --build-base /home/humberto/ros2_ws/build/basic_comms/build install --record /home/humberto/ros2_ws/build/basic_comms/install.log --single-version-externally-managed install_data
[3.142s] running egg_info
[3.144s] writing ../../build/basic_comms/basic_comms.egg-info/PKG-INFO
[3.149s] writing dependency_links to ../../build/basic_comms/basic_comms.egg-info/dependency_links.txt
[3.150s] writing entry points to ../../build/basic_comms/basic_comms.egg-info/entry_points.txt
[3.150s] writing requirements to ../../build/basic_comms/basic_comms.egg-info/requires.txt
[3.150s] writing top-level names to ../../build/basic_comms/basic_comms.egg-info/top_level.txt
[3.152s] reading manifest file '../../build/basic_comms/basic_comms.egg-info/SOURCES.txt'
[3.154s] writing manifest file '../../build/basic_comms/basic_comms.egg-info/SOURCES.txt'
[3.154s] running build
[3.154s] running build_py
[3.155s] running install
[3.155s] running install_lib
[3.159s] running install_data
[3.160s] running install_egg_info
[3.166s] removing '/home/humberto/ros2_ws/install/basic_comms/lib/python3.10/site-packages/basic_comms-0.0.0-py3.10.egg-info' (and everything under it)
[3.166s] Copying ../../build/basic_comms/basic_comms.egg-info to /home/humberto/ros2_ws/install/basic_comms/lib/python3.10/site-packages/basic_comms-0.0.0-py3.10.egg-info
[3.168s] running install_scripts
[3.222s] Installing listener script to /home/humberto/ros2_ws/install/basic_comms/lib/basic_comms
[3.223s] Installing talker script to /home/humberto/ros2_ws/install/basic_comms/lib/basic_comms
[3.223s] writing list of installed files to '/home/humberto/ros2_ws/build/basic_comms/install.log'
[3.265s] Invoked command in '/home/humberto/ros2_ws/src/basic_comms' returned '0': PYTHONPATH=/home/humberto/ros2_ws/build/basic_comms/prefix_override:/usr/lib/python3/dist-packages/colcon_core/task/python/colcon_distutils_commands:/home/humberto/ros2_ws/install/basic_comms/lib/python3.10/site-packages:${PYTHONPATH} /usr/bin/python3 -W ignore:setup.py install is deprecated -W ignore:easy_install command is deprecated setup.py egg_info --egg-base ../../build/basic_comms build --build-base /home/humberto/ros2_ws/build/basic_comms/build install --record /home/humberto/ros2_ws/build/basic_comms/install.log --single-version-externally-managed install_data
