running develop
running egg_info
writing motor_control.egg-info/PKG-INFO
writing dependency_links to motor_control.egg-info/dependency_links.txt
writing entry points to motor_control.egg-info/entry_points.txt
writing requirements to motor_control.egg-info/requires.txt
writing top-level names to motor_control.egg-info/top_level.txt
reading manifest file 'motor_control.egg-info/SOURCES.txt'
writing manifest file 'motor_control.egg-info/SOURCES.txt'
running build_ext
Creating /home/humberto/ros2_ws/install/motor_control/lib/python3.10/site-packages/motor-control.egg-link (link to .)
Installing controller script to /home/humberto/ros2_ws/install/motor_control/lib/motor_control
Installing dc_motor script to /home/humberto/ros2_ws/install/motor_control/lib/motor_control
Installing set_point script to /home/humberto/ros2_ws/install/motor_control/lib/motor_control

Installed /home/humberto/ros2_ws/build/motor_control
running symlink_data
symbolically linking /home/humberto/ros2_ws/build/motor_control/resource/motor_control -> /home/humberto/ros2_ws/install/motor_control/share/ament_index/resource_index/packages
symbolically linking /home/humberto/ros2_ws/build/motor_control/package.xml -> /home/humberto/ros2_ws/install/motor_control/share/motor_control
symbolically linking /home/humberto/ros2_ws/build/motor_control/launch/challenge_launch.py -> /home/humberto/ros2_ws/install/motor_control/share/motor_control/launch
symbolically linking /home/humberto/ros2_ws/build/motor_control/launch/motor_launch.py -> /home/humberto/ros2_ws/install/motor_control/share/motor_control/launch
symbolically linking /home/humberto/ros2_ws/build/motor_control/launch/motor_2_launch.py -> /home/humberto/ros2_ws/install/motor_control/share/motor_control/launch
symbolically linking /home/humberto/ros2_ws/build/motor_control/launch/motor_3_launch.py -> /home/humberto/ros2_ws/install/motor_control/share/motor_control/launch
creating /home/humberto/ros2_ws/install/motor_control/share/motor_control/config
