[2.437s] Invoking command in '/home/humberto/ros2_ws/src/motor_control': PYTHONPATH=/home/humberto/ros2_ws/build/motor_control/prefix_override:/usr/lib/python3/dist-packages/colcon_core/task/python/colcon_distutils_commands:/home/humberto/ros2_ws/install/motor_control/lib/python3.10/site-packages:${PYTHONPATH} /usr/bin/python3 -W ignore:setup.py install is deprecated -W ignore:easy_install command is deprecated setup.py egg_info --egg-base ../../build/motor_control build --build-base /home/humberto/ros2_ws/build/motor_control/build install --record /home/humberto/ros2_ws/build/motor_control/install.log --single-version-externally-managed install_data
[3.178s] running egg_info
[3.179s] writing ../../build/motor_control/motor_control.egg-info/PKG-INFO
[3.180s] writing dependency_links to ../../build/motor_control/motor_control.egg-info/dependency_links.txt
[3.180s] writing entry points to ../../build/motor_control/motor_control.egg-info/entry_points.txt
[3.180s] writing requirements to ../../build/motor_control/motor_control.egg-info/requires.txt
[3.180s] writing top-level names to ../../build/motor_control/motor_control.egg-info/top_level.txt
[3.184s] reading manifest file '../../build/motor_control/motor_control.egg-info/SOURCES.txt'
[3.184s] adding license file 'LICENSE'
[3.185s] writing manifest file '../../build/motor_control/motor_control.egg-info/SOURCES.txt'
[3.185s] running build
[3.185s] running build_py
[3.186s] running install
[3.186s] running install_lib
[3.193s] running install_data
[3.193s] running install_egg_info
[3.201s] removing '/home/humberto/ros2_ws/install/motor_control/lib/python3.10/site-packages/motor_control-0.0.0-py3.10.egg-info' (and everything under it)
[3.201s] Copying ../../build/motor_control/motor_control.egg-info to /home/humberto/ros2_ws/install/motor_control/lib/python3.10/site-packages/motor_control-0.0.0-py3.10.egg-info
[3.203s] running install_scripts
[3.267s] Installing dc_motor script to /home/humberto/ros2_ws/install/motor_control/lib/motor_control
[3.267s] Installing set_point script to /home/humberto/ros2_ws/install/motor_control/lib/motor_control
[3.268s] writing list of installed files to '/home/humberto/ros2_ws/build/motor_control/install.log'
[3.322s] Invoked command in '/home/humberto/ros2_ws/src/motor_control' returned '0': PYTHONPATH=/home/humberto/ros2_ws/build/motor_control/prefix_override:/usr/lib/python3/dist-packages/colcon_core/task/python/colcon_distutils_commands:/home/humberto/ros2_ws/install/motor_control/lib/python3.10/site-packages:${PYTHONPATH} /usr/bin/python3 -W ignore:setup.py install is deprecated -W ignore:easy_install command is deprecated setup.py egg_info --egg-base ../../build/motor_control build --build-base /home/humberto/ros2_ws/build/motor_control/build install --record /home/humberto/ros2_ws/build/motor_control/install.log --single-version-externally-managed install_data
