[1.741s] Invoking command in '/home/humberto/ros2_ws/src/basic_comms': PYTHONPATH=/home/humberto/ros2_ws/build/basic_comms/prefix_override:/usr/lib/python3/dist-packages/colcon_core/task/python/colcon_distutils_commands:/home/humberto/ros2_ws/install/basic_comms/lib/python3.10/site-packages:${PYTHONPATH} /usr/bin/python3 -W ignore:setup.py install is deprecated -W ignore:easy_install command is deprecated setup.py egg_info --egg-base ../../build/basic_comms build --build-base /home/humberto/ros2_ws/build/basic_comms/build install --record /home/humberto/ros2_ws/build/basic_comms/install.log --single-version-externally-managed install_data
[2.229s] running egg_info
[2.231s] writing ../../build/basic_comms/basic_comms.egg-info/PKG-INFO
[2.231s] writing dependency_links to ../../build/basic_comms/basic_comms.egg-info/dependency_links.txt
[2.232s] writing entry points to ../../build/basic_comms/basic_comms.egg-info/entry_points.txt
[2.232s] writing requirements to ../../build/basic_comms/basic_comms.egg-info/requires.txt
[2.233s] writing top-level names to ../../build/basic_comms/basic_comms.egg-info/top_level.txt
[2.234s] reading manifest file '../../build/basic_comms/basic_comms.egg-info/SOURCES.txt'
[2.236s] writing manifest file '../../build/basic_comms/basic_comms.egg-info/SOURCES.txt'
[2.236s] running build
[2.236s] running build_py
[2.236s] running install
[2.236s] running install_lib
[2.240s] running install_data
[2.240s] running install_egg_info
[2.245s] removing '/home/humberto/ros2_ws/install/basic_comms/lib/python3.10/site-packages/basic_comms-0.0.0-py3.10.egg-info' (and everything under it)
[2.245s] Copying ../../build/basic_comms/basic_comms.egg-info to /home/humberto/ros2_ws/install/basic_comms/lib/python3.10/site-packages/basic_comms-0.0.0-py3.10.egg-info
[2.246s] running install_scripts
[2.282s] Installing listener script to /home/humberto/ros2_ws/install/basic_comms/lib/basic_comms
[2.282s] Installing talker script to /home/humberto/ros2_ws/install/basic_comms/lib/basic_comms
[2.282s] writing list of installed files to '/home/humberto/ros2_ws/build/basic_comms/install.log'
[2.324s] Invoked command in '/home/humberto/ros2_ws/src/basic_comms' returned '0': PYTHONPATH=/home/humberto/ros2_ws/build/basic_comms/prefix_override:/usr/lib/python3/dist-packages/colcon_core/task/python/colcon_distutils_commands:/home/humberto/ros2_ws/install/basic_comms/lib/python3.10/site-packages:${PYTHONPATH} /usr/bin/python3 -W ignore:setup.py install is deprecated -W ignore:easy_install command is deprecated setup.py egg_info --egg-base ../../build/basic_comms build --build-base /home/humberto/ros2_ws/build/basic_comms/build install --record /home/humberto/ros2_ws/build/basic_comms/install.log --single-version-externally-managed install_data
