[1.516s] Invoking command in '/home/humberto/ros2_ws/src/motor_control': PYTHONPATH=/home/humberto/ros2_ws/build/motor_control/prefix_override:/usr/lib/python3/dist-packages/colcon_core/task/python/colcon_distutils_commands:/home/humberto/ros2_ws/install/motor_control/lib/python3.10/site-packages:${PYTHONPATH} /usr/bin/python3 -W ignore:setup.py install is deprecated -W ignore:easy_install command is deprecated setup.py egg_info --egg-base ../../build/motor_control build --build-base /home/humberto/ros2_ws/build/motor_control/build install --record /home/humberto/ros2_ws/build/motor_control/install.log --single-version-externally-managed install_data
[1.938s] running egg_info
[1.938s] writing ../../build/motor_control/motor_control.egg-info/PKG-INFO
[1.939s] writing dependency_links to ../../build/motor_control/motor_control.egg-info/dependency_links.txt
[1.939s] writing entry points to ../../build/motor_control/motor_control.egg-info/entry_points.txt
[1.939s] writing requirements to ../../build/motor_control/motor_control.egg-info/requires.txt
[1.939s] writing top-level names to ../../build/motor_control/motor_control.egg-info/top_level.txt
[1.941s] reading manifest file '../../build/motor_control/motor_control.egg-info/SOURCES.txt'
[1.941s] adding license file 'LICENSE'
[1.942s] writing manifest file '../../build/motor_control/motor_control.egg-info/SOURCES.txt'
[1.942s] running build
[1.942s] running build_py
[1.942s] running install
[1.942s] running install_lib
[1.945s] running install_data
[1.945s] copying launch/motor_2_launch.py -> /home/humberto/ros2_ws/install/motor_control/share/motor_control/launch
[1.946s] running install_egg_info
[1.950s] removing '/home/humberto/ros2_ws/install/motor_control/lib/python3.10/site-packages/motor_control-0.0.0-py3.10.egg-info' (and everything under it)
[1.950s] Copying ../../build/motor_control/motor_control.egg-info to /home/humberto/ros2_ws/install/motor_control/lib/python3.10/site-packages/motor_control-0.0.0-py3.10.egg-info
[1.951s] running install_scripts
[1.987s] Installing dc_motor script to /home/humberto/ros2_ws/install/motor_control/lib/motor_control
[1.987s] Installing set_point script to /home/humberto/ros2_ws/install/motor_control/lib/motor_control
[1.987s] writing list of installed files to '/home/humberto/ros2_ws/build/motor_control/install.log'
[2.025s] Invoked command in '/home/humberto/ros2_ws/src/motor_control' returned '0': PYTHONPATH=/home/humberto/ros2_ws/build/motor_control/prefix_override:/usr/lib/python3/dist-packages/colcon_core/task/python/colcon_distutils_commands:/home/humberto/ros2_ws/install/motor_control/lib/python3.10/site-packages:${PYTHONPATH} /usr/bin/python3 -W ignore:setup.py install is deprecated -W ignore:easy_install command is deprecated setup.py egg_info --egg-base ../../build/motor_control build --build-base /home/humberto/ros2_ws/build/motor_control/build install --record /home/humberto/ros2_ws/build/motor_control/install.log --single-version-externally-managed install_data
