[1.125s] Invoking command in '/home/humberto/ros2_ws/src/basic_comms': PYTHONPATH=/home/humberto/ros2_ws/build/basic_comms/prefix_override:/usr/lib/python3/dist-packages/colcon_core/task/python/colcon_distutils_commands:/home/humberto/ros2_ws/install/basic_comms/lib/python3.10/site-packages:${PYTHONPATH} /usr/bin/python3 -W ignore:setup.py install is deprecated -W ignore:easy_install command is deprecated setup.py egg_info --egg-base ../../build/basic_comms build --build-base /home/humberto/ros2_ws/build/basic_comms/build install --record /home/humberto/ros2_ws/build/basic_comms/install.log --single-version-externally-managed install_data
[1.541s] running egg_info
[1.541s] writing ../../build/basic_comms/basic_comms.egg-info/PKG-INFO
[1.541s] writing dependency_links to ../../build/basic_comms/basic_comms.egg-info/dependency_links.txt
[1.542s] writing entry points to ../../build/basic_comms/basic_comms.egg-info/entry_points.txt
[1.542s] writing requirements to ../../build/basic_comms/basic_comms.egg-info/requires.txt
[1.542s] writing top-level names to ../../build/basic_comms/basic_comms.egg-info/top_level.txt
[1.544s] reading manifest file '../../build/basic_comms/basic_comms.egg-info/SOURCES.txt'
[1.544s] writing manifest file '../../build/basic_comms/basic_comms.egg-info/SOURCES.txt'
[1.545s] running build
[1.545s] running build_py
[1.545s] copying basic_comms/listener.py -> /home/humberto/ros2_ws/build/basic_comms/build/lib/basic_comms
[1.545s] running install
[1.545s] running install_lib
[1.546s] copying /home/humberto/ros2_ws/build/basic_comms/build/lib/basic_comms/listener.py -> /home/humberto/ros2_ws/install/basic_comms/lib/python3.10/site-packages/basic_comms
[1.548s] byte-compiling /home/humberto/ros2_ws/install/basic_comms/lib/python3.10/site-packages/basic_comms/listener.py to listener.cpython-310.pyc
[1.548s] running install_data
[1.548s] running install_egg_info
[1.551s] removing '/home/humberto/ros2_ws/install/basic_comms/lib/python3.10/site-packages/basic_comms-0.0.0-py3.10.egg-info' (and everything under it)
[1.552s] Copying ../../build/basic_comms/basic_comms.egg-info to /home/humberto/ros2_ws/install/basic_comms/lib/python3.10/site-packages/basic_comms-0.0.0-py3.10.egg-info
[1.552s] running install_scripts
[1.587s] Installing talker script to /home/humberto/ros2_ws/install/basic_comms/lib/basic_comms
[1.587s] writing list of installed files to '/home/humberto/ros2_ws/build/basic_comms/install.log'
[1.606s] Invoked command in '/home/humberto/ros2_ws/src/basic_comms' returned '0': PYTHONPATH=/home/humberto/ros2_ws/build/basic_comms/prefix_override:/usr/lib/python3/dist-packages/colcon_core/task/python/colcon_distutils_commands:/home/humberto/ros2_ws/install/basic_comms/lib/python3.10/site-packages:${PYTHONPATH} /usr/bin/python3 -W ignore:setup.py install is deprecated -W ignore:easy_install command is deprecated setup.py egg_info --egg-base ../../build/basic_comms build --build-base /home/humberto/ros2_ws/build/basic_comms/build install --record /home/humberto/ros2_ws/build/basic_comms/install.log --single-version-externally-managed install_data
