[1.723s] Invoking command in '/home/humberto/ros2_ws/src/motor_control': PYTHONPATH=/home/humberto/ros2_ws/build/motor_control/prefix_override:/usr/lib/python3/dist-packages/colcon_core/task/python/colcon_distutils_commands:/home/humberto/ros2_ws/install/motor_control/lib/python3.10/site-packages:${PYTHONPATH} /usr/bin/python3 -W ignore:setup.py install is deprecated -W ignore:easy_install command is deprecated setup.py egg_info --egg-base ../../build/motor_control build --build-base /home/humberto/ros2_ws/build/motor_control/build install --record /home/humberto/ros2_ws/build/motor_control/install.log --single-version-externally-managed install_data
[2.193s] running egg_info
[2.194s] writing ../../build/motor_control/motor_control.egg-info/PKG-INFO
[2.194s] writing dependency_links to ../../build/motor_control/motor_control.egg-info/dependency_links.txt
[2.194s] writing entry points to ../../build/motor_control/motor_control.egg-info/entry_points.txt
[2.195s] writing requirements to ../../build/motor_control/motor_control.egg-info/requires.txt
[2.195s] writing top-level names to ../../build/motor_control/motor_control.egg-info/top_level.txt
[2.197s] reading manifest file '../../build/motor_control/motor_control.egg-info/SOURCES.txt'
[2.201s] adding license file 'LICENSE'
[2.204s] writing manifest file '../../build/motor_control/motor_control.egg-info/SOURCES.txt'
[2.204s] running build
[2.204s] running build_py
[2.204s] copying motor_control/controller.py -> /home/humberto/ros2_ws/build/motor_control/build/lib/motor_control
[2.204s] running install
[2.204s] running install_lib
[2.205s] copying /home/humberto/ros2_ws/build/motor_control/build/lib/motor_control/controller.py -> /home/humberto/ros2_ws/install/motor_control/lib/python3.10/site-packages/motor_control
[2.208s] byte-compiling /home/humberto/ros2_ws/install/motor_control/lib/python3.10/site-packages/motor_control/controller.py to controller.cpython-310.pyc
[2.208s] running install_data
[2.209s] copying launch/challenge_launch.py -> /home/humberto/ros2_ws/install/motor_control/share/motor_control/launch
[2.209s] copying launch/motor_launch.py -> /home/humberto/ros2_ws/install/motor_control/share/motor_control/launch
[2.209s] running install_egg_info
[2.214s] removing '/home/humberto/ros2_ws/install/motor_control/lib/python3.10/site-packages/motor_control-0.0.0-py3.10.egg-info' (and everything under it)
[2.214s] Copying ../../build/motor_control/motor_control.egg-info to /home/humberto/ros2_ws/install/motor_control/lib/python3.10/site-packages/motor_control-0.0.0-py3.10.egg-info
[2.215s] running install_scripts
[2.250s] Installing dc_motor script to /home/humberto/ros2_ws/install/motor_control/lib/motor_control
[2.250s] Installing set_point script to /home/humberto/ros2_ws/install/motor_control/lib/motor_control
[2.251s] writing list of installed files to '/home/humberto/ros2_ws/build/motor_control/install.log'
[2.276s] Invoked command in '/home/humberto/ros2_ws/src/motor_control' returned '0': PYTHONPATH=/home/humberto/ros2_ws/build/motor_control/prefix_override:/usr/lib/python3/dist-packages/colcon_core/task/python/colcon_distutils_commands:/home/humberto/ros2_ws/install/motor_control/lib/python3.10/site-packages:${PYTHONPATH} /usr/bin/python3 -W ignore:setup.py install is deprecated -W ignore:easy_install command is deprecated setup.py egg_info --egg-base ../../build/motor_control build --build-base /home/humberto/ros2_ws/build/motor_control/build install --record /home/humberto/ros2_ws/build/motor_control/install.log --single-version-externally-managed install_data
