[0.030s] Invoking command in '/home/humberto/ros2_ws/build/turtlesim': CMAKE_PREFIX_PATH=${CMAKE_PREFIX_PATH}:/home/humberto/ros2_humble/install/rqt_bag_plugins:/home/humberto/ros2_humble/install/rqt_bag:/home/humberto/ros2_humble/install/launch_testing_examples:/home/humberto/ros2_humble/install/ros2bag:/home/humberto/ros2_humble/install/tracetools_test:/home/humberto/ros2_humble/install/tracetools_launch:/home/humberto/ros2_humble/install/topic_monitor:/home/humberto/ros2_humble/install/tf2_tools:/home/humberto/ros2_humble/install/examples_tf2_py:/home/humberto/ros2_humble/install/tf2_ros_py:/home/humberto/ros2_humble/install/sros2:/home/humberto/ros2_humble/install/rqt_topic:/home/humberto/ros2_humble/install/rqt_srv:/home/humberto/ros2_humble/install/rqt_shell:/home/humberto/ros2_humble/install/rqt_service_caller:/home/humberto/ros2_humble/install/rqt_reconfigure:/home/humberto/ros2_humble/install/rqt_py_console:/home/humberto/ros2_humble/install/rqt_publisher:/home/humberto/ros2_humble/install/rqt_plot:/home/humberto/ros2_humble/install/rqt_action:/home/humberto/ros2_humble/install/rqt_msg:/home/humberto/ros2_humble/install/rqt_console:/home/humberto/ros2_humble/install/rqt:/home/humberto/ros2_humble/install/rqt_graph:/home/humberto/ros2_humble/install/rqt_gui_py:/home/humberto/ros2_humble/install/rqt_gui:/home/humberto/ros2_humble/install/ros2trace:/home/humberto/ros2_humble/install/ros2topic:/home/humberto/ros2_humble/install/ros2test:/home/humberto/ros2_humble/install/ros2component:/home/humberto/ros2_humble/install/ros2param:/home/humberto/ros2_humble/install/ros2lifecycle:/home/humberto/ros2_humble/install/ros2service:/home/humberto/ros2_humble/install/ros2run:/home/humberto/ros2_humble/install/ros2launch:/home/humberto/ros2_humble/install/ros2pkg:/home/humberto/ros2_humble/install/ros2node:/home/humberto/ros2_humble/install/ros2multicast:/home/humberto/ros2_humble/install/ros2interface:/home/humberto/ros2_humble/install/ros2doctor:/home/humberto/ros2_humble/install/ros2action:/home/humberto/ros2_humble/install/ros2cli:/home/humberto/ros2_humble/install/quality_of_service_demo_py:/home/humberto/ros2_humble/install/lifecycle_py:/home/humberto/ros2_humble/install/launch_testing_ros:/home/humberto/ros2_humble/install/launch_ros:/home/humberto/ros2_humble/install/examples_rclpy_pointcloud_publisher:/home/humberto/ros2_humble/install/examples_rclpy_minimal_subscriber:/home/humberto/ros2_humble/install/examples_rclpy_minimal_service:/home/humberto/ros2_humble/install/examples_rclpy_minimal_publisher:/home/humberto/ros2_humble/install/examples_rclpy_minimal_client:/home/humberto/ros2_humble/install/examples_rclpy_minimal_action_server:/home/humberto/ros2_humble/install/examples_rclpy_minimal_action_client:/home/humberto/ros2_humble/install/examples_rclpy_guard_conditions:/home/humberto/ros2_humble/install/examples_rclpy_executors:/home/humberto/ros2_humble/install/demo_nodes_py:/home/humberto/ros2_humble/install/camera_info_manager_py:/home/humberto/ros2_humble/install/action_tutorials_py:/home/humberto/ros2_humble/install/ament_uncrustify:/home/humberto/ros2_humble/install/tracetools_trace:/home/humberto/ros2_humble/install/tracetools_read:/home/humberto/ros2_humble/install/test_tracetools_launch:/home/humberto/ros2_humble/install/test_launch_ros:/home/humberto/ros2_humble/install/sensor_msgs_py:/home/humberto/ros2_humble/install/rpyutils:/home/humberto/ros2_humble/install/rosidl_runtime_py:/home/humberto/ros2_humble/install/rosidl_cli:/home/humberto/ros2_humble/install/launch_pytest:/home/humberto/ros2_humble/install/launch_testing:/home/humberto/ros2_humble/install/launch_yaml:/home/humberto/ros2_humble/install/launch_xml:/home/humberto/ros2_humble/install/launch:/home/humberto/ros2_humble/install/osrf_pycommon:/home/humberto/ros2_humble/install/domain_coordinator:/home/humberto/ros2_humble/install/ament_xmllint:/home/humberto/ros2_humble/install/ament_pyflakes:/home/humberto/ros2_humble/install/ament_pycodestyle:/home/humberto/ros2_humble/install/ament_pep257:/home/humberto/ros2_humble/install/ament_pclint:/home/humberto/ros2_humble/install/ament_package:/home/humberto/ros2_humble/install/ament_mypy:/home/humberto/ros2_humble/install/ament_lint_cmake:/home/humberto/ros2_humble/install/ament_flake8:/home/humberto/ros2_humble/install/ament_copyright:/home/humberto/ros2_humble/install/ament_lint:/home/humberto/ros2_humble/install/ament_index_python:/home/humberto/ros2_humble/install/ament_cpplint:/home/humberto/ros2_humble/install/ament_cppcheck:/home/humberto/ros2_humble/install/ament_clang_tidy:/home/humberto/ros2_humble/install/ament_clang_format /usr/bin/cmake /home/humberto/ros2_ws/src/ros_tutorials/turtlesim -DCMAKE_INSTALL_PREFIX=/home/humberto/ros2_ws/install/turtlesim
[0.139s] -- The C compiler identification is GNU 11.4.0
[0.206s] -- The CXX compiler identification is GNU 11.4.0
[0.214s] -- Detecting C compiler ABI info
[0.300s] -- Detecting C compiler ABI info - done
[0.306s] -- Check for working C compiler: /usr/bin/cc - skipped
[0.306s] -- Detecting C compile features
[0.306s] -- Detecting C compile features - done
[0.309s] -- Detecting CXX compiler ABI info
[0.405s] -- Detecting CXX compiler ABI info - done
[0.411s] -- Check for working CXX compiler: /usr/bin/c++ - skipped
[0.412s] -- Detecting CXX compile features
[0.412s] -- Detecting CXX compile features - done
[0.429s] -- Found ament_cmake: 1.3.11 (/home/humberto/ros2_humble/install/ament_cmake/share/ament_cmake/cmake)
[0.884s] -- Found Python3: /usr/bin/python3 (found version "3.10.12") found components: Interpreter 
[1.235s] -- Found ament_index_cpp: 1.4.0 (/home/humberto/ros2_humble/install/ament_index_cpp/share/ament_index_cpp/cmake)
[1.243s] -- Found geometry_msgs: 4.2.4 (/home/humberto/ros2_humble/install/geometry_msgs/share/geometry_msgs/cmake)
[1.366s] -- Found rosidl_generator_c: 3.1.6 (/home/humberto/ros2_humble/install/rosidl_generator_c/share/rosidl_generator_c/cmake)
[1.386s] -- Found rosidl_adapter: 3.1.6 (/home/humberto/ros2_humble/install/rosidl_adapter/share/rosidl_adapter/cmake)
[1.411s] -- Found rosidl_generator_cpp: 3.1.6 (/home/humberto/ros2_humble/install/rosidl_generator_cpp/share/rosidl_generator_cpp/cmake)
[1.462s] -- Using all available rosidl_typesupport_c: rosidl_typesupport_introspection_c;rosidl_typesupport_fastrtps_c
[1.523s] -- Using all available rosidl_typesupport_cpp: rosidl_typesupport_introspection_cpp;rosidl_typesupport_fastrtps_cpp
[1.636s] -- Found rclcpp: 16.0.11 (/home/humberto/ros2_humble/install/rclcpp/share/rclcpp/cmake)
[1.739s] -- Found rmw_implementation_cmake: 6.1.2 (/home/humberto/ros2_humble/install/rmw_implementation_cmake/share/rmw_implementation_cmake/cmake)
[1.768s] -- Found rmw_fastrtps_cpp: 6.2.7 (/home/humberto/ros2_humble/install/rmw_fastrtps_cpp/share/rmw_fastrtps_cpp/cmake)
[1.958s] -- Found OpenSSL: /usr/lib/x86_64-linux-gnu/libcrypto.so (found version "3.0.2")  
[2.001s] -- Found FastRTPS: /home/humberto/ros2_humble/install/fastrtps/include  
[2.085s] -- Using RMW implementation 'rmw_fastrtps_cpp' as default
[2.121s] -- Looking for pthread.h
[2.207s] -- Looking for pthread.h - found
[2.207s] -- Performing Test CMAKE_HAVE_LIBC_PTHREAD
[2.296s] -- Performing Test CMAKE_HAVE_LIBC_PTHREAD - Success
[2.297s] -- Found Threads: TRUE  
[2.371s] -- Found rclcpp_action: 16.0.11 (/home/humberto/ros2_humble/install/rclcpp_action/share/rclcpp_action/cmake)
[2.421s] -- Found rosidl_default_generators: 1.2.0 (/home/humberto/ros2_humble/install/rosidl_default_generators/share/rosidl_default_generators/cmake)
[2.511s] -- Found std_srvs: 4.2.4 (/home/humberto/ros2_humble/install/std_srvs/share/std_srvs/cmake)
[3.194s] -- Found ament_cmake_ros: 0.10.0 (/home/humberto/ros2_humble/install/ament_cmake_ros/share/ament_cmake_ros/cmake)
[4.203s] -- Using all available rosidl_typesupport_c: rosidl_typesupport_introspection_c;rosidl_typesupport_fastrtps_c
[4.570s] -- Using all available rosidl_typesupport_cpp: rosidl_typesupport_introspection_cpp;rosidl_typesupport_fastrtps_cpp
[4.639s] -- Found PythonInterp: /usr/bin/python3 (found suitable version "3.10.12", minimum required is "3.6") 
[4.650s] -- Found python_cmake_module: 0.10.0 (/home/humberto/ros2_humble/install/python_cmake_module/share/python_cmake_module/cmake)
[4.722s] -- Found PythonLibs: /usr/lib/x86_64-linux-gnu/libpython3.10.so (found suitable version "3.10.12", minimum required is "3.5") 
[4.722s] -- Using PYTHON_EXECUTABLE: /usr/bin/python3
[4.722s] -- Using PYTHON_INCLUDE_DIRS: /usr/include/python3.10
[4.722s] -- Using PYTHON_LIBRARIES: /usr/lib/x86_64-linux-gnu/libpython3.10.so
[4.782s] -- Found PythonExtra: .so  
[5.459s] -- Configuring done
[5.538s] -- Generating done
[5.556s] -- Build files have been written to: /home/humberto/ros2_ws/build/turtlesim
[5.568s] Invoked command in '/home/humberto/ros2_ws/build/turtlesim' returned '0': CMAKE_PREFIX_PATH=${CMAKE_PREFIX_PATH}:/home/humberto/ros2_humble/install/rqt_bag_plugins:/home/humberto/ros2_humble/install/rqt_bag:/home/humberto/ros2_humble/install/launch_testing_examples:/home/humberto/ros2_humble/install/ros2bag:/home/humberto/ros2_humble/install/tracetools_test:/home/humberto/ros2_humble/install/tracetools_launch:/home/humberto/ros2_humble/install/topic_monitor:/home/humberto/ros2_humble/install/tf2_tools:/home/humberto/ros2_humble/install/examples_tf2_py:/home/humberto/ros2_humble/install/tf2_ros_py:/home/humberto/ros2_humble/install/sros2:/home/humberto/ros2_humble/install/rqt_topic:/home/humberto/ros2_humble/install/rqt_srv:/home/humberto/ros2_humble/install/rqt_shell:/home/humberto/ros2_humble/install/rqt_service_caller:/home/humberto/ros2_humble/install/rqt_reconfigure:/home/humberto/ros2_humble/install/rqt_py_console:/home/humberto/ros2_humble/install/rqt_publisher:/home/humberto/ros2_humble/install/rqt_plot:/home/humberto/ros2_humble/install/rqt_action:/home/humberto/ros2_humble/install/rqt_msg:/home/humberto/ros2_humble/install/rqt_console:/home/humberto/ros2_humble/install/rqt:/home/humberto/ros2_humble/install/rqt_graph:/home/humberto/ros2_humble/install/rqt_gui_py:/home/humberto/ros2_humble/install/rqt_gui:/home/humberto/ros2_humble/install/ros2trace:/home/humberto/ros2_humble/install/ros2topic:/home/humberto/ros2_humble/install/ros2test:/home/humberto/ros2_humble/install/ros2component:/home/humberto/ros2_humble/install/ros2param:/home/humberto/ros2_humble/install/ros2lifecycle:/home/humberto/ros2_humble/install/ros2service:/home/humberto/ros2_humble/install/ros2run:/home/humberto/ros2_humble/install/ros2launch:/home/humberto/ros2_humble/install/ros2pkg:/home/humberto/ros2_humble/install/ros2node:/home/humberto/ros2_humble/install/ros2multicast:/home/humberto/ros2_humble/install/ros2interface:/home/humberto/ros2_humble/install/ros2doctor:/home/humberto/ros2_humble/install/ros2action:/home/humberto/ros2_humble/install/ros2cli:/home/humberto/ros2_humble/install/quality_of_service_demo_py:/home/humberto/ros2_humble/install/lifecycle_py:/home/humberto/ros2_humble/install/launch_testing_ros:/home/humberto/ros2_humble/install/launch_ros:/home/humberto/ros2_humble/install/examples_rclpy_pointcloud_publisher:/home/humberto/ros2_humble/install/examples_rclpy_minimal_subscriber:/home/humberto/ros2_humble/install/examples_rclpy_minimal_service:/home/humberto/ros2_humble/install/examples_rclpy_minimal_publisher:/home/humberto/ros2_humble/install/examples_rclpy_minimal_client:/home/humberto/ros2_humble/install/examples_rclpy_minimal_action_server:/home/humberto/ros2_humble/install/examples_rclpy_minimal_action_client:/home/humberto/ros2_humble/install/examples_rclpy_guard_conditions:/home/humberto/ros2_humble/install/examples_rclpy_executors:/home/humberto/ros2_humble/install/demo_nodes_py:/home/humberto/ros2_humble/install/camera_info_manager_py:/home/humberto/ros2_humble/install/action_tutorials_py:/home/humberto/ros2_humble/install/ament_uncrustify:/home/humberto/ros2_humble/install/tracetools_trace:/home/humberto/ros2_humble/install/tracetools_read:/home/humberto/ros2_humble/install/test_tracetools_launch:/home/humberto/ros2_humble/install/test_launch_ros:/home/humberto/ros2_humble/install/sensor_msgs_py:/home/humberto/ros2_humble/install/rpyutils:/home/humberto/ros2_humble/install/rosidl_runtime_py:/home/humberto/ros2_humble/install/rosidl_cli:/home/humberto/ros2_humble/install/launch_pytest:/home/humberto/ros2_humble/install/launch_testing:/home/humberto/ros2_humble/install/launch_yaml:/home/humberto/ros2_humble/install/launch_xml:/home/humberto/ros2_humble/install/launch:/home/humberto/ros2_humble/install/osrf_pycommon:/home/humberto/ros2_humble/install/domain_coordinator:/home/humberto/ros2_humble/install/ament_xmllint:/home/humberto/ros2_humble/install/ament_pyflakes:/home/humberto/ros2_humble/install/ament_pycodestyle:/home/humberto/ros2_humble/install/ament_pep257:/home/humberto/ros2_humble/install/ament_pclint:/home/humberto/ros2_humble/install/ament_package:/home/humberto/ros2_humble/install/ament_mypy:/home/humberto/ros2_humble/install/ament_lint_cmake:/home/humberto/ros2_humble/install/ament_flake8:/home/humberto/ros2_humble/install/ament_copyright:/home/humberto/ros2_humble/install/ament_lint:/home/humberto/ros2_humble/install/ament_index_python:/home/humberto/ros2_humble/install/ament_cpplint:/home/humberto/ros2_humble/install/ament_cppcheck:/home/humberto/ros2_humble/install/ament_clang_tidy:/home/humberto/ros2_humble/install/ament_clang_format /usr/bin/cmake /home/humberto/ros2_ws/src/ros_tutorials/turtlesim -DCMAKE_INSTALL_PREFIX=/home/humberto/ros2_ws/install/turtlesim
[5.570s] Invoking command in '/home/humberto/ros2_ws/build/turtlesim': CMAKE_PREFIX_PATH=${CMAKE_PREFIX_PATH}:/home/humberto/ros2_humble/install/rqt_bag_plugins:/home/humberto/ros2_humble/install/rqt_bag:/home/humberto/ros2_humble/install/launch_testing_examples:/home/humberto/ros2_humble/install/ros2bag:/home/humberto/ros2_humble/install/tracetools_test:/home/humberto/ros2_humble/install/tracetools_launch:/home/humberto/ros2_humble/install/topic_monitor:/home/humberto/ros2_humble/install/tf2_tools:/home/humberto/ros2_humble/install/examples_tf2_py:/home/humberto/ros2_humble/install/tf2_ros_py:/home/humberto/ros2_humble/install/sros2:/home/humberto/ros2_humble/install/rqt_topic:/home/humberto/ros2_humble/install/rqt_srv:/home/humberto/ros2_humble/install/rqt_shell:/home/humberto/ros2_humble/install/rqt_service_caller:/home/humberto/ros2_humble/install/rqt_reconfigure:/home/humberto/ros2_humble/install/rqt_py_console:/home/humberto/ros2_humble/install/rqt_publisher:/home/humberto/ros2_humble/install/rqt_plot:/home/humberto/ros2_humble/install/rqt_action:/home/humberto/ros2_humble/install/rqt_msg:/home/humberto/ros2_humble/install/rqt_console:/home/humberto/ros2_humble/install/rqt:/home/humberto/ros2_humble/install/rqt_graph:/home/humberto/ros2_humble/install/rqt_gui_py:/home/humberto/ros2_humble/install/rqt_gui:/home/humberto/ros2_humble/install/ros2trace:/home/humberto/ros2_humble/install/ros2topic:/home/humberto/ros2_humble/install/ros2test:/home/humberto/ros2_humble/install/ros2component:/home/humberto/ros2_humble/install/ros2param:/home/humberto/ros2_humble/install/ros2lifecycle:/home/humberto/ros2_humble/install/ros2service:/home/humberto/ros2_humble/install/ros2run:/home/humberto/ros2_humble/install/ros2launch:/home/humberto/ros2_humble/install/ros2pkg:/home/humberto/ros2_humble/install/ros2node:/home/humberto/ros2_humble/install/ros2multicast:/home/humberto/ros2_humble/install/ros2interface:/home/humberto/ros2_humble/install/ros2doctor:/home/humberto/ros2_humble/install/ros2action:/home/humberto/ros2_humble/install/ros2cli:/home/humberto/ros2_humble/install/quality_of_service_demo_py:/home/humberto/ros2_humble/install/lifecycle_py:/home/humberto/ros2_humble/install/launch_testing_ros:/home/humberto/ros2_humble/install/launch_ros:/home/humberto/ros2_humble/install/examples_rclpy_pointcloud_publisher:/home/humberto/ros2_humble/install/examples_rclpy_minimal_subscriber:/home/humberto/ros2_humble/install/examples_rclpy_minimal_service:/home/humberto/ros2_humble/install/examples_rclpy_minimal_publisher:/home/humberto/ros2_humble/install/examples_rclpy_minimal_client:/home/humberto/ros2_humble/install/examples_rclpy_minimal_action_server:/home/humberto/ros2_humble/install/examples_rclpy_minimal_action_client:/home/humberto/ros2_humble/install/examples_rclpy_guard_conditions:/home/humberto/ros2_humble/install/examples_rclpy_executors:/home/humberto/ros2_humble/install/demo_nodes_py:/home/humberto/ros2_humble/install/camera_info_manager_py:/home/humberto/ros2_humble/install/action_tutorials_py:/home/humberto/ros2_humble/install/ament_uncrustify:/home/humberto/ros2_humble/install/tracetools_trace:/home/humberto/ros2_humble/install/tracetools_read:/home/humberto/ros2_humble/install/test_tracetools_launch:/home/humberto/ros2_humble/install/test_launch_ros:/home/humberto/ros2_humble/install/sensor_msgs_py:/home/humberto/ros2_humble/install/rpyutils:/home/humberto/ros2_humble/install/rosidl_runtime_py:/home/humberto/ros2_humble/install/rosidl_cli:/home/humberto/ros2_humble/install/launch_pytest:/home/humberto/ros2_humble/install/launch_testing:/home/humberto/ros2_humble/install/launch_yaml:/home/humberto/ros2_humble/install/launch_xml:/home/humberto/ros2_humble/install/launch:/home/humberto/ros2_humble/install/osrf_pycommon:/home/humberto/ros2_humble/install/domain_coordinator:/home/humberto/ros2_humble/install/ament_xmllint:/home/humberto/ros2_humble/install/ament_pyflakes:/home/humberto/ros2_humble/install/ament_pycodestyle:/home/humberto/ros2_humble/install/ament_pep257:/home/humberto/ros2_humble/install/ament_pclint:/home/humberto/ros2_humble/install/ament_package:/home/humberto/ros2_humble/install/ament_mypy:/home/humberto/ros2_humble/install/ament_lint_cmake:/home/humberto/ros2_humble/install/ament_flake8:/home/humberto/ros2_humble/install/ament_copyright:/home/humberto/ros2_humble/install/ament_lint:/home/humberto/ros2_humble/install/ament_index_python:/home/humberto/ros2_humble/install/ament_cpplint:/home/humberto/ros2_humble/install/ament_cppcheck:/home/humberto/ros2_humble/install/ament_clang_tidy:/home/humberto/ros2_humble/install/ament_clang_format /usr/bin/cmake --build /home/humberto/ros2_ws/build/turtlesim -- -j16 -l16
[5.639s] [  1%] [34m[1mGenerating C code for ROS interfaces[0m
[5.659s] [  2%] [34m[1mGenerating C++ code for ROS interfaces[0m
[5.671s] [  2%] Built target ament_cmake_python_copy_turtlesim
[6.104s] running egg_info
[6.105s] creating turtlesim.egg-info
[6.105s] writing turtlesim.egg-info/PKG-INFO
[6.105s] writing dependency_links to turtlesim.egg-info/dependency_links.txt
[6.105s] writing top-level names to turtlesim.egg-info/top_level.txt
[6.105s] writing manifest file 'turtlesim.egg-info/SOURCES.txt'
[6.107s] reading manifest file 'turtlesim.egg-info/SOURCES.txt'
[6.107s] writing manifest file 'turtlesim.egg-info/SOURCES.txt'
[6.133s] [  2%] Built target ament_cmake_python_build_turtlesim_egg
[6.687s] [  2%] Built target turtlesim__cpp
[6.709s] [  3%] [34m[1mGenerating C++ type support for eProsima Fast-RTPS[0m
[6.710s] [  5%] [34m[1mGenerating C++ introspection for ROS interfaces[0m
[6.710s] [  5%] [32mBuilding C object CMakeFiles/turtlesim__rosidl_generator_c.dir/rosidl_generator_c/turtlesim/action/detail/rotate_absolute__functions.c.o[0m
[6.711s] [  6%] [32mBuilding C object CMakeFiles/turtlesim__rosidl_generator_c.dir/rosidl_generator_c/turtlesim/srv/detail/kill__functions.c.o[0m
[6.712s] [  7%] [34m[1mGenerating C++ type support dispatch for ROS interfaces[0m
[6.712s] [  8%] [32mBuilding C object CMakeFiles/turtlesim__rosidl_generator_c.dir/rosidl_generator_c/turtlesim/srv/detail/spawn__functions.c.o[0m
[6.717s] [ 10%] [32mBuilding C object CMakeFiles/turtlesim__rosidl_generator_c.dir/rosidl_generator_c/turtlesim/msg/detail/color__functions.c.o[0m
[6.717s] [ 10%] [32mBuilding C object CMakeFiles/turtlesim__rosidl_generator_c.dir/rosidl_generator_c/turtlesim/msg/detail/pose__functions.c.o[0m
[6.717s] [ 11%] [32mBuilding C object CMakeFiles/turtlesim__rosidl_generator_c.dir/rosidl_generator_c/turtlesim/srv/detail/set_pen__functions.c.o[0m
[6.717s] [ 12%] [32mBuilding C object CMakeFiles/turtlesim__rosidl_generator_c.dir/rosidl_generator_c/turtlesim/srv/detail/teleport_relative__functions.c.o[0m
[6.718s] [ 13%] [32mBuilding C object CMakeFiles/turtlesim__rosidl_generator_c.dir/rosidl_generator_c/turtlesim/srv/detail/teleport_absolute__functions.c.o[0m
[6.867s] [ 14%] [32m[1mLinking C shared library libturtlesim__rosidl_generator_c.so[0m
[6.925s] [ 14%] Built target turtlesim__rosidl_generator_c
[6.945s] [ 17%] [34m[1mGenerating C introspection for ROS interfaces[0m
[6.945s] [ 17%] [34m[1mGenerating C type support dispatch for ROS interfaces[0m
[6.945s] [ 17%] [34m[1mGenerating C type support for eProsima Fast-RTPS[0m
[7.423s] [ 18%] [32mBuilding CXX object CMakeFiles/turtlesim__rosidl_typesupport_cpp.dir/rosidl_typesupport_cpp/turtlesim/msg/pose__type_support.cpp.o[0m
[7.424s] [ 22%] [32mBuilding CXX object CMakeFiles/turtlesim__rosidl_typesupport_cpp.dir/rosidl_typesupport_cpp/turtlesim/msg/color__type_support.cpp.o[0m
[7.424s] [ 22%] [32mBuilding CXX object CMakeFiles/turtlesim__rosidl_typesupport_cpp.dir/rosidl_typesupport_cpp/turtlesim/srv/kill__type_support.cpp.o[0m
[7.425s] [ 22%] [32mBuilding CXX object CMakeFiles/turtlesim__rosidl_typesupport_cpp.dir/rosidl_typesupport_cpp/turtlesim/srv/set_pen__type_support.cpp.o[0m
[7.425s] [ 22%] [32mBuilding CXX object CMakeFiles/turtlesim__rosidl_typesupport_cpp.dir/rosidl_typesupport_cpp/turtlesim/action/rotate_absolute__type_support.cpp.o[0m
[7.425s] [ 23%] [32mBuilding CXX object CMakeFiles/turtlesim__rosidl_typesupport_cpp.dir/rosidl_typesupport_cpp/turtlesim/srv/teleport_relative__type_support.cpp.o[0m
[7.425s] [ 24%] [32mBuilding CXX object CMakeFiles/turtlesim__rosidl_typesupport_cpp.dir/rosidl_typesupport_cpp/turtlesim/srv/spawn__type_support.cpp.o[0m
[7.425s] [ 25%] [32mBuilding CXX object CMakeFiles/turtlesim__rosidl_typesupport_cpp.dir/rosidl_typesupport_cpp/turtlesim/srv/teleport_absolute__type_support.cpp.o[0m
[7.671s] [ 28%] [32mBuilding CXX object CMakeFiles/turtlesim__rosidl_typesupport_introspection_cpp.dir/rosidl_typesupport_introspection_cpp/turtlesim/srv/detail/kill__type_support.cpp.o[0m
[7.671s] [ 28%] [32mBuilding CXX object CMakeFiles/turtlesim__rosidl_typesupport_introspection_cpp.dir/rosidl_typesupport_introspection_cpp/turtlesim/action/detail/rotate_absolute__type_support.cpp.o[0m
[7.672s] [ 28%] [32mBuilding CXX object CMakeFiles/turtlesim__rosidl_typesupport_introspection_cpp.dir/rosidl_typesupport_introspection_cpp/turtlesim/msg/detail/color__type_support.cpp.o[0m
[7.673s] [ 29%] [32mBuilding CXX object CMakeFiles/turtlesim__rosidl_typesupport_introspection_cpp.dir/rosidl_typesupport_introspection_cpp/turtlesim/msg/detail/pose__type_support.cpp.o[0m
[7.692s] [ 30%] [32mBuilding CXX object CMakeFiles/turtlesim__rosidl_typesupport_c.dir/rosidl_typesupport_c/turtlesim/action/rotate_absolute__type_support.cpp.o[0m
[7.785s] [ 31%] [32mBuilding CXX object CMakeFiles/turtlesim__rosidl_typesupport_c.dir/rosidl_typesupport_c/turtlesim/msg/color__type_support.cpp.o[0m
[7.802s] [ 32%] [32mBuilding CXX object CMakeFiles/turtlesim__rosidl_typesupport_c.dir/rosidl_typesupport_c/turtlesim/msg/pose__type_support.cpp.o[0m
[7.821s] [ 33%] [32mBuilding CXX object CMakeFiles/turtlesim__rosidl_typesupport_c.dir/rosidl_typesupport_c/turtlesim/srv/kill__type_support.cpp.o[0m
[7.832s] [ 35%] [32mBuilding CXX object CMakeFiles/turtlesim__rosidl_typesupport_introspection_cpp.dir/rosidl_typesupport_introspection_cpp/turtlesim/srv/detail/set_pen__type_support.cpp.o[0m
[7.832s] [ 35%] [32mBuilding CXX object CMakeFiles/turtlesim__rosidl_typesupport_c.dir/rosidl_typesupport_c/turtlesim/srv/set_pen__type_support.cpp.o[0m
[7.836s] [ 36%] [32mBuilding CXX object CMakeFiles/turtlesim__rosidl_typesupport_introspection_cpp.dir/rosidl_typesupport_introspection_cpp/turtlesim/srv/detail/spawn__type_support.cpp.o[0m
[7.836s] [ 37%] [32mBuilding CXX object CMakeFiles/turtlesim__rosidl_typesupport_c.dir/rosidl_typesupport_c/turtlesim/srv/spawn__type_support.cpp.o[0m
[7.838s] [ 38%] [32mBuilding CXX object CMakeFiles/turtlesim__rosidl_typesupport_introspection_cpp.dir/rosidl_typesupport_introspection_cpp/turtlesim/srv/detail/teleport_absolute__type_support.cpp.o[0m
[7.847s] [ 39%] [32mBuilding CXX object CMakeFiles/turtlesim__rosidl_typesupport_c.dir/rosidl_typesupport_c/turtlesim/srv/teleport_absolute__type_support.cpp.o[0m
[7.863s] [ 40%] [32mBuilding CXX object CMakeFiles/turtlesim__rosidl_typesupport_c.dir/rosidl_typesupport_c/turtlesim/srv/teleport_relative__type_support.cpp.o[0m
[7.887s] [ 41%] [32mBuilding CXX object CMakeFiles/turtlesim__rosidl_typesupport_introspection_cpp.dir/rosidl_typesupport_introspection_cpp/turtlesim/srv/detail/teleport_relative__type_support.cpp.o[0m
[7.926s] [ 42%] [32m[1mLinking CXX shared library libturtlesim__rosidl_typesupport_c.so[0m
[7.988s] [ 43%] [32mBuilding CXX object CMakeFiles/turtlesim__rosidl_typesupport_fastrtps_cpp.dir/rosidl_typesupport_fastrtps_cpp/turtlesim/action/detail/dds_fastrtps/rotate_absolute__type_support.cpp.o[0m
[8.001s] [ 44%] [32mBuilding CXX object CMakeFiles/turtlesim__rosidl_typesupport_fastrtps_cpp.dir/rosidl_typesupport_fastrtps_cpp/turtlesim/msg/detail/dds_fastrtps/color__type_support.cpp.o[0m
[8.011s] [ 45%] [32mBuilding CXX object CMakeFiles/turtlesim__rosidl_typesupport_fastrtps_cpp.dir/rosidl_typesupport_fastrtps_cpp/turtlesim/msg/detail/dds_fastrtps/pose__type_support.cpp.o[0m
[8.012s] [ 46%] [32mBuilding CXX object CMakeFiles/turtlesim__rosidl_typesupport_fastrtps_cpp.dir/rosidl_typesupport_fastrtps_cpp/turtlesim/srv/detail/dds_fastrtps/kill__type_support.cpp.o[0m
[8.012s] [ 46%] Built target turtlesim__rosidl_typesupport_c
[8.037s] [ 47%] [32mBuilding CXX object CMakeFiles/turtlesim__rosidl_typesupport_fastrtps_cpp.dir/rosidl_typesupport_fastrtps_cpp/turtlesim/srv/detail/dds_fastrtps/set_pen__type_support.cpp.o[0m
[8.104s] [ 48%] [32m[1mLinking CXX shared library libturtlesim__rosidl_typesupport_cpp.so[0m
[8.112s] [ 49%] [32mBuilding C object CMakeFiles/turtlesim__rosidl_typesupport_introspection_c.dir/rosidl_typesupport_introspection_c/turtlesim/action/detail/rotate_absolute__type_support.c.o[0m
[8.197s] [ 49%] Built target turtlesim__rosidl_typesupport_cpp
[8.205s] [ 50%] [32mBuilding C object CMakeFiles/turtlesim__rosidl_typesupport_introspection_c.dir/rosidl_typesupport_introspection_c/turtlesim/msg/detail/color__type_support.c.o[0m
[8.223s] [ 51%] [32mBuilding CXX object CMakeFiles/turtlesim__rosidl_typesupport_fastrtps_cpp.dir/rosidl_typesupport_fastrtps_cpp/turtlesim/srv/detail/dds_fastrtps/spawn__type_support.cpp.o[0m
[8.225s] [ 52%] [32mBuilding C object CMakeFiles/turtlesim__rosidl_typesupport_introspection_c.dir/rosidl_typesupport_introspection_c/turtlesim/msg/detail/pose__type_support.c.o[0m
[8.233s] [ 53%] [32mBuilding CXX object CMakeFiles/turtlesim__rosidl_typesupport_fastrtps_cpp.dir/rosidl_typesupport_fastrtps_cpp/turtlesim/srv/detail/dds_fastrtps/teleport_absolute__type_support.cpp.o[0m
[8.235s] [ 54%] [32mBuilding CXX object CMakeFiles/turtlesim__rosidl_typesupport_fastrtps_cpp.dir/rosidl_typesupport_fastrtps_cpp/turtlesim/srv/detail/dds_fastrtps/teleport_relative__type_support.cpp.o[0m
[8.286s] [ 55%] [34m[1mGenerating include/turtlesim/moc_turtle_frame.cpp[0m
[8.293s] [ 56%] [32mBuilding C object CMakeFiles/turtlesim__rosidl_typesupport_introspection_c.dir/rosidl_typesupport_introspection_c/turtlesim/srv/detail/kill__type_support.c.o[0m
[8.372s] [ 57%] [32mBuilding C object CMakeFiles/turtlesim__rosidl_typesupport_introspection_c.dir/rosidl_typesupport_introspection_c/turtlesim/srv/detail/set_pen__type_support.c.o[0m
[8.388s] [ 58%] [32mBuilding CXX object CMakeFiles/turtlesim__rosidl_typesupport_fastrtps_c.dir/rosidl_typesupport_fastrtps_c/turtlesim/action/detail/rotate_absolute__type_support_c.cpp.o[0m
[8.391s] [ 59%] [32mBuilding C object CMakeFiles/turtlesim__rosidl_typesupport_introspection_c.dir/rosidl_typesupport_introspection_c/turtlesim/srv/detail/spawn__type_support.c.o[0m
[8.398s] [ 60%] [32mBuilding CXX object CMakeFiles/turtlesim__rosidl_typesupport_fastrtps_c.dir/rosidl_typesupport_fastrtps_c/turtlesim/msg/detail/color__type_support_c.cpp.o[0m
[8.428s] [ 61%] [32mBuilding CXX object CMakeFiles/turtlesim_node.dir/src/turtlesim.cpp.o[0m
[8.432s] [ 62%] [32mBuilding CXX object CMakeFiles/turtle_teleop_key.dir/tutorials/teleop_turtle_key.cpp.o[0m
[8.469s] [ 63%] [32mBuilding CXX object CMakeFiles/draw_square.dir/tutorials/draw_square.cpp.o[0m
[8.483s] [ 64%] [32mBuilding C object CMakeFiles/turtlesim__rosidl_typesupport_introspection_c.dir/rosidl_typesupport_introspection_c/turtlesim/srv/detail/teleport_absolute__type_support.c.o[0m
[8.497s] [ 65%] [32mBuilding CXX object CMakeFiles/mimic.dir/tutorials/mimic.cpp.o[0m
[8.534s] [ 66%] [32m[1mLinking CXX shared library libturtlesim__rosidl_typesupport_introspection_cpp.so[0m
[8.563s] [ 67%] [32mBuilding C object CMakeFiles/turtlesim__rosidl_typesupport_introspection_c.dir/rosidl_typesupport_introspection_c/turtlesim/srv/detail/teleport_relative__type_support.c.o[0m
[8.575s] [ 68%] [32mBuilding CXX object CMakeFiles/turtlesim_node.dir/src/turtle.cpp.o[0m
[8.594s] [ 69%] [32mBuilding CXX object CMakeFiles/turtlesim__rosidl_typesupport_fastrtps_c.dir/rosidl_typesupport_fastrtps_c/turtlesim/msg/detail/pose__type_support_c.cpp.o[0m
[8.623s] [ 70%] [32mBuilding CXX object CMakeFiles/turtlesim_node.dir/src/turtle_frame.cpp.o[0m
[8.633s] [ 71%] [32mBuilding CXX object CMakeFiles/turtlesim__rosidl_typesupport_fastrtps_c.dir/rosidl_typesupport_fastrtps_c/turtlesim/srv/detail/kill__type_support_c.cpp.o[0m
[8.642s] [ 72%] [32m[1mLinking C shared library libturtlesim__rosidl_typesupport_introspection_c.so[0m
[8.708s] [ 72%] Built target turtlesim__rosidl_typesupport_introspection_cpp
[8.723s] [ 72%] Built target turtlesim__rosidl_typesupport_introspection_c
[8.738s] [ 73%] [32mBuilding CXX object CMakeFiles/turtlesim__rosidl_typesupport_fastrtps_c.dir/rosidl_typesupport_fastrtps_c/turtlesim/srv/detail/set_pen__type_support_c.cpp.o[0m
[8.750s] [ 74%] [32mBuilding CXX object CMakeFiles/turtlesim__rosidl_typesupport_fastrtps_c.dir/rosidl_typesupport_fastrtps_c/turtlesim/srv/detail/spawn__type_support_c.cpp.o[0m
[8.800s] [ 75%] [32mBuilding CXX object CMakeFiles/turtlesim_node.dir/include/turtlesim/moc_turtle_frame.cpp.o[0m
[8.822s] [ 76%] [32mBuilding CXX object CMakeFiles/turtlesim__rosidl_typesupport_fastrtps_c.dir/rosidl_typesupport_fastrtps_c/turtlesim/srv/detail/teleport_absolute__type_support_c.cpp.o[0m
[8.846s] [ 77%] [32mBuilding CXX object CMakeFiles/turtlesim__rosidl_typesupport_fastrtps_c.dir/rosidl_typesupport_fastrtps_c/turtlesim/srv/detail/teleport_relative__type_support_c.cpp.o[0m
[8.857s] [ 78%] [32m[1mLinking CXX shared library libturtlesim__rosidl_typesupport_fastrtps_cpp.so[0m
[8.995s] [ 78%] Built target turtlesim__rosidl_typesupport_fastrtps_cpp
[9.315s] [ 79%] [32m[1mLinking CXX shared library libturtlesim__rosidl_typesupport_fastrtps_c.so[0m
[9.402s] [ 79%] Built target turtlesim__rosidl_typesupport_fastrtps_c
[9.438s] [ 79%] Built target turtlesim
[9.476s] [ 80%] [34m[1mGenerating Python code for ROS interfaces[0m
[11.209s] [ 80%] Built target turtlesim__py
[11.253s] [ 81%] [32mBuilding C object CMakeFiles/turtlesim__rosidl_generator_py.dir/rosidl_generator_py/turtlesim/action/_rotate_absolute_s.c.o[0m
[11.253s] [ 83%] [32mBuilding C object CMakeFiles/turtlesim__rosidl_generator_py.dir/rosidl_generator_py/turtlesim/srv/_kill_s.c.o[0m
[11.253s] [ 85%] [32mBuilding C object CMakeFiles/turtlesim__rosidl_generator_py.dir/rosidl_generator_py/turtlesim/srv/_set_pen_s.c.o[0m
[11.254s] [ 83%] [32mBuilding C object CMakeFiles/turtlesim__rosidl_generator_py.dir/rosidl_generator_py/turtlesim/msg/_color_s.c.o[0m
[11.254s] [ 87%] [32mBuilding C object CMakeFiles/turtlesim__rosidl_generator_py.dir/rosidl_generator_py/turtlesim/msg/_pose_s.c.o[0m
[11.254s] [ 87%] [32mBuilding C object CMakeFiles/turtlesim__rosidl_generator_py.dir/rosidl_generator_py/turtlesim/srv/_teleport_absolute_s.c.o[0m
[11.255s] [ 87%] [32mBuilding C object CMakeFiles/turtlesim__rosidl_generator_py.dir/rosidl_generator_py/turtlesim/srv/_spawn_s.c.o[0m
[11.255s] [ 88%] [32mBuilding C object CMakeFiles/turtlesim__rosidl_generator_py.dir/rosidl_generator_py/turtlesim/srv/_teleport_relative_s.c.o[0m
[11.475s] [ 89%] [32m[1mLinking C shared library rosidl_generator_py/turtlesim/libturtlesim__rosidl_generator_py.so[0m
[11.531s] [ 89%] Built target turtlesim__rosidl_generator_py
[11.571s] [ 90%] [32mBuilding C object CMakeFiles/turtlesim__rosidl_typesupport_c__pyext.dir/rosidl_generator_py/turtlesim/_turtlesim_s.ep.rosidl_typesupport_c.c.o[0m
[11.584s] [ 91%] [32mBuilding C object CMakeFiles/turtlesim__rosidl_typesupport_fastrtps_c__pyext.dir/rosidl_generator_py/turtlesim/_turtlesim_s.ep.rosidl_typesupport_fastrtps_c.c.o[0m
[11.585s] [ 92%] [32mBuilding C object CMakeFiles/turtlesim__rosidl_typesupport_introspection_c__pyext.dir/rosidl_generator_py/turtlesim/_turtlesim_s.ep.rosidl_typesupport_introspection_c.c.o[0m
[11.724s] [ 93%] [32m[1mLinking C shared library rosidl_generator_py/turtlesim/turtlesim_s__rosidl_typesupport_c.cpython-310-x86_64-linux-gnu.so[0m
[11.779s] [ 93%] Built target turtlesim__rosidl_typesupport_c__pyext
[11.805s] [ 94%] [32m[1mLinking C shared library rosidl_generator_py/turtlesim/turtlesim_s__rosidl_typesupport_introspection_c.cpython-310-x86_64-linux-gnu.so[0m
[11.826s] [ 95%] [32m[1mLinking C shared library rosidl_generator_py/turtlesim/turtlesim_s__rosidl_typesupport_fastrtps_c.cpython-310-x86_64-linux-gnu.so[0m
[11.877s] [ 95%] Built target turtlesim__rosidl_typesupport_introspection_c__pyext
[11.895s] [ 95%] Built target turtlesim__rosidl_typesupport_fastrtps_c__pyext
[13.971s] [ 96%] [32m[1mLinking CXX executable turtle_teleop_key[0m
[14.502s] [ 96%] Built target turtle_teleop_key
[16.165s] [ 97%] [32m[1mLinking CXX executable mimic[0m
[16.678s] [ 98%] [32m[1mLinking CXX executable draw_square[0m
[16.718s] [ 98%] Built target mimic
[17.235s] [ 98%] Built target draw_square
[19.018s] [100%] [32m[1mLinking CXX executable turtlesim_node[0m
[20.750s] [100%] Built target turtlesim_node
[20.765s] Invoked command in '/home/humberto/ros2_ws/build/turtlesim' returned '0': CMAKE_PREFIX_PATH=${CMAKE_PREFIX_PATH}:/home/humberto/ros2_humble/install/rqt_bag_plugins:/home/humberto/ros2_humble/install/rqt_bag:/home/humberto/ros2_humble/install/launch_testing_examples:/home/humberto/ros2_humble/install/ros2bag:/home/humberto/ros2_humble/install/tracetools_test:/home/humberto/ros2_humble/install/tracetools_launch:/home/humberto/ros2_humble/install/topic_monitor:/home/humberto/ros2_humble/install/tf2_tools:/home/humberto/ros2_humble/install/examples_tf2_py:/home/humberto/ros2_humble/install/tf2_ros_py:/home/humberto/ros2_humble/install/sros2:/home/humberto/ros2_humble/install/rqt_topic:/home/humberto/ros2_humble/install/rqt_srv:/home/humberto/ros2_humble/install/rqt_shell:/home/humberto/ros2_humble/install/rqt_service_caller:/home/humberto/ros2_humble/install/rqt_reconfigure:/home/humberto/ros2_humble/install/rqt_py_console:/home/humberto/ros2_humble/install/rqt_publisher:/home/humberto/ros2_humble/install/rqt_plot:/home/humberto/ros2_humble/install/rqt_action:/home/humberto/ros2_humble/install/rqt_msg:/home/humberto/ros2_humble/install/rqt_console:/home/humberto/ros2_humble/install/rqt:/home/humberto/ros2_humble/install/rqt_graph:/home/humberto/ros2_humble/install/rqt_gui_py:/home/humberto/ros2_humble/install/rqt_gui:/home/humberto/ros2_humble/install/ros2trace:/home/humberto/ros2_humble/install/ros2topic:/home/humberto/ros2_humble/install/ros2test:/home/humberto/ros2_humble/install/ros2component:/home/humberto/ros2_humble/install/ros2param:/home/humberto/ros2_humble/install/ros2lifecycle:/home/humberto/ros2_humble/install/ros2service:/home/humberto/ros2_humble/install/ros2run:/home/humberto/ros2_humble/install/ros2launch:/home/humberto/ros2_humble/install/ros2pkg:/home/humberto/ros2_humble/install/ros2node:/home/humberto/ros2_humble/install/ros2multicast:/home/humberto/ros2_humble/install/ros2interface:/home/humberto/ros2_humble/install/ros2doctor:/home/humberto/ros2_humble/install/ros2action:/home/humberto/ros2_humble/install/ros2cli:/home/humberto/ros2_humble/install/quality_of_service_demo_py:/home/humberto/ros2_humble/install/lifecycle_py:/home/humberto/ros2_humble/install/launch_testing_ros:/home/humberto/ros2_humble/install/launch_ros:/home/humberto/ros2_humble/install/examples_rclpy_pointcloud_publisher:/home/humberto/ros2_humble/install/examples_rclpy_minimal_subscriber:/home/humberto/ros2_humble/install/examples_rclpy_minimal_service:/home/humberto/ros2_humble/install/examples_rclpy_minimal_publisher:/home/humberto/ros2_humble/install/examples_rclpy_minimal_client:/home/humberto/ros2_humble/install/examples_rclpy_minimal_action_server:/home/humberto/ros2_humble/install/examples_rclpy_minimal_action_client:/home/humberto/ros2_humble/install/examples_rclpy_guard_conditions:/home/humberto/ros2_humble/install/examples_rclpy_executors:/home/humberto/ros2_humble/install/demo_nodes_py:/home/humberto/ros2_humble/install/camera_info_manager_py:/home/humberto/ros2_humble/install/action_tutorials_py:/home/humberto/ros2_humble/install/ament_uncrustify:/home/humberto/ros2_humble/install/tracetools_trace:/home/humberto/ros2_humble/install/tracetools_read:/home/humberto/ros2_humble/install/test_tracetools_launch:/home/humberto/ros2_humble/install/test_launch_ros:/home/humberto/ros2_humble/install/sensor_msgs_py:/home/humberto/ros2_humble/install/rpyutils:/home/humberto/ros2_humble/install/rosidl_runtime_py:/home/humberto/ros2_humble/install/rosidl_cli:/home/humberto/ros2_humble/install/launch_pytest:/home/humberto/ros2_humble/install/launch_testing:/home/humberto/ros2_humble/install/launch_yaml:/home/humberto/ros2_humble/install/launch_xml:/home/humberto/ros2_humble/install/launch:/home/humberto/ros2_humble/install/osrf_pycommon:/home/humberto/ros2_humble/install/domain_coordinator:/home/humberto/ros2_humble/install/ament_xmllint:/home/humberto/ros2_humble/install/ament_pyflakes:/home/humberto/ros2_humble/install/ament_pycodestyle:/home/humberto/ros2_humble/install/ament_pep257:/home/humberto/ros2_humble/install/ament_pclint:/home/humberto/ros2_humble/install/ament_package:/home/humberto/ros2_humble/install/ament_mypy:/home/humberto/ros2_humble/install/ament_lint_cmake:/home/humberto/ros2_humble/install/ament_flake8:/home/humberto/ros2_humble/install/ament_copyright:/home/humberto/ros2_humble/install/ament_lint:/home/humberto/ros2_humble/install/ament_index_python:/home/humberto/ros2_humble/install/ament_cpplint:/home/humberto/ros2_humble/install/ament_cppcheck:/home/humberto/ros2_humble/install/ament_clang_tidy:/home/humberto/ros2_humble/install/ament_clang_format /usr/bin/cmake --build /home/humberto/ros2_ws/build/turtlesim -- -j16 -l16
[20.776s] Invoking command in '/home/humberto/ros2_ws/build/turtlesim': CMAKE_PREFIX_PATH=${CMAKE_PREFIX_PATH}:/home/humberto/ros2_humble/install/rqt_bag_plugins:/home/humberto/ros2_humble/install/rqt_bag:/home/humberto/ros2_humble/install/launch_testing_examples:/home/humberto/ros2_humble/install/ros2bag:/home/humberto/ros2_humble/install/tracetools_test:/home/humberto/ros2_humble/install/tracetools_launch:/home/humberto/ros2_humble/install/topic_monitor:/home/humberto/ros2_humble/install/tf2_tools:/home/humberto/ros2_humble/install/examples_tf2_py:/home/humberto/ros2_humble/install/tf2_ros_py:/home/humberto/ros2_humble/install/sros2:/home/humberto/ros2_humble/install/rqt_topic:/home/humberto/ros2_humble/install/rqt_srv:/home/humberto/ros2_humble/install/rqt_shell:/home/humberto/ros2_humble/install/rqt_service_caller:/home/humberto/ros2_humble/install/rqt_reconfigure:/home/humberto/ros2_humble/install/rqt_py_console:/home/humberto/ros2_humble/install/rqt_publisher:/home/humberto/ros2_humble/install/rqt_plot:/home/humberto/ros2_humble/install/rqt_action:/home/humberto/ros2_humble/install/rqt_msg:/home/humberto/ros2_humble/install/rqt_console:/home/humberto/ros2_humble/install/rqt:/home/humberto/ros2_humble/install/rqt_graph:/home/humberto/ros2_humble/install/rqt_gui_py:/home/humberto/ros2_humble/install/rqt_gui:/home/humberto/ros2_humble/install/ros2trace:/home/humberto/ros2_humble/install/ros2topic:/home/humberto/ros2_humble/install/ros2test:/home/humberto/ros2_humble/install/ros2component:/home/humberto/ros2_humble/install/ros2param:/home/humberto/ros2_humble/install/ros2lifecycle:/home/humberto/ros2_humble/install/ros2service:/home/humberto/ros2_humble/install/ros2run:/home/humberto/ros2_humble/install/ros2launch:/home/humberto/ros2_humble/install/ros2pkg:/home/humberto/ros2_humble/install/ros2node:/home/humberto/ros2_humble/install/ros2multicast:/home/humberto/ros2_humble/install/ros2interface:/home/humberto/ros2_humble/install/ros2doctor:/home/humberto/ros2_humble/install/ros2action:/home/humberto/ros2_humble/install/ros2cli:/home/humberto/ros2_humble/install/quality_of_service_demo_py:/home/humberto/ros2_humble/install/lifecycle_py:/home/humberto/ros2_humble/install/launch_testing_ros:/home/humberto/ros2_humble/install/launch_ros:/home/humberto/ros2_humble/install/examples_rclpy_pointcloud_publisher:/home/humberto/ros2_humble/install/examples_rclpy_minimal_subscriber:/home/humberto/ros2_humble/install/examples_rclpy_minimal_service:/home/humberto/ros2_humble/install/examples_rclpy_minimal_publisher:/home/humberto/ros2_humble/install/examples_rclpy_minimal_client:/home/humberto/ros2_humble/install/examples_rclpy_minimal_action_server:/home/humberto/ros2_humble/install/examples_rclpy_minimal_action_client:/home/humberto/ros2_humble/install/examples_rclpy_guard_conditions:/home/humberto/ros2_humble/install/examples_rclpy_executors:/home/humberto/ros2_humble/install/demo_nodes_py:/home/humberto/ros2_humble/install/camera_info_manager_py:/home/humberto/ros2_humble/install/action_tutorials_py:/home/humberto/ros2_humble/install/ament_uncrustify:/home/humberto/ros2_humble/install/tracetools_trace:/home/humberto/ros2_humble/install/tracetools_read:/home/humberto/ros2_humble/install/test_tracetools_launch:/home/humberto/ros2_humble/install/test_launch_ros:/home/humberto/ros2_humble/install/sensor_msgs_py:/home/humberto/ros2_humble/install/rpyutils:/home/humberto/ros2_humble/install/rosidl_runtime_py:/home/humberto/ros2_humble/install/rosidl_cli:/home/humberto/ros2_humble/install/launch_pytest:/home/humberto/ros2_humble/install/launch_testing:/home/humberto/ros2_humble/install/launch_yaml:/home/humberto/ros2_humble/install/launch_xml:/home/humberto/ros2_humble/install/launch:/home/humberto/ros2_humble/install/osrf_pycommon:/home/humberto/ros2_humble/install/domain_coordinator:/home/humberto/ros2_humble/install/ament_xmllint:/home/humberto/ros2_humble/install/ament_pyflakes:/home/humberto/ros2_humble/install/ament_pycodestyle:/home/humberto/ros2_humble/install/ament_pep257:/home/humberto/ros2_humble/install/ament_pclint:/home/humberto/ros2_humble/install/ament_package:/home/humberto/ros2_humble/install/ament_mypy:/home/humberto/ros2_humble/install/ament_lint_cmake:/home/humberto/ros2_humble/install/ament_flake8:/home/humberto/ros2_humble/install/ament_copyright:/home/humberto/ros2_humble/install/ament_lint:/home/humberto/ros2_humble/install/ament_index_python:/home/humberto/ros2_humble/install/ament_cpplint:/home/humberto/ros2_humble/install/ament_cppcheck:/home/humberto/ros2_humble/install/ament_clang_tidy:/home/humberto/ros2_humble/install/ament_clang_format /usr/bin/cmake --install /home/humberto/ros2_ws/build/turtlesim
[20.788s] -- Install configuration: ""
[20.788s] -- Installing: /home/humberto/ros2_ws/install/turtlesim/share/ament_index/resource_index/rosidl_interfaces/turtlesim
[20.788s] -- Installing: /home/humberto/ros2_ws/install/turtlesim/include/turtlesim/turtlesim
[20.788s] -- Installing: /home/humberto/ros2_ws/install/turtlesim/include/turtlesim/turtlesim/msg
[20.788s] -- Installing: /home/humberto/ros2_ws/install/turtlesim/include/turtlesim/turtlesim/msg/rosidl_generator_c__visibility_control.h
[20.789s] -- Installing: /home/humberto/ros2_ws/install/turtlesim/include/turtlesim/turtlesim/msg/detail
[20.789s] -- Installing: /home/humberto/ros2_ws/install/turtlesim/include/turtlesim/turtlesim/msg/detail/pose__type_support.h
[20.789s] -- Installing: /home/humberto/ros2_ws/install/turtlesim/include/turtlesim/turtlesim/msg/detail/pose__functions.c
[20.789s] -- Installing: /home/humberto/ros2_ws/install/turtlesim/include/turtlesim/turtlesim/msg/detail/color__functions.c
[20.789s] -- Installing: /home/humberto/ros2_ws/install/turtlesim/include/turtlesim/turtlesim/msg/detail/pose__struct.h
[20.789s] -- Installing: /home/humberto/ros2_ws/install/turtlesim/include/turtlesim/turtlesim/msg/detail/pose__functions.h
[20.789s] -- Installing: /home/humberto/ros2_ws/install/turtlesim/include/turtlesim/turtlesim/msg/detail/color__type_support.h
[20.789s] -- Installing: /home/humberto/ros2_ws/install/turtlesim/include/turtlesim/turtlesim/msg/detail/color__functions.h
[20.789s] -- Installing: /home/humberto/ros2_ws/install/turtlesim/include/turtlesim/turtlesim/msg/detail/color__struct.h
[20.789s] -- Installing: /home/humberto/ros2_ws/install/turtlesim/include/turtlesim/turtlesim/msg/pose.h
[20.789s] -- Installing: /home/humberto/ros2_ws/install/turtlesim/include/turtlesim/turtlesim/msg/color.h
[20.789s] -- Installing: /home/humberto/ros2_ws/install/turtlesim/include/turtlesim/turtlesim/srv
[20.789s] -- Installing: /home/humberto/ros2_ws/install/turtlesim/include/turtlesim/turtlesim/srv/detail
[20.789s] -- Installing: /home/humberto/ros2_ws/install/turtlesim/include/turtlesim/turtlesim/srv/detail/kill__struct.h
[20.789s] -- Installing: /home/humberto/ros2_ws/install/turtlesim/include/turtlesim/turtlesim/srv/detail/spawn__struct.h
[20.789s] -- Installing: /home/humberto/ros2_ws/install/turtlesim/include/turtlesim/turtlesim/srv/detail/teleport_absolute__functions.c
[20.789s] -- Installing: /home/humberto/ros2_ws/install/turtlesim/include/turtlesim/turtlesim/srv/detail/kill__functions.c
[20.790s] -- Installing: /home/humberto/ros2_ws/install/turtlesim/include/turtlesim/turtlesim/srv/detail/teleport_absolute__functions.h
[20.790s] -- Installing: /home/humberto/ros2_ws/install/turtlesim/include/turtlesim/turtlesim/srv/detail/set_pen__functions.c
[20.790s] -- Installing: /home/humberto/ros2_ws/install/turtlesim/include/turtlesim/turtlesim/srv/detail/spawn__functions.h
[20.790s] -- Installing: /home/humberto/ros2_ws/install/turtlesim/include/turtlesim/turtlesim/srv/detail/spawn__functions.c
[20.790s] -- Installing: /home/humberto/ros2_ws/install/turtlesim/include/turtlesim/turtlesim/srv/detail/set_pen__functions.h
[20.790s] -- Installing: /home/humberto/ros2_ws/install/turtlesim/include/turtlesim/turtlesim/srv/detail/kill__type_support.h
[20.790s] -- Installing: /home/humberto/ros2_ws/install/turtlesim/include/turtlesim/turtlesim/srv/detail/set_pen__struct.h
[20.790s] -- Installing: /home/humberto/ros2_ws/install/turtlesim/include/turtlesim/turtlesim/srv/detail/teleport_relative__struct.h
[20.790s] -- Installing: /home/humberto/ros2_ws/install/turtlesim/include/turtlesim/turtlesim/srv/detail/set_pen__type_support.h
[20.790s] -- Installing: /home/humberto/ros2_ws/install/turtlesim/include/turtlesim/turtlesim/srv/detail/spawn__type_support.h
[20.790s] -- Installing: /home/humberto/ros2_ws/install/turtlesim/include/turtlesim/turtlesim/srv/detail/teleport_absolute__struct.h
[20.790s] -- Installing: /home/humberto/ros2_ws/install/turtlesim/include/turtlesim/turtlesim/srv/detail/teleport_absolute__type_support.h
[20.790s] -- Installing: /home/humberto/ros2_ws/install/turtlesim/include/turtlesim/turtlesim/srv/detail/kill__functions.h
[20.790s] -- Installing: /home/humberto/ros2_ws/install/turtlesim/include/turtlesim/turtlesim/srv/detail/teleport_relative__functions.h
[20.790s] -- Installing: /home/humberto/ros2_ws/install/turtlesim/include/turtlesim/turtlesim/srv/detail/teleport_relative__type_support.h
[20.790s] -- Installing: /home/humberto/ros2_ws/install/turtlesim/include/turtlesim/turtlesim/srv/detail/teleport_relative__functions.c
[20.790s] -- Installing: /home/humberto/ros2_ws/install/turtlesim/include/turtlesim/turtlesim/srv/teleport_absolute.h
[20.790s] -- Installing: /home/humberto/ros2_ws/install/turtlesim/include/turtlesim/turtlesim/srv/kill.h
[20.791s] -- Installing: /home/humberto/ros2_ws/install/turtlesim/include/turtlesim/turtlesim/srv/spawn.h
[20.791s] -- Installing: /home/humberto/ros2_ws/install/turtlesim/include/turtlesim/turtlesim/srv/teleport_relative.h
[20.791s] -- Installing: /home/humberto/ros2_ws/install/turtlesim/include/turtlesim/turtlesim/srv/set_pen.h
[20.791s] -- Installing: /home/humberto/ros2_ws/install/turtlesim/include/turtlesim/turtlesim/action
[20.791s] -- Installing: /home/humberto/ros2_ws/install/turtlesim/include/turtlesim/turtlesim/action/detail
[20.791s] -- Installing: /home/humberto/ros2_ws/install/turtlesim/include/turtlesim/turtlesim/action/detail/rotate_absolute__functions.h
[20.791s] -- Installing: /home/humberto/ros2_ws/install/turtlesim/include/turtlesim/turtlesim/action/detail/rotate_absolute__type_support.h
[20.791s] -- Installing: /home/humberto/ros2_ws/install/turtlesim/include/turtlesim/turtlesim/action/detail/rotate_absolute__functions.c
[20.791s] -- Installing: /home/humberto/ros2_ws/install/turtlesim/include/turtlesim/turtlesim/action/detail/rotate_absolute__struct.h
[20.791s] -- Installing: /home/humberto/ros2_ws/install/turtlesim/include/turtlesim/turtlesim/action/rotate_absolute.h
[20.791s] -- Installing: /home/humberto/ros2_ws/install/turtlesim/share/turtlesim/environment/library_path.sh
[20.791s] -- Installing: /home/humberto/ros2_ws/install/turtlesim/share/turtlesim/environment/library_path.dsv
[20.791s] -- Installing: /home/humberto/ros2_ws/install/turtlesim/lib/libturtlesim__rosidl_generator_c.so
[20.792s] -- Set runtime path of "/home/humberto/ros2_ws/install/turtlesim/lib/libturtlesim__rosidl_generator_c.so" to ""
[20.792s] -- Up-to-date: /home/humberto/ros2_ws/install/turtlesim/include/turtlesim/turtlesim
[20.792s] -- Up-to-date: /home/humberto/ros2_ws/install/turtlesim/include/turtlesim/turtlesim/msg
[20.792s] -- Installing: /home/humberto/ros2_ws/install/turtlesim/include/turtlesim/turtlesim/msg/rosidl_typesupport_fastrtps_c__visibility_control.h
[20.792s] -- Up-to-date: /home/humberto/ros2_ws/install/turtlesim/include/turtlesim/turtlesim/msg/detail
[20.792s] -- Installing: /home/humberto/ros2_ws/install/turtlesim/include/turtlesim/turtlesim/msg/detail/color__rosidl_typesupport_fastrtps_c.h
[20.792s] -- Installing: /home/humberto/ros2_ws/install/turtlesim/include/turtlesim/turtlesim/msg/detail/pose__rosidl_typesupport_fastrtps_c.h
[20.792s] -- Up-to-date: /home/humberto/ros2_ws/install/turtlesim/include/turtlesim/turtlesim/srv
[20.792s] -- Up-to-date: /home/humberto/ros2_ws/install/turtlesim/include/turtlesim/turtlesim/srv/detail
[20.792s] -- Installing: /home/humberto/ros2_ws/install/turtlesim/include/turtlesim/turtlesim/srv/detail/teleport_relative__rosidl_typesupport_fastrtps_c.h
[20.792s] -- Installing: /home/humberto/ros2_ws/install/turtlesim/include/turtlesim/turtlesim/srv/detail/spawn__rosidl_typesupport_fastrtps_c.h
[20.792s] -- Installing: /home/humberto/ros2_ws/install/turtlesim/include/turtlesim/turtlesim/srv/detail/kill__rosidl_typesupport_fastrtps_c.h
[20.792s] -- Installing: /home/humberto/ros2_ws/install/turtlesim/include/turtlesim/turtlesim/srv/detail/set_pen__rosidl_typesupport_fastrtps_c.h
[20.792s] -- Installing: /home/humberto/ros2_ws/install/turtlesim/include/turtlesim/turtlesim/srv/detail/teleport_absolute__rosidl_typesupport_fastrtps_c.h
[20.792s] -- Up-to-date: /home/humberto/ros2_ws/install/turtlesim/include/turtlesim/turtlesim/action
[20.792s] -- Up-to-date: /home/humberto/ros2_ws/install/turtlesim/include/turtlesim/turtlesim/action/detail
[20.792s] -- Installing: /home/humberto/ros2_ws/install/turtlesim/include/turtlesim/turtlesim/action/detail/rotate_absolute__rosidl_typesupport_fastrtps_c.h
[20.793s] -- Installing: /home/humberto/ros2_ws/install/turtlesim/lib/libturtlesim__rosidl_typesupport_fastrtps_c.so
[20.793s] -- Set runtime path of "/home/humberto/ros2_ws/install/turtlesim/lib/libturtlesim__rosidl_typesupport_fastrtps_c.so" to ""
[20.793s] -- Up-to-date: /home/humberto/ros2_ws/install/turtlesim/include/turtlesim/turtlesim
[20.793s] -- Up-to-date: /home/humberto/ros2_ws/install/turtlesim/include/turtlesim/turtlesim/msg
[20.793s] -- Up-to-date: /home/humberto/ros2_ws/install/turtlesim/include/turtlesim/turtlesim/msg/detail
[20.793s] -- Installing: /home/humberto/ros2_ws/install/turtlesim/include/turtlesim/turtlesim/msg/detail/color__traits.hpp
[20.793s] -- Installing: /home/humberto/ros2_ws/install/turtlesim/include/turtlesim/turtlesim/msg/detail/pose__struct.hpp
[20.793s] -- Installing: /home/humberto/ros2_ws/install/turtlesim/include/turtlesim/turtlesim/msg/detail/color__struct.hpp
[20.793s] -- Installing: /home/humberto/ros2_ws/install/turtlesim/include/turtlesim/turtlesim/msg/detail/color__type_support.hpp
[20.793s] -- Installing: /home/humberto/ros2_ws/install/turtlesim/include/turtlesim/turtlesim/msg/detail/pose__builder.hpp
[20.793s] -- Installing: /home/humberto/ros2_ws/install/turtlesim/include/turtlesim/turtlesim/msg/detail/pose__type_support.hpp
[20.793s] -- Installing: /home/humberto/ros2_ws/install/turtlesim/include/turtlesim/turtlesim/msg/detail/color__builder.hpp
[20.793s] -- Installing: /home/humberto/ros2_ws/install/turtlesim/include/turtlesim/turtlesim/msg/detail/pose__traits.hpp
[20.793s] -- Installing: /home/humberto/ros2_ws/install/turtlesim/include/turtlesim/turtlesim/msg/rosidl_generator_cpp__visibility_control.hpp
[20.793s] -- Installing: /home/humberto/ros2_ws/install/turtlesim/include/turtlesim/turtlesim/msg/pose.hpp
[20.793s] -- Installing: /home/humberto/ros2_ws/install/turtlesim/include/turtlesim/turtlesim/msg/color.hpp
[20.793s] -- Up-to-date: /home/humberto/ros2_ws/install/turtlesim/include/turtlesim/turtlesim/srv
[20.794s] -- Installing: /home/humberto/ros2_ws/install/turtlesim/include/turtlesim/turtlesim/srv/kill.hpp
[20.794s] -- Installing: /home/humberto/ros2_ws/install/turtlesim/include/turtlesim/turtlesim/srv/set_pen.hpp
[20.794s] -- Installing: /home/humberto/ros2_ws/install/turtlesim/include/turtlesim/turtlesim/srv/teleport_absolute.hpp
[20.794s] -- Up-to-date: /home/humberto/ros2_ws/install/turtlesim/include/turtlesim/turtlesim/srv/detail
[20.794s] -- Installing: /home/humberto/ros2_ws/install/turtlesim/include/turtlesim/turtlesim/srv/detail/teleport_relative__type_support.hpp
[20.794s] -- Installing: /home/humberto/ros2_ws/install/turtlesim/include/turtlesim/turtlesim/srv/detail/spawn__builder.hpp
[20.794s] -- Installing: /home/humberto/ros2_ws/install/turtlesim/include/turtlesim/turtlesim/srv/detail/spawn__traits.hpp
[20.794s] -- Installing: /home/humberto/ros2_ws/install/turtlesim/include/turtlesim/turtlesim/srv/detail/teleport_absolute__struct.hpp
[20.794s] -- Installing: /home/humberto/ros2_ws/install/turtlesim/include/turtlesim/turtlesim/srv/detail/set_pen__builder.hpp
[20.794s] -- Installing: /home/humberto/ros2_ws/install/turtlesim/include/turtlesim/turtlesim/srv/detail/teleport_relative__struct.hpp
[20.794s] -- Installing: /home/humberto/ros2_ws/install/turtlesim/include/turtlesim/turtlesim/srv/detail/spawn__struct.hpp
[20.794s] -- Installing: /home/humberto/ros2_ws/install/turtlesim/include/turtlesim/turtlesim/srv/detail/teleport_relative__traits.hpp
[20.794s] -- Installing: /home/humberto/ros2_ws/install/turtlesim/include/turtlesim/turtlesim/srv/detail/kill__builder.hpp
[20.794s] -- Installing: /home/humberto/ros2_ws/install/turtlesim/include/turtlesim/turtlesim/srv/detail/kill__type_support.hpp
[20.794s] -- Installing: /home/humberto/ros2_ws/install/turtlesim/include/turtlesim/turtlesim/srv/detail/teleport_relative__builder.hpp
[20.794s] -- Installing: /home/humberto/ros2_ws/install/turtlesim/include/turtlesim/turtlesim/srv/detail/teleport_absolute__traits.hpp
[20.794s] -- Installing: /home/humberto/ros2_ws/install/turtlesim/include/turtlesim/turtlesim/srv/detail/set_pen__traits.hpp
[20.794s] -- Installing: /home/humberto/ros2_ws/install/turtlesim/include/turtlesim/turtlesim/srv/detail/teleport_absolute__type_support.hpp
[20.795s] -- Installing: /home/humberto/ros2_ws/install/turtlesim/include/turtlesim/turtlesim/srv/detail/kill__traits.hpp
[20.795s] -- Installing: /home/humberto/ros2_ws/install/turtlesim/include/turtlesim/turtlesim/srv/detail/set_pen__type_support.hpp
[20.795s] -- Installing: /home/humberto/ros2_ws/install/turtlesim/include/turtlesim/turtlesim/srv/detail/set_pen__struct.hpp
[20.795s] -- Installing: /home/humberto/ros2_ws/install/turtlesim/include/turtlesim/turtlesim/srv/detail/kill__struct.hpp
[20.795s] -- Installing: /home/humberto/ros2_ws/install/turtlesim/include/turtlesim/turtlesim/srv/detail/spawn__type_support.hpp
[20.795s] -- Installing: /home/humberto/ros2_ws/install/turtlesim/include/turtlesim/turtlesim/srv/detail/teleport_absolute__builder.hpp
[20.795s] -- Installing: /home/humberto/ros2_ws/install/turtlesim/include/turtlesim/turtlesim/srv/spawn.hpp
[20.795s] -- Installing: /home/humberto/ros2_ws/install/turtlesim/include/turtlesim/turtlesim/srv/teleport_relative.hpp
[20.795s] -- Up-to-date: /home/humberto/ros2_ws/install/turtlesim/include/turtlesim/turtlesim/action
[20.795s] -- Up-to-date: /home/humberto/ros2_ws/install/turtlesim/include/turtlesim/turtlesim/action/detail
[20.795s] -- Installing: /home/humberto/ros2_ws/install/turtlesim/include/turtlesim/turtlesim/action/detail/rotate_absolute__type_support.hpp
[20.795s] -- Installing: /home/humberto/ros2_ws/install/turtlesim/include/turtlesim/turtlesim/action/detail/rotate_absolute__struct.hpp
[20.795s] -- Installing: /home/humberto/ros2_ws/install/turtlesim/include/turtlesim/turtlesim/action/detail/rotate_absolute__traits.hpp
[20.795s] -- Installing: /home/humberto/ros2_ws/install/turtlesim/include/turtlesim/turtlesim/action/detail/rotate_absolute__builder.hpp
[20.795s] -- Installing: /home/humberto/ros2_ws/install/turtlesim/include/turtlesim/turtlesim/action/rotate_absolute.hpp
[20.795s] -- Up-to-date: /home/humberto/ros2_ws/install/turtlesim/include/turtlesim/turtlesim
[20.795s] -- Up-to-date: /home/humberto/ros2_ws/install/turtlesim/include/turtlesim/turtlesim/msg
[20.796s] -- Installing: /home/humberto/ros2_ws/install/turtlesim/include/turtlesim/turtlesim/msg/rosidl_typesupport_fastrtps_cpp__visibility_control.h
[20.796s] -- Up-to-date: /home/humberto/ros2_ws/install/turtlesim/include/turtlesim/turtlesim/msg/detail
[20.796s] -- Installing: /home/humberto/ros2_ws/install/turtlesim/include/turtlesim/turtlesim/msg/detail/color__rosidl_typesupport_fastrtps_cpp.hpp
[20.796s] -- Installing: /home/humberto/ros2_ws/install/turtlesim/include/turtlesim/turtlesim/msg/detail/pose__rosidl_typesupport_fastrtps_cpp.hpp
[20.796s] -- Installing: /home/humberto/ros2_ws/install/turtlesim/include/turtlesim/turtlesim/msg/detail/dds_fastrtps
[20.796s] -- Up-to-date: /home/humberto/ros2_ws/install/turtlesim/include/turtlesim/turtlesim/srv
[20.796s] -- Up-to-date: /home/humberto/ros2_ws/install/turtlesim/include/turtlesim/turtlesim/srv/detail
[20.796s] -- Installing: /home/humberto/ros2_ws/install/turtlesim/include/turtlesim/turtlesim/srv/detail/teleport_relative__rosidl_typesupport_fastrtps_cpp.hpp
[20.796s] -- Installing: /home/humberto/ros2_ws/install/turtlesim/include/turtlesim/turtlesim/srv/detail/set_pen__rosidl_typesupport_fastrtps_cpp.hpp
[20.796s] -- Installing: /home/humberto/ros2_ws/install/turtlesim/include/turtlesim/turtlesim/srv/detail/spawn__rosidl_typesupport_fastrtps_cpp.hpp
[20.796s] -- Installing: /home/humberto/ros2_ws/install/turtlesim/include/turtlesim/turtlesim/srv/detail/teleport_absolute__rosidl_typesupport_fastrtps_cpp.hpp
[20.796s] -- Installing: /home/humberto/ros2_ws/install/turtlesim/include/turtlesim/turtlesim/srv/detail/dds_fastrtps
[20.796s] -- Installing: /home/humberto/ros2_ws/install/turtlesim/include/turtlesim/turtlesim/srv/detail/kill__rosidl_typesupport_fastrtps_cpp.hpp
[20.796s] -- Up-to-date: /home/humberto/ros2_ws/install/turtlesim/include/turtlesim/turtlesim/action
[20.796s] -- Up-to-date: /home/humberto/ros2_ws/install/turtlesim/include/turtlesim/turtlesim/action/detail
[20.796s] -- Installing: /home/humberto/ros2_ws/install/turtlesim/include/turtlesim/turtlesim/action/detail/rotate_absolute__rosidl_typesupport_fastrtps_cpp.hpp
[20.797s] -- Installing: /home/humberto/ros2_ws/install/turtlesim/include/turtlesim/turtlesim/action/detail/dds_fastrtps
[20.797s] -- Installing: /home/humberto/ros2_ws/install/turtlesim/lib/libturtlesim__rosidl_typesupport_fastrtps_cpp.so
[20.797s] -- Set runtime path of "/home/humberto/ros2_ws/install/turtlesim/lib/libturtlesim__rosidl_typesupport_fastrtps_cpp.so" to ""
[20.797s] -- Up-to-date: /home/humberto/ros2_ws/install/turtlesim/include/turtlesim/turtlesim
[20.797s] -- Up-to-date: /home/humberto/ros2_ws/install/turtlesim/include/turtlesim/turtlesim/msg
[20.797s] -- Up-to-date: /home/humberto/ros2_ws/install/turtlesim/include/turtlesim/turtlesim/msg/detail
[20.797s] -- Installing: /home/humberto/ros2_ws/install/turtlesim/include/turtlesim/turtlesim/msg/detail/color__rosidl_typesupport_introspection_c.h
[20.797s] -- Installing: /home/humberto/ros2_ws/install/turtlesim/include/turtlesim/turtlesim/msg/detail/pose__rosidl_typesupport_introspection_c.h
[20.797s] -- Installing: /home/humberto/ros2_ws/install/turtlesim/include/turtlesim/turtlesim/msg/detail/color__type_support.c
[20.797s] -- Installing: /home/humberto/ros2_ws/install/turtlesim/include/turtlesim/turtlesim/msg/detail/pose__type_support.c
[20.797s] -- Installing: /home/humberto/ros2_ws/install/turtlesim/include/turtlesim/turtlesim/msg/rosidl_typesupport_introspection_c__visibility_control.h
[20.797s] -- Up-to-date: /home/humberto/ros2_ws/install/turtlesim/include/turtlesim/turtlesim/srv
[20.797s] -- Up-to-date: /home/humberto/ros2_ws/install/turtlesim/include/turtlesim/turtlesim/srv/detail
[20.797s] -- Installing: /home/humberto/ros2_ws/install/turtlesim/include/turtlesim/turtlesim/srv/detail/teleport_relative__type_support.c
[20.797s] -- Installing: /home/humberto/ros2_ws/install/turtlesim/include/turtlesim/turtlesim/srv/detail/teleport_relative__rosidl_typesupport_introspection_c.h
[20.797s] -- Installing: /home/humberto/ros2_ws/install/turtlesim/include/turtlesim/turtlesim/srv/detail/teleport_absolute__type_support.c
[20.797s] -- Installing: /home/humberto/ros2_ws/install/turtlesim/include/turtlesim/turtlesim/srv/detail/teleport_absolute__rosidl_typesupport_introspection_c.h
[20.798s] -- Installing: /home/humberto/ros2_ws/install/turtlesim/include/turtlesim/turtlesim/srv/detail/kill__rosidl_typesupport_introspection_c.h
[20.798s] -- Installing: /home/humberto/ros2_ws/install/turtlesim/include/turtlesim/turtlesim/srv/detail/spawn__rosidl_typesupport_introspection_c.h
[20.798s] -- Installing: /home/humberto/ros2_ws/install/turtlesim/include/turtlesim/turtlesim/srv/detail/spawn__type_support.c
[20.798s] -- Installing: /home/humberto/ros2_ws/install/turtlesim/include/turtlesim/turtlesim/srv/detail/set_pen__rosidl_typesupport_introspection_c.h
[20.798s] -- Installing: /home/humberto/ros2_ws/install/turtlesim/include/turtlesim/turtlesim/srv/detail/set_pen__type_support.c
[20.798s] -- Installing: /home/humberto/ros2_ws/install/turtlesim/include/turtlesim/turtlesim/srv/detail/kill__type_support.c
[20.798s] -- Up-to-date: /home/humberto/ros2_ws/install/turtlesim/include/turtlesim/turtlesim/action
[20.798s] -- Up-to-date: /home/humberto/ros2_ws/install/turtlesim/include/turtlesim/turtlesim/action/detail
[20.798s] -- Installing: /home/humberto/ros2_ws/install/turtlesim/include/turtlesim/turtlesim/action/detail/rotate_absolute__type_support.c
[20.798s] -- Installing: /home/humberto/ros2_ws/install/turtlesim/include/turtlesim/turtlesim/action/detail/rotate_absolute__rosidl_typesupport_introspection_c.h
[20.798s] -- Installing: /home/humberto/ros2_ws/install/turtlesim/lib/libturtlesim__rosidl_typesupport_introspection_c.so
[20.798s] -- Set runtime path of "/home/humberto/ros2_ws/install/turtlesim/lib/libturtlesim__rosidl_typesupport_introspection_c.so" to ""
[20.798s] -- Installing: /home/humberto/ros2_ws/install/turtlesim/lib/libturtlesim__rosidl_typesupport_c.so
[20.799s] -- Set runtime path of "/home/humberto/ros2_ws/install/turtlesim/lib/libturtlesim__rosidl_typesupport_c.so" to ""
[20.799s] -- Up-to-date: /home/humberto/ros2_ws/install/turtlesim/include/turtlesim/turtlesim
[20.799s] -- Up-to-date: /home/humberto/ros2_ws/install/turtlesim/include/turtlesim/turtlesim/msg
[20.799s] -- Up-to-date: /home/humberto/ros2_ws/install/turtlesim/include/turtlesim/turtlesim/msg/detail
[20.799s] -- Installing: /home/humberto/ros2_ws/install/turtlesim/include/turtlesim/turtlesim/msg/detail/color__rosidl_typesupport_introspection_cpp.hpp
[20.799s] -- Installing: /home/humberto/ros2_ws/install/turtlesim/include/turtlesim/turtlesim/msg/detail/pose__type_support.cpp
[20.799s] -- Installing: /home/humberto/ros2_ws/install/turtlesim/include/turtlesim/turtlesim/msg/detail/pose__rosidl_typesupport_introspection_cpp.hpp
[20.799s] -- Installing: /home/humberto/ros2_ws/install/turtlesim/include/turtlesim/turtlesim/msg/detail/color__type_support.cpp
[20.799s] -- Up-to-date: /home/humberto/ros2_ws/install/turtlesim/include/turtlesim/turtlesim/srv
[20.799s] -- Up-to-date: /home/humberto/ros2_ws/install/turtlesim/include/turtlesim/turtlesim/srv/detail
[20.799s] -- Installing: /home/humberto/ros2_ws/install/turtlesim/include/turtlesim/turtlesim/srv/detail/teleport_relative__type_support.cpp
[20.799s] -- Installing: /home/humberto/ros2_ws/install/turtlesim/include/turtlesim/turtlesim/srv/detail/spawn__rosidl_typesupport_introspection_cpp.hpp
[20.799s] -- Installing: /home/humberto/ros2_ws/install/turtlesim/include/turtlesim/turtlesim/srv/detail/spawn__type_support.cpp
[20.799s] -- Installing: /home/humberto/ros2_ws/install/turtlesim/include/turtlesim/turtlesim/srv/detail/teleport_relative__rosidl_typesupport_introspection_cpp.hpp
[20.799s] -- Installing: /home/humberto/ros2_ws/install/turtlesim/include/turtlesim/turtlesim/srv/detail/kill__rosidl_typesupport_introspection_cpp.hpp
[20.799s] -- Installing: /home/humberto/ros2_ws/install/turtlesim/include/turtlesim/turtlesim/srv/detail/kill__type_support.cpp
[20.799s] -- Installing: /home/humberto/ros2_ws/install/turtlesim/include/turtlesim/turtlesim/srv/detail/set_pen__type_support.cpp
[20.799s] -- Installing: /home/humberto/ros2_ws/install/turtlesim/include/turtlesim/turtlesim/srv/detail/set_pen__rosidl_typesupport_introspection_cpp.hpp
[20.800s] -- Installing: /home/humberto/ros2_ws/install/turtlesim/include/turtlesim/turtlesim/srv/detail/teleport_absolute__rosidl_typesupport_introspection_cpp.hpp
[20.800s] -- Installing: /home/humberto/ros2_ws/install/turtlesim/include/turtlesim/turtlesim/srv/detail/teleport_absolute__type_support.cpp
[20.800s] -- Up-to-date: /home/humberto/ros2_ws/install/turtlesim/include/turtlesim/turtlesim/action
[20.800s] -- Up-to-date: /home/humberto/ros2_ws/install/turtlesim/include/turtlesim/turtlesim/action/detail
[20.800s] -- Installing: /home/humberto/ros2_ws/install/turtlesim/include/turtlesim/turtlesim/action/detail/rotate_absolute__type_support.cpp
[20.800s] -- Installing: /home/humberto/ros2_ws/install/turtlesim/include/turtlesim/turtlesim/action/detail/rotate_absolute__rosidl_typesupport_introspection_cpp.hpp
[20.800s] -- Installing: /home/humberto/ros2_ws/install/turtlesim/lib/libturtlesim__rosidl_typesupport_introspection_cpp.so
[20.800s] -- Set runtime path of "/home/humberto/ros2_ws/install/turtlesim/lib/libturtlesim__rosidl_typesupport_introspection_cpp.so" to ""
[20.800s] -- Installing: /home/humberto/ros2_ws/install/turtlesim/lib/libturtlesim__rosidl_typesupport_cpp.so
[20.800s] -- Set runtime path of "/home/humberto/ros2_ws/install/turtlesim/lib/libturtlesim__rosidl_typesupport_cpp.so" to ""
[20.801s] -- Installing: /home/humberto/ros2_ws/install/turtlesim/share/turtlesim/environment/pythonpath.sh
[20.801s] -- Installing: /home/humberto/ros2_ws/install/turtlesim/share/turtlesim/environment/pythonpath.dsv
[20.801s] -- Installing: /home/humberto/ros2_ws/install/turtlesim/local/lib/python3.10/dist-packages/turtlesim-1.4.2-py3.10.egg-info
[20.801s] -- Installing: /home/humberto/ros2_ws/install/turtlesim/local/lib/python3.10/dist-packages/turtlesim-1.4.2-py3.10.egg-info/SOURCES.txt
[20.801s] -- Installing: /home/humberto/ros2_ws/install/turtlesim/local/lib/python3.10/dist-packages/turtlesim-1.4.2-py3.10.egg-info/dependency_links.txt
[20.801s] -- Installing: /home/humberto/ros2_ws/install/turtlesim/local/lib/python3.10/dist-packages/turtlesim-1.4.2-py3.10.egg-info/top_level.txt
[20.801s] -- Installing: /home/humberto/ros2_ws/install/turtlesim/local/lib/python3.10/dist-packages/turtlesim-1.4.2-py3.10.egg-info/PKG-INFO
[20.801s] -- Installing: /home/humberto/ros2_ws/install/turtlesim/local/lib/python3.10/dist-packages/turtlesim
[20.801s] -- Installing: /home/humberto/ros2_ws/install/turtlesim/local/lib/python3.10/dist-packages/turtlesim/_turtlesim_s.ep.rosidl_typesupport_fastrtps_c.c
[20.801s] -- Installing: /home/humberto/ros2_ws/install/turtlesim/local/lib/python3.10/dist-packages/turtlesim/turtlesim_s__rosidl_typesupport_fastrtps_c.cpython-310-x86_64-linux-gnu.so
[20.801s] -- Installing: /home/humberto/ros2_ws/install/turtlesim/local/lib/python3.10/dist-packages/turtlesim/msg
[20.801s] -- Installing: /home/humberto/ros2_ws/install/turtlesim/local/lib/python3.10/dist-packages/turtlesim/msg/_color_s.c
[20.801s] -- Installing: /home/humberto/ros2_ws/install/turtlesim/local/lib/python3.10/dist-packages/turtlesim/msg/_pose.py
[20.801s] -- Installing: /home/humberto/ros2_ws/install/turtlesim/local/lib/python3.10/dist-packages/turtlesim/msg/__init__.py
[20.802s] -- Installing: /home/humberto/ros2_ws/install/turtlesim/local/lib/python3.10/dist-packages/turtlesim/msg/_pose_s.c
[20.802s] -- Installing: /home/humberto/ros2_ws/install/turtlesim/local/lib/python3.10/dist-packages/turtlesim/msg/_color.py
[20.802s] -- Installing: /home/humberto/ros2_ws/install/turtlesim/local/lib/python3.10/dist-packages/turtlesim/turtlesim_s__rosidl_typesupport_introspection_c.cpython-310-x86_64-linux-gnu.so
[20.802s] -- Installing: /home/humberto/ros2_ws/install/turtlesim/local/lib/python3.10/dist-packages/turtlesim/libturtlesim__rosidl_generator_py.so
[20.802s] -- Installing: /home/humberto/ros2_ws/install/turtlesim/local/lib/python3.10/dist-packages/turtlesim/srv
[20.802s] -- Installing: /home/humberto/ros2_ws/install/turtlesim/local/lib/python3.10/dist-packages/turtlesim/srv/_teleport_absolute.py
[20.802s] -- Installing: /home/humberto/ros2_ws/install/turtlesim/local/lib/python3.10/dist-packages/turtlesim/srv/_kill.py
[20.802s] -- Installing: /home/humberto/ros2_ws/install/turtlesim/local/lib/python3.10/dist-packages/turtlesim/srv/_teleport_relative.py
[20.802s] -- Installing: /home/humberto/ros2_ws/install/turtlesim/local/lib/python3.10/dist-packages/turtlesim/srv/_teleport_absolute_s.c
[20.802s] -- Installing: /home/humberto/ros2_ws/install/turtlesim/local/lib/python3.10/dist-packages/turtlesim/srv/_set_pen_s.c
[20.802s] -- Installing: /home/humberto/ros2_ws/install/turtlesim/local/lib/python3.10/dist-packages/turtlesim/srv/_spawn.py
[20.802s] -- Installing: /home/humberto/ros2_ws/install/turtlesim/local/lib/python3.10/dist-packages/turtlesim/srv/_teleport_relative_s.c
[20.802s] -- Installing: /home/humberto/ros2_ws/install/turtlesim/local/lib/python3.10/dist-packages/turtlesim/srv/_set_pen.py
[20.802s] -- Installing: /home/humberto/ros2_ws/install/turtlesim/local/lib/python3.10/dist-packages/turtlesim/srv/__init__.py
[20.802s] -- Installing: /home/humberto/ros2_ws/install/turtlesim/local/lib/python3.10/dist-packages/turtlesim/srv/_spawn_s.c
[20.803s] -- Installing: /home/humberto/ros2_ws/install/turtlesim/local/lib/python3.10/dist-packages/turtlesim/srv/_kill_s.c
[20.803s] -- Installing: /home/humberto/ros2_ws/install/turtlesim/local/lib/python3.10/dist-packages/turtlesim/__init__.py
[20.803s] -- Installing: /home/humberto/ros2_ws/install/turtlesim/local/lib/python3.10/dist-packages/turtlesim/action
[20.803s] -- Installing: /home/humberto/ros2_ws/install/turtlesim/local/lib/python3.10/dist-packages/turtlesim/action/_rotate_absolute.py
[20.803s] -- Installing: /home/humberto/ros2_ws/install/turtlesim/local/lib/python3.10/dist-packages/turtlesim/action/_rotate_absolute_s.c
[20.803s] -- Installing: /home/humberto/ros2_ws/install/turtlesim/local/lib/python3.10/dist-packages/turtlesim/action/__init__.py
[20.803s] -- Installing: /home/humberto/ros2_ws/install/turtlesim/local/lib/python3.10/dist-packages/turtlesim/_turtlesim_s.ep.rosidl_typesupport_c.c
[20.803s] -- Installing: /home/humberto/ros2_ws/install/turtlesim/local/lib/python3.10/dist-packages/turtlesim/_turtlesim_s.ep.rosidl_typesupport_introspection_c.c
[20.803s] -- Installing: /home/humberto/ros2_ws/install/turtlesim/local/lib/python3.10/dist-packages/turtlesim/turtlesim_s__rosidl_typesupport_c.cpython-310-x86_64-linux-gnu.so
[20.934s] Listing '/home/humberto/ros2_ws/install/turtlesim/local/lib/python3.10/dist-packages/turtlesim'...
[20.934s] Compiling '/home/humberto/ros2_ws/install/turtlesim/local/lib/python3.10/dist-packages/turtlesim/__init__.py'...
[20.934s] Listing '/home/humberto/ros2_ws/install/turtlesim/local/lib/python3.10/dist-packages/turtlesim/action'...
[20.934s] Compiling '/home/humberto/ros2_ws/install/turtlesim/local/lib/python3.10/dist-packages/turtlesim/action/__init__.py'...
[20.934s] Compiling '/home/humberto/ros2_ws/install/turtlesim/local/lib/python3.10/dist-packages/turtlesim/action/_rotate_absolute.py'...
[20.934s] Listing '/home/humberto/ros2_ws/install/turtlesim/local/lib/python3.10/dist-packages/turtlesim/msg'...
[20.934s] Compiling '/home/humberto/ros2_ws/install/turtlesim/local/lib/python3.10/dist-packages/turtlesim/msg/__init__.py'...
[20.934s] Compiling '/home/humberto/ros2_ws/install/turtlesim/local/lib/python3.10/dist-packages/turtlesim/msg/_color.py'...
[20.934s] Compiling '/home/humberto/ros2_ws/install/turtlesim/local/lib/python3.10/dist-packages/turtlesim/msg/_pose.py'...
[20.935s] Listing '/home/humberto/ros2_ws/install/turtlesim/local/lib/python3.10/dist-packages/turtlesim/srv'...
[20.935s] Compiling '/home/humberto/ros2_ws/install/turtlesim/local/lib/python3.10/dist-packages/turtlesim/srv/__init__.py'...
[20.935s] Compiling '/home/humberto/ros2_ws/install/turtlesim/local/lib/python3.10/dist-packages/turtlesim/srv/_kill.py'...
[20.935s] Compiling '/home/humberto/ros2_ws/install/turtlesim/local/lib/python3.10/dist-packages/turtlesim/srv/_set_pen.py'...
[20.935s] Compiling '/home/humberto/ros2_ws/install/turtlesim/local/lib/python3.10/dist-packages/turtlesim/srv/_spawn.py'...
[20.935s] Compiling '/home/humberto/ros2_ws/install/turtlesim/local/lib/python3.10/dist-packages/turtlesim/srv/_teleport_absolute.py'...
[20.935s] Compiling '/home/humberto/ros2_ws/install/turtlesim/local/lib/python3.10/dist-packages/turtlesim/srv/_teleport_relative.py'...
[20.938s] -- Installing: /home/humberto/ros2_ws/install/turtlesim/local/lib/python3.10/dist-packages/turtlesim/turtlesim_s__rosidl_typesupport_introspection_c.cpython-310-x86_64-linux-gnu.so
[20.938s] -- Set runtime path of "/home/humberto/ros2_ws/install/turtlesim/local/lib/python3.10/dist-packages/turtlesim/turtlesim_s__rosidl_typesupport_introspection_c.cpython-310-x86_64-linux-gnu.so" to ""
[20.938s] -- Installing: /home/humberto/ros2_ws/install/turtlesim/local/lib/python3.10/dist-packages/turtlesim/turtlesim_s__rosidl_typesupport_fastrtps_c.cpython-310-x86_64-linux-gnu.so
[20.939s] -- Set runtime path of "/home/humberto/ros2_ws/install/turtlesim/local/lib/python3.10/dist-packages/turtlesim/turtlesim_s__rosidl_typesupport_fastrtps_c.cpython-310-x86_64-linux-gnu.so" to ""
[20.939s] -- Installing: /home/humberto/ros2_ws/install/turtlesim/local/lib/python3.10/dist-packages/turtlesim/turtlesim_s__rosidl_typesupport_c.cpython-310-x86_64-linux-gnu.so
[20.939s] -- Set runtime path of "/home/humberto/ros2_ws/install/turtlesim/local/lib/python3.10/dist-packages/turtlesim/turtlesim_s__rosidl_typesupport_c.cpython-310-x86_64-linux-gnu.so" to ""
[20.939s] -- Installing: /home/humberto/ros2_ws/install/turtlesim/lib/libturtlesim__rosidl_generator_py.so
[20.939s] -- Set runtime path of "/home/humberto/ros2_ws/install/turtlesim/lib/libturtlesim__rosidl_generator_py.so" to ""
[20.939s] -- Installing: /home/humberto/ros2_ws/install/turtlesim/share/turtlesim/action/RotateAbsolute.idl
[20.940s] -- Installing: /home/humberto/ros2_ws/install/turtlesim/share/turtlesim/msg/Color.idl
[20.940s] -- Installing: /home/humberto/ros2_ws/install/turtlesim/share/turtlesim/msg/Pose.idl
[20.940s] -- Installing: /home/humberto/ros2_ws/install/turtlesim/share/turtlesim/srv/Kill.idl
[20.940s] -- Installing: /home/humberto/ros2_ws/install/turtlesim/share/turtlesim/srv/SetPen.idl
[20.940s] -- Installing: /home/humberto/ros2_ws/install/turtlesim/share/turtlesim/srv/Spawn.idl
[20.940s] -- Installing: /home/humberto/ros2_ws/install/turtlesim/share/turtlesim/srv/TeleportAbsolute.idl
[20.940s] -- Installing: /home/humberto/ros2_ws/install/turtlesim/share/turtlesim/srv/TeleportRelative.idl
[20.940s] -- Installing: /home/humberto/ros2_ws/install/turtlesim/share/turtlesim/action/RotateAbsolute.action
[20.940s] -- Installing: /home/humberto/ros2_ws/install/turtlesim/share/turtlesim/msg/Color.msg
[20.940s] -- Installing: /home/humberto/ros2_ws/install/turtlesim/share/turtlesim/msg/Pose.msg
[20.940s] -- Installing: /home/humberto/ros2_ws/install/turtlesim/share/turtlesim/srv/Kill.srv
[20.941s] -- Installing: /home/humberto/ros2_ws/install/turtlesim/share/turtlesim/srv/Kill_Request.msg
[20.941s] -- Installing: /home/humberto/ros2_ws/install/turtlesim/share/turtlesim/srv/Kill_Response.msg
[20.941s] -- Installing: /home/humberto/ros2_ws/install/turtlesim/share/turtlesim/srv/SetPen.srv
[20.941s] -- Installing: /home/humberto/ros2_ws/install/turtlesim/share/turtlesim/srv/SetPen_Request.msg
[20.941s] -- Installing: /home/humberto/ros2_ws/install/turtlesim/share/turtlesim/srv/SetPen_Response.msg
[20.941s] -- Installing: /home/humberto/ros2_ws/install/turtlesim/share/turtlesim/srv/Spawn.srv
[20.941s] -- Installing: /home/humberto/ros2_ws/install/turtlesim/share/turtlesim/srv/Spawn_Request.msg
[20.941s] -- Installing: /home/humberto/ros2_ws/install/turtlesim/share/turtlesim/srv/Spawn_Response.msg
[20.941s] -- Installing: /home/humberto/ros2_ws/install/turtlesim/share/turtlesim/srv/TeleportAbsolute.srv
[20.941s] -- Installing: /home/humberto/ros2_ws/install/turtlesim/share/turtlesim/srv/TeleportAbsolute_Request.msg
[20.941s] -- Installing: /home/humberto/ros2_ws/install/turtlesim/share/turtlesim/srv/TeleportAbsolute_Response.msg
[20.941s] -- Installing: /home/humberto/ros2_ws/install/turtlesim/share/turtlesim/srv/TeleportRelative.srv
[20.941s] -- Installing: /home/humberto/ros2_ws/install/turtlesim/share/turtlesim/srv/TeleportRelative_Request.msg
[20.942s] -- Installing: /home/humberto/ros2_ws/install/turtlesim/share/turtlesim/srv/TeleportRelative_Response.msg
[20.942s] -- Installing: /home/humberto/ros2_ws/install/turtlesim/lib/turtlesim/turtlesim_node
[20.947s] -- Set runtime path of "/home/humberto/ros2_ws/install/turtlesim/lib/turtlesim/turtlesim_node" to ""
[20.947s] -- Installing: /home/humberto/ros2_ws/install/turtlesim/lib/turtlesim/turtle_teleop_key
[20.948s] -- Set runtime path of "/home/humberto/ros2_ws/install/turtlesim/lib/turtlesim/turtle_teleop_key" to ""
[20.948s] -- Installing: /home/humberto/ros2_ws/install/turtlesim/lib/turtlesim/draw_square
[20.951s] -- Set runtime path of "/home/humberto/ros2_ws/install/turtlesim/lib/turtlesim/draw_square" to ""
[20.951s] -- Installing: /home/humberto/ros2_ws/install/turtlesim/lib/turtlesim/mimic
[20.953s] -- Set runtime path of "/home/humberto/ros2_ws/install/turtlesim/lib/turtlesim/mimic" to ""
[20.953s] -- Installing: /home/humberto/ros2_ws/install/turtlesim/share/turtlesim/images
[20.953s] -- Installing: /home/humberto/ros2_ws/install/turtlesim/share/turtlesim/images/humble.png
[20.953s] -- Installing: /home/humberto/ros2_ws/install/turtlesim/share/turtlesim/images/crystal.png
[20.953s] -- Installing: /home/humberto/ros2_ws/install/turtlesim/share/turtlesim/images/foxy.png
[20.953s] -- Installing: /home/humberto/ros2_ws/install/turtlesim/share/turtlesim/images/ardent.png
[20.953s] -- Installing: /home/humberto/ros2_ws/install/turtlesim/share/turtlesim/images/eloquent.png
[20.953s] -- Installing: /home/humberto/ros2_ws/install/turtlesim/share/turtlesim/images/galactic.png
[20.954s] -- Installing: /home/humberto/ros2_ws/install/turtlesim/share/turtlesim/images/dashing.png
[20.954s] -- Installing: /home/humberto/ros2_ws/install/turtlesim/share/turtlesim/images/rolling.png
[20.954s] -- Installing: /home/humberto/ros2_ws/install/turtlesim/share/turtlesim/images/bouncy.png
[20.954s] -- Installing: /home/humberto/ros2_ws/install/turtlesim/share/turtlesim/launch
[20.954s] -- Installing: /home/humberto/ros2_ws/install/turtlesim/share/turtlesim/launch/multisim.launch.py
[20.954s] -- Installing: /home/humberto/ros2_ws/install/turtlesim/share/ament_index/resource_index/package_run_dependencies/turtlesim
[20.954s] -- Installing: /home/humberto/ros2_ws/install/turtlesim/share/ament_index/resource_index/parent_prefix_path/turtlesim
[20.954s] -- Installing: /home/humberto/ros2_ws/install/turtlesim/share/turtlesim/environment/ament_prefix_path.sh
[20.954s] -- Installing: /home/humberto/ros2_ws/install/turtlesim/share/turtlesim/environment/ament_prefix_path.dsv
[20.954s] -- Installing: /home/humberto/ros2_ws/install/turtlesim/share/turtlesim/environment/path.sh
[20.954s] -- Installing: /home/humberto/ros2_ws/install/turtlesim/share/turtlesim/environment/path.dsv
[20.954s] -- Installing: /home/humberto/ros2_ws/install/turtlesim/share/turtlesim/local_setup.bash
[20.954s] -- Installing: /home/humberto/ros2_ws/install/turtlesim/share/turtlesim/local_setup.sh
[20.955s] -- Installing: /home/humberto/ros2_ws/install/turtlesim/share/turtlesim/local_setup.zsh
[20.955s] -- Installing: /home/humberto/ros2_ws/install/turtlesim/share/turtlesim/local_setup.dsv
[20.955s] -- Installing: /home/humberto/ros2_ws/install/turtlesim/share/turtlesim/package.dsv
[20.955s] -- Installing: /home/humberto/ros2_ws/install/turtlesim/share/ament_index/resource_index/packages/turtlesim
[20.955s] -- Installing: /home/humberto/ros2_ws/install/turtlesim/share/turtlesim/cmake/export_turtlesim__rosidl_generator_cExport.cmake
[20.955s] -- Installing: /home/humberto/ros2_ws/install/turtlesim/share/turtlesim/cmake/export_turtlesim__rosidl_generator_cExport-noconfig.cmake
[20.955s] -- Installing: /home/humberto/ros2_ws/install/turtlesim/share/turtlesim/cmake/export_turtlesim__rosidl_typesupport_fastrtps_cExport.cmake
[20.955s] -- Installing: /home/humberto/ros2_ws/install/turtlesim/share/turtlesim/cmake/export_turtlesim__rosidl_typesupport_fastrtps_cExport-noconfig.cmake
[20.955s] -- Installing: /home/humberto/ros2_ws/install/turtlesim/share/turtlesim/cmake/export_turtlesim__rosidl_generator_cppExport.cmake
[20.955s] -- Installing: /home/humberto/ros2_ws/install/turtlesim/share/turtlesim/cmake/export_turtlesim__rosidl_typesupport_fastrtps_cppExport.cmake
[20.955s] -- Installing: /home/humberto/ros2_ws/install/turtlesim/share/turtlesim/cmake/export_turtlesim__rosidl_typesupport_fastrtps_cppExport-noconfig.cmake
[20.956s] -- Installing: /home/humberto/ros2_ws/install/turtlesim/share/turtlesim/cmake/turtlesim__rosidl_typesupport_introspection_cExport.cmake
[20.956s] -- Installing: /home/humberto/ros2_ws/install/turtlesim/share/turtlesim/cmake/turtlesim__rosidl_typesupport_introspection_cExport-noconfig.cmake
[20.956s] -- Installing: /home/humberto/ros2_ws/install/turtlesim/share/turtlesim/cmake/turtlesim__rosidl_typesupport_cExport.cmake
[20.956s] -- Installing: /home/humberto/ros2_ws/install/turtlesim/share/turtlesim/cmake/turtlesim__rosidl_typesupport_cExport-noconfig.cmake
[20.956s] -- Installing: /home/humberto/ros2_ws/install/turtlesim/share/turtlesim/cmake/turtlesim__rosidl_typesupport_introspection_cppExport.cmake
[20.956s] -- Installing: /home/humberto/ros2_ws/install/turtlesim/share/turtlesim/cmake/turtlesim__rosidl_typesupport_introspection_cppExport-noconfig.cmake
[20.956s] -- Installing: /home/humberto/ros2_ws/install/turtlesim/share/turtlesim/cmake/turtlesim__rosidl_typesupport_cppExport.cmake
[20.956s] -- Installing: /home/humberto/ros2_ws/install/turtlesim/share/turtlesim/cmake/turtlesim__rosidl_typesupport_cppExport-noconfig.cmake
[20.956s] -- Installing: /home/humberto/ros2_ws/install/turtlesim/share/turtlesim/cmake/export_turtlesim__rosidl_generator_pyExport.cmake
[20.957s] -- Installing: /home/humberto/ros2_ws/install/turtlesim/share/turtlesim/cmake/export_turtlesim__rosidl_generator_pyExport-noconfig.cmake
[20.957s] -- Installing: /home/humberto/ros2_ws/install/turtlesim/share/turtlesim/cmake/rosidl_cmake-extras.cmake
[20.957s] -- Installing: /home/humberto/ros2_ws/install/turtlesim/share/turtlesim/cmake/ament_cmake_export_dependencies-extras.cmake
[20.957s] -- Installing: /home/humberto/ros2_ws/install/turtlesim/share/turtlesim/cmake/ament_cmake_export_include_directories-extras.cmake
[20.957s] -- Installing: /home/humberto/ros2_ws/install/turtlesim/share/turtlesim/cmake/ament_cmake_export_libraries-extras.cmake
[20.957s] -- Installing: /home/humberto/ros2_ws/install/turtlesim/share/turtlesim/cmake/ament_cmake_export_targets-extras.cmake
[20.957s] -- Installing: /home/humberto/ros2_ws/install/turtlesim/share/turtlesim/cmake/rosidl_cmake_export_typesupport_targets-extras.cmake
[20.957s] -- Installing: /home/humberto/ros2_ws/install/turtlesim/share/turtlesim/cmake/rosidl_cmake_export_typesupport_libraries-extras.cmake
[20.957s] -- Installing: /home/humberto/ros2_ws/install/turtlesim/share/turtlesim/cmake/turtlesimConfig.cmake
[20.957s] -- Installing: /home/humberto/ros2_ws/install/turtlesim/share/turtlesim/cmake/turtlesimConfig-version.cmake
[20.957s] -- Installing: /home/humberto/ros2_ws/install/turtlesim/share/turtlesim/package.xml
[20.959s] Invoked command in '/home/humberto/ros2_ws/build/turtlesim' returned '0': CMAKE_PREFIX_PATH=${CMAKE_PREFIX_PATH}:/home/humberto/ros2_humble/install/rqt_bag_plugins:/home/humberto/ros2_humble/install/rqt_bag:/home/humberto/ros2_humble/install/launch_testing_examples:/home/humberto/ros2_humble/install/ros2bag:/home/humberto/ros2_humble/install/tracetools_test:/home/humberto/ros2_humble/install/tracetools_launch:/home/humberto/ros2_humble/install/topic_monitor:/home/humberto/ros2_humble/install/tf2_tools:/home/humberto/ros2_humble/install/examples_tf2_py:/home/humberto/ros2_humble/install/tf2_ros_py:/home/humberto/ros2_humble/install/sros2:/home/humberto/ros2_humble/install/rqt_topic:/home/humberto/ros2_humble/install/rqt_srv:/home/humberto/ros2_humble/install/rqt_shell:/home/humberto/ros2_humble/install/rqt_service_caller:/home/humberto/ros2_humble/install/rqt_reconfigure:/home/humberto/ros2_humble/install/rqt_py_console:/home/humberto/ros2_humble/install/rqt_publisher:/home/humberto/ros2_humble/install/rqt_plot:/home/humberto/ros2_humble/install/rqt_action:/home/humberto/ros2_humble/install/rqt_msg:/home/humberto/ros2_humble/install/rqt_console:/home/humberto/ros2_humble/install/rqt:/home/humberto/ros2_humble/install/rqt_graph:/home/humberto/ros2_humble/install/rqt_gui_py:/home/humberto/ros2_humble/install/rqt_gui:/home/humberto/ros2_humble/install/ros2trace:/home/humberto/ros2_humble/install/ros2topic:/home/humberto/ros2_humble/install/ros2test:/home/humberto/ros2_humble/install/ros2component:/home/humberto/ros2_humble/install/ros2param:/home/humberto/ros2_humble/install/ros2lifecycle:/home/humberto/ros2_humble/install/ros2service:/home/humberto/ros2_humble/install/ros2run:/home/humberto/ros2_humble/install/ros2launch:/home/humberto/ros2_humble/install/ros2pkg:/home/humberto/ros2_humble/install/ros2node:/home/humberto/ros2_humble/install/ros2multicast:/home/humberto/ros2_humble/install/ros2interface:/home/humberto/ros2_humble/install/ros2doctor:/home/humberto/ros2_humble/install/ros2action:/home/humberto/ros2_humble/install/ros2cli:/home/humberto/ros2_humble/install/quality_of_service_demo_py:/home/humberto/ros2_humble/install/lifecycle_py:/home/humberto/ros2_humble/install/launch_testing_ros:/home/humberto/ros2_humble/install/launch_ros:/home/humberto/ros2_humble/install/examples_rclpy_pointcloud_publisher:/home/humberto/ros2_humble/install/examples_rclpy_minimal_subscriber:/home/humberto/ros2_humble/install/examples_rclpy_minimal_service:/home/humberto/ros2_humble/install/examples_rclpy_minimal_publisher:/home/humberto/ros2_humble/install/examples_rclpy_minimal_client:/home/humberto/ros2_humble/install/examples_rclpy_minimal_action_server:/home/humberto/ros2_humble/install/examples_rclpy_minimal_action_client:/home/humberto/ros2_humble/install/examples_rclpy_guard_conditions:/home/humberto/ros2_humble/install/examples_rclpy_executors:/home/humberto/ros2_humble/install/demo_nodes_py:/home/humberto/ros2_humble/install/camera_info_manager_py:/home/humberto/ros2_humble/install/action_tutorials_py:/home/humberto/ros2_humble/install/ament_uncrustify:/home/humberto/ros2_humble/install/tracetools_trace:/home/humberto/ros2_humble/install/tracetools_read:/home/humberto/ros2_humble/install/test_tracetools_launch:/home/humberto/ros2_humble/install/test_launch_ros:/home/humberto/ros2_humble/install/sensor_msgs_py:/home/humberto/ros2_humble/install/rpyutils:/home/humberto/ros2_humble/install/rosidl_runtime_py:/home/humberto/ros2_humble/install/rosidl_cli:/home/humberto/ros2_humble/install/launch_pytest:/home/humberto/ros2_humble/install/launch_testing:/home/humberto/ros2_humble/install/launch_yaml:/home/humberto/ros2_humble/install/launch_xml:/home/humberto/ros2_humble/install/launch:/home/humberto/ros2_humble/install/osrf_pycommon:/home/humberto/ros2_humble/install/domain_coordinator:/home/humberto/ros2_humble/install/ament_xmllint:/home/humberto/ros2_humble/install/ament_pyflakes:/home/humberto/ros2_humble/install/ament_pycodestyle:/home/humberto/ros2_humble/install/ament_pep257:/home/humberto/ros2_humble/install/ament_pclint:/home/humberto/ros2_humble/install/ament_package:/home/humberto/ros2_humble/install/ament_mypy:/home/humberto/ros2_humble/install/ament_lint_cmake:/home/humberto/ros2_humble/install/ament_flake8:/home/humberto/ros2_humble/install/ament_copyright:/home/humberto/ros2_humble/install/ament_lint:/home/humberto/ros2_humble/install/ament_index_python:/home/humberto/ros2_humble/install/ament_cpplint:/home/humberto/ros2_humble/install/ament_cppcheck:/home/humberto/ros2_humble/install/ament_clang_tidy:/home/humberto/ros2_humble/install/ament_clang_format /usr/bin/cmake --install /home/humberto/ros2_ws/build/turtlesim
